#
# There is insufficient memory for the Java Runtime Environment to continue.
# Native memory allocation (malloc) failed to allocate 1100976 bytes. Error detail: Chunk::new
# Possible reasons:
#   The system is out of physical RAM or swap space
#   This process is running with CompressedOops enabled, and the Java Heap may be blocking the growth of the native heap
# Possible solutions:
#   Reduce memory load on the system
#   Increase physical memory or swap space
#   Check if swap backing store is full
#   Decrease Java heap size (-Xmx/-Xms)
#   Decrease number of Java threads
#   Decrease Java thread stack sizes (-Xss)
#   Set larger code cache with -XX:ReservedCodeCacheSize=
#   JVM is running with Unscaled Compressed Oops mode in which the Java heap is
#     placed in the first 4GB address space. The Java Heap base address is the
#     maximum limit for the native heap growth. Please use -XX:HeapBaseMinAddress
#     to set the Java Heap base and to place the Java Heap above 4GB virtual address.
# This output file may be truncated or incomplete.
#
#  Out of Memory Error (arena.cpp:168), pid=23120, tid=17888
#
# JRE version: OpenJDK Runtime Environment Temurin-21.0.9+10 (21.0.9+10) (build 21.0.9+10-LTS)
# Java VM: OpenJDK 64-Bit Server VM Temurin-21.0.9+10 (21.0.9+10-LTS, mixed mode, sharing, tiered, compressed oops, compressed class ptrs, g1 gc, windows-amd64)
# No core dump will be written. Minidumps are not enabled by default on client versions of Windows
#

---------------  S U M M A R Y ------------

Command Line: --add-opens=java.base/java.lang=ALL-UNNAMED --add-opens=java.base/java.lang.invoke=ALL-UNNAMED --add-opens=java.base/java.util=ALL-UNNAMED --add-opens=java.prefs/java.util.prefs=ALL-UNNAMED --add-exports=jdk.compiler/com.sun.tools.javac.api=ALL-UNNAMED --add-exports=jdk.compiler/com.sun.tools.javac.util=ALL-UNNAMED --add-opens=java.base/java.util=ALL-UNNAMED --add-opens=java.prefs/java.util.prefs=ALL-UNNAMED --add-opens=java.base/java.nio.charset=ALL-UNNAMED --add-opens=java.base/java.net=ALL-UNNAMED --add-opens=java.base/java.util.concurrent=ALL-UNNAMED --add-opens=java.base/java.util.concurrent.atomic=ALL-UNNAMED --add-opens=java.xml/javax.xml.namespace=ALL-UNNAMED --add-opens=java.base/java.time=ALL-UNNAMED -XX:MaxMetaspaceSize=384m -XX:+HeapDumpOnOutOfMemoryError -Xms256m -Xmx512m -Dfile.encoding=UTF-8 -Duser.country=IN -Duser.language=en -Duser.variant -javaagent:C:\Users\engpr\.gradle\wrapper\dists\gradle-9.4.1-bin\arn2x92ynaizyzdaamcbpbhtj\gradle-9.4.1\lib\agents\gradle-instrumentation-agent-9.4.1.jar org.gradle.launcher.daemon.bootstrap.GradleDaemon 9.4.1

Host: AMD Ryzen 7 4700U with Radeon Graphics         , 8 cores, 7G,  Windows 11 , 64 bit Build 26100 (10.0.26100.8115)
Time: Tue Apr  7 21:15:59 2026 India Standard Time elapsed time: 17.103974 seconds (0d 0h 0m 17s)

---------------  T H R E A D  ---------------

Current thread (0x00000252b8acdb50):  JavaThread "C2 CompilerThread0" daemon [_thread_in_native, id=17888, stack(0x000000922bb00000,0x000000922bc00000) (1024K)]


Current CompileTask:
C2:17104 8025       4       java.io.ObjectOutputStream::writeClassDesc (60 bytes)

Stack: [0x000000922bb00000,0x000000922bc00000]
Native frames: (J=compiled Java code, j=interpreted, Vv=VM code, C=native code)
V  [jvm.dll+0x6d6e29]
V  [jvm.dll+0x8b4b76]
V  [jvm.dll+0x8b712e]
V  [jvm.dll+0x8b7813]
V  [jvm.dll+0x283d86]
V  [jvm.dll+0xc66ed]
V  [jvm.dll+0xc6c31]
V  [jvm.dll+0x3be501]
V  [jvm.dll+0x1e3b52]
V  [jvm.dll+0x24c0f3]
V  [jvm.dll+0x24b580]
V  [jvm.dll+0x1cb13e]
V  [jvm.dll+0x25b29d]
V  [jvm.dll+0x25982a]
V  [jvm.dll+0x3f7ea6]
V  [jvm.dll+0x85e9ad]
V  [jvm.dll+0x6d565d]
C  [ucrtbase.dll+0x37b0]
C  [KERNEL32.DLL+0x2e8d7]
C  [ntdll.dll+0x8c3fc]


---------------  P R O C E S S  ---------------

Threads class SMR info:
_java_thread_list=0x00000252d2d68f40, length=49, elements={
0x000002529dc11b50, 0x00000252b8ac90f0, 0x00000252b8ac9750, 0x00000252b8acbef0,
0x00000252b8acc8e0, 0x00000252b8accf40, 0x00000252b8ae18c0, 0x00000252b8acdb50,
0x00000252b8ace320, 0x00000252b8ade440, 0x00000252b8adfe80, 0x00000252b8ae1230,
0x00000252b8adf7f0, 0x00000252b8ae0ba0, 0x00000252b8adead0, 0x00000252d4251cd0,
0x00000252d424fc00, 0x00000252d424f570, 0x00000252d424e850, 0x00000252d424eee0,
0x00000252d4252360, 0x00000252d4250920, 0x00000252d4253710, 0x00000252d4250fb0,
0x00000252d42557e0, 0x00000252d4254ac0, 0x00000252d4253080, 0x00000252d4254430,
0x00000252d4255e70, 0x00000252d42529f0, 0x00000252d4255150, 0x00000252d3049db0,
0x00000252d3049720, 0x00000252d304a440, 0x00000252d304aad0, 0x00000252d304be80,
0x00000252d3049090, 0x00000252d304cba0, 0x00000252d304d230, 0x00000252d304c510,
0x00000252d304df50, 0x00000252d304d8c0, 0x00000252d304e5e0, 0x00000252d304b160,
0x00000252d304f300, 0x00000252d304f990, 0x00000252d304ec70, 0x00000252d3050020,
0x00000252d30506b0
}

Java Threads: ( => current thread )
  0x000002529dc11b50 JavaThread "main"                              [_thread_blocked, id=1184, stack(0x000000922ad00000,0x000000922ae00000) (1024K)]
  0x00000252b8ac90f0 JavaThread "Reference Handler"          daemon [_thread_blocked, id=13292, stack(0x000000922b500000,0x000000922b600000) (1024K)]
  0x00000252b8ac9750 JavaThread "Finalizer"                  daemon [_thread_blocked, id=29408, stack(0x000000922b600000,0x000000922b700000) (1024K)]
  0x00000252b8acbef0 JavaThread "Signal Dispatcher"          daemon [_thread_blocked, id=19108, stack(0x000000922b700000,0x000000922b800000) (1024K)]
  0x00000252b8acc8e0 JavaThread "Attach Listener"            daemon [_thread_blocked, id=14500, stack(0x000000922b800000,0x000000922b900000) (1024K)]
  0x00000252b8accf40 JavaThread "Service Thread"             daemon [_thread_blocked, id=25948, stack(0x000000922b900000,0x000000922ba00000) (1024K)]
  0x00000252b8ae18c0 JavaThread "Monitor Deflation Thread"   daemon [_thread_blocked, id=10352, stack(0x000000922ba00000,0x000000922bb00000) (1024K)]
=>0x00000252b8acdb50 JavaThread "C2 CompilerThread0"         daemon [_thread_in_native, id=17888, stack(0x000000922bb00000,0x000000922bc00000) (1024K)]
  0x00000252b8ace320 JavaThread "C1 CompilerThread0"         daemon [_thread_blocked, id=13564, stack(0x000000922bc00000,0x000000922bd00000) (1024K)]
  0x00000252b8ade440 JavaThread "Common-Cleaner"             daemon [_thread_blocked, id=18540, stack(0x000000922bd00000,0x000000922be00000) (1024K)]
  0x00000252b8adfe80 JavaThread "Notification Thread"        daemon [_thread_blocked, id=9340, stack(0x000000922be00000,0x000000922bf00000) (1024K)]
  0x00000252b8ae1230 JavaThread "Daemon health stats"               [_thread_blocked, id=27360, stack(0x000000922c500000,0x000000922c600000) (1024K)]
  0x00000252b8adf7f0 JavaThread "Incoming local TCP Connector on port 57945"        [_thread_in_native, id=3032, stack(0x000000922c600000,0x000000922c700000) (1024K)]
  0x00000252b8ae0ba0 JavaThread "Daemon periodic checks"            [_thread_blocked, id=27028, stack(0x000000922c700000,0x000000922c800000) (1024K)]
  0x00000252b8adead0 JavaThread "Daemon"                            [_thread_blocked, id=18584, stack(0x000000922c800000,0x000000922c900000) (1024K)]
  0x00000252d4251cd0 JavaThread "Handler for socket connection from /127.0.0.1:57945 to /127.0.0.1:57946"        [_thread_in_native, id=31412, stack(0x000000922c900000,0x000000922ca00000) (1024K)]
  0x00000252d424fc00 JavaThread "Cancel handler"                    [_thread_blocked, id=6752, stack(0x000000922ca00000,0x000000922cb00000) (1024K)]
  0x00000252d424f570 JavaThread "Daemon worker"                     [_thread_in_vm, id=19240, stack(0x000000922cb00000,0x000000922cc00000) (1024K)]
  0x00000252d424e850 JavaThread "Asynchronous log dispatcher for DefaultDaemonConnection: socket connection from /127.0.0.1:57945 to /127.0.0.1:57946"        [_thread_blocked, id=27724, stack(0x000000922cc00000,0x000000922cd00000) (1024K)]
  0x00000252d424eee0 JavaThread "Stdin handler"                     [_thread_blocked, id=29792, stack(0x000000922cd00000,0x000000922ce00000) (1024K)]
  0x00000252d4252360 JavaThread "Daemon client event forwarder"        [_thread_blocked, id=28808, stack(0x000000922ce00000,0x000000922cf00000) (1024K)]
  0x00000252d4250920 JavaThread "Cache worker for journal cache (C:\Users\engpr\.gradle\caches\journal-1)"        [_thread_blocked, id=29120, stack(0x000000922cf00000,0x000000922d000000) (1024K)]
  0x00000252d4253710 JavaThread "File lock request listener"        [_thread_in_native, id=5436, stack(0x000000922d000000,0x000000922d100000) (1024K)]
  0x00000252d4250fb0 JavaThread "Cache worker for file hash cache (C:\Users\engpr\.gradle\caches\9.4.1\fileHashes)"        [_thread_blocked, id=31492, stack(0x000000922d100000,0x000000922d200000) (1024K)]
  0x00000252d42557e0 JavaThread "Cache worker for file hash cache (C:\Users\engpr\develop\workspace\utils-app\.gradle\9.4.1\fileHashes)"        [_thread_blocked, id=13224, stack(0x000000922c400000,0x000000922c500000) (1024K)]
  0x00000252d4254ac0 JavaThread "Cache worker for Build Output Cleanup Cache (C:\Users\engpr\develop\workspace\utils-app\.gradle\buildOutputCleanup)"        [_thread_blocked, id=26892, stack(0x000000922d500000,0x000000922d600000) (1024K)]
  0x00000252d4253080 JavaThread "File watcher server"        daemon [_thread_in_native, id=29492, stack(0x000000922d600000,0x000000922d700000) (1024K)]
  0x00000252d4254430 JavaThread "File watcher consumer"      daemon [_thread_blocked, id=4528, stack(0x000000922d700000,0x000000922d800000) (1024K)]
  0x00000252d4255e70 JavaThread "jar transforms"                    [_thread_blocked, id=10852, stack(0x000000922d800000,0x000000922d900000) (1024K)]
  0x00000252d42529f0 JavaThread "jar transforms Thread 2"           [_thread_blocked, id=30624, stack(0x000000922d900000,0x000000922da00000) (1024K)]
  0x00000252d4255150 JavaThread "jar transforms Thread 3"           [_thread_blocked, id=11664, stack(0x000000922da00000,0x000000922db00000) (1024K)]
  0x00000252d3049db0 JavaThread "Cache worker for file content cache (C:\Users\engpr\.gradle\caches\9.4.1\fileContent)"        [_thread_blocked, id=23424, stack(0x000000922db00000,0x000000922dc00000) (1024K)]
  0x00000252d3049720 JavaThread "Cache worker for checksums cache (C:\Users\engpr\develop\workspace\utils-app\.gradle\9.4.1\checksums)"        [_thread_blocked, id=27280, stack(0x000000922dc00000,0x000000922dd00000) (1024K)]
  0x00000252d304a440 JavaThread "Cache worker for cache directory md-supplier (C:\Users\engpr\.gradle\caches\9.4.1\md-supplier)"        [_thread_blocked, id=21876, stack(0x000000922dd00000,0x000000922de00000) (1024K)]
  0x00000252d304aad0 JavaThread "Cache worker for cache directory md-rule (C:\Users\engpr\.gradle\caches\9.4.1\md-rule)"        [_thread_blocked, id=18844, stack(0x000000922de00000,0x000000922df00000) (1024K)]
  0x00000252d304be80 JavaThread "jar transforms Thread 4"           [_thread_blocked, id=25920, stack(0x000000922df00000,0x000000922e000000) (1024K)]
  0x00000252d3049090 JavaThread "jar transforms Thread 5"           [_thread_blocked, id=29928, stack(0x000000922e000000,0x000000922e100000) (1024K)]
  0x00000252d304cba0 JavaThread "jar transforms Thread 6"           [_thread_blocked, id=28968, stack(0x000000922e100000,0x000000922e200000) (1024K)]
  0x00000252d304d230 JavaThread "jar transforms Thread 7"           [_thread_blocked, id=28604, stack(0x000000922e200000,0x000000922e300000) (1024K)]
  0x00000252d304c510 JavaThread "jar transforms Thread 8"           [_thread_blocked, id=26896, stack(0x000000922e300000,0x000000922e400000) (1024K)]
  0x00000252d304df50 JavaThread "Build operations"                  [_thread_blocked, id=30928, stack(0x000000922e400000,0x000000922e500000) (1024K)]
  0x00000252d304d8c0 JavaThread "Build operations Thread 2"         [_thread_blocked, id=29716, stack(0x000000922e500000,0x000000922e600000) (1024K)]
  0x00000252d304e5e0 JavaThread "Build operations Thread 3"         [_thread_blocked, id=25996, stack(0x000000922e600000,0x000000922e700000) (1024K)]
  0x00000252d304b160 JavaThread "Build operations Thread 4"         [_thread_blocked, id=26972, stack(0x000000922e700000,0x000000922e800000) (1024K)]
  0x00000252d304f300 JavaThread "Build operations Thread 5"         [_thread_blocked, id=3748, stack(0x000000922e800000,0x000000922e900000) (1024K)]
  0x00000252d304f990 JavaThread "Build operations Thread 6"         [_thread_blocked, id=6540, stack(0x000000922e900000,0x000000922ea00000) (1024K)]
  0x00000252d304ec70 JavaThread "Build operations Thread 7"         [_thread_blocked, id=17284, stack(0x000000922ea00000,0x000000922eb00000) (1024K)]
  0x00000252d3050020 JavaThread "Build operations Thread 8"         [_thread_blocked, id=19344, stack(0x000000922eb00000,0x000000922ec00000) (1024K)]
  0x00000252d30506b0 JavaThread "Memory manager"                    [_thread_blocked, id=29668, stack(0x000000922ec00000,0x000000922ed00000) (1024K)]
Total: 49

Other Threads:
  0x00000252b8ab1120 VMThread "VM Thread"                           [id=5984, stack(0x000000922b400000,0x000000922b500000) (1024K)]
  0x00000252b8aa57d0 WatcherThread "VM Periodic Task Thread"        [id=30112, stack(0x000000922b300000,0x000000922b400000) (1024K)]
  0x000002529dc3d5b0 WorkerThread "GC Thread#0"                     [id=29568, stack(0x000000922ae00000,0x000000922af00000) (1024K)]
  0x00000252d29aa410 WorkerThread "GC Thread#1"                     [id=31488, stack(0x000000922bf00000,0x000000922c000000) (1024K)]
  0x00000252d29aa7b0 WorkerThread "GC Thread#2"                     [id=12096, stack(0x000000922c000000,0x000000922c100000) (1024K)]
  0x00000252d29aab50 WorkerThread "GC Thread#3"                     [id=13744, stack(0x000000922c100000,0x000000922c200000) (1024K)]
  0x00000252d2b8f830 WorkerThread "GC Thread#4"                     [id=27436, stack(0x000000922c200000,0x000000922c300000) (1024K)]
  0x00000252d2b8fbd0 WorkerThread "GC Thread#5"                     [id=30184, stack(0x000000922c300000,0x000000922c400000) (1024K)]
  0x00000252d51e8a30 WorkerThread "GC Thread#6"                     [id=1228, stack(0x000000922d200000,0x000000922d300000) (1024K)]
  0x00000252d51e7bb0 WorkerThread "GC Thread#7"                     [id=11152, stack(0x000000922d300000,0x000000922d400000) (1024K)]
  0x000002529dc423a0 ConcurrentGCThread "G1 Main Marker"            [id=31300, stack(0x000000922af00000,0x000000922b000000) (1024K)]
  0x000002529dc43b40 WorkerThread "G1 Conc#0"                       [id=19516, stack(0x000000922b000000,0x000000922b100000) (1024K)]
  0x00000252d51e7810 WorkerThread "G1 Conc#1"                       [id=28576, stack(0x000000922d400000,0x000000922d500000) (1024K)]
  0x00000252b8970650 ConcurrentGCThread "G1 Refine#0"               [id=17340, stack(0x000000922b100000,0x000000922b200000) (1024K)]
  0x00000252b8978a90 ConcurrentGCThread "G1 Service"                [id=12512, stack(0x000000922b200000,0x000000922b300000) (1024K)]
Total: 15

Threads with active compile tasks:
C2 CompilerThread0  17140 8025       4       java.io.ObjectOutputStream::writeClassDesc (60 bytes)
Total: 1

VM state: not at safepoint (normal execution)

VM Mutex/Monitor currently owned by a thread: None

Heap address: 0x00000000e0000000, size: 512 MB, Compressed Oops mode: 32-bit

CDS archive(s) mapped at: [0x00000252b9000000-0x00000252b9c80000-0x00000252b9c80000), size 13107200, SharedBaseAddress: 0x00000252b9000000, ArchiveRelocationMode: 1.
Compressed class space mapped at: 0x00000252ba000000-0x00000252ce000000, reserved size: 335544320
Narrow klass base: 0x00000252b9000000, Narrow klass shift: 0, Narrow klass range: 0x100000000

GC Precious Log:
 CardTable entry size: 512
 Card Set container configuration: InlinePtr #cards 5 size 8 Array Of Cards #cards 12 size 40 Howl #buckets 4 coarsen threshold 1843 Howl Bitmap #cards 512 size 80 coarsen threshold 460 Card regions per heap region 1 cards per card region 2048
 CPUs: 8 total, 8 available
 Memory: 7599M
 Large Page Support: Disabled
 NUMA Support: Disabled
 Compressed Oops: Enabled (32-bit)
 Heap Region Size: 1M
 Heap Min Capacity: 256M
 Heap Initial Capacity: 256M
 Heap Max Capacity: 512M
 Pre-touch: Disabled
 Parallel Workers: 8
 Concurrent Workers: 2
 Concurrent Refinement Workers: 8
 Periodic GC: Disabled

Heap:
 garbage-first heap   total 262144K, used 143171K [0x00000000e0000000, 0x0000000100000000)
  region size 1024K, 100 young (102400K), 7 survivors (7168K)
 Metaspace       used 65705K, committed 67968K, reserved 393216K
  class space    used 9566K, committed 10688K, reserved 327680K

Heap Regions: E=young(eden), S=young(survivor), O=old, HS=humongous(starts), HC=humongous(continues), CS=collection set, F=free, TAMS=top-at-mark-start, PB=parsable bottom
|   0|0x00000000e0000000, 0x00000000e0100000, 0x00000000e0100000|100%|HS|  |TAMS 0x00000000e0000000| PB 0x00000000e0000000| Complete 
|   1|0x00000000e0100000, 0x00000000e0200000, 0x00000000e0200000|100%|HC|  |TAMS 0x00000000e0100000| PB 0x00000000e0100000| Complete 
|   2|0x00000000e0200000, 0x00000000e0300000, 0x00000000e0300000|100%|HC|  |TAMS 0x00000000e0200000| PB 0x00000000e0200000| Complete 
|   3|0x00000000e0300000, 0x00000000e0400000, 0x00000000e0400000|100%|HC|  |TAMS 0x00000000e0300000| PB 0x00000000e0300000| Complete 
|   4|0x00000000e0400000, 0x00000000e0500000, 0x00000000e0500000|100%| O|  |TAMS 0x00000000e0400000| PB 0x00000000e0400000| Untracked 
|   5|0x00000000e0500000, 0x00000000e0600000, 0x00000000e0600000|100%| O|  |TAMS 0x00000000e0500000| PB 0x00000000e0500000| Untracked 
|   6|0x00000000e0600000, 0x00000000e0700000, 0x00000000e0700000|100%| O|  |TAMS 0x00000000e0600000| PB 0x00000000e0600000| Untracked 
|   7|0x00000000e0700000, 0x00000000e0800000, 0x00000000e0800000|100%| O|  |TAMS 0x00000000e0700000| PB 0x00000000e0700000| Untracked 
|   8|0x00000000e0800000, 0x00000000e0900000, 0x00000000e0900000|100%|HS|  |TAMS 0x00000000e0800000| PB 0x00000000e0800000| Complete 
|   9|0x00000000e0900000, 0x00000000e0a00000, 0x00000000e0a00000|100%| O|  |TAMS 0x00000000e0900000| PB 0x00000000e0900000| Untracked 
|  10|0x00000000e0a00000, 0x00000000e0b00000, 0x00000000e0b00000|100%| O|  |TAMS 0x00000000e0a00000| PB 0x00000000e0a00000| Untracked 
|  11|0x00000000e0b00000, 0x00000000e0c00000, 0x00000000e0c00000|100%| O|  |TAMS 0x00000000e0b00000| PB 0x00000000e0b00000| Untracked 
|  12|0x00000000e0c00000, 0x00000000e0d00000, 0x00000000e0d00000|100%| O|  |TAMS 0x00000000e0c00000| PB 0x00000000e0c00000| Untracked 
|  13|0x00000000e0d00000, 0x00000000e0e00000, 0x00000000e0e00000|100%| O|  |TAMS 0x00000000e0d00000| PB 0x00000000e0d00000| Untracked 
|  14|0x00000000e0e00000, 0x00000000e0f00000, 0x00000000e0f00000|100%| O|  |TAMS 0x00000000e0e00000| PB 0x00000000e0e00000| Untracked 
|  15|0x00000000e0f00000, 0x00000000e1000000, 0x00000000e1000000|100%| O|  |TAMS 0x00000000e0f00000| PB 0x00000000e0f00000| Untracked 
|  16|0x00000000e1000000, 0x00000000e1100000, 0x00000000e1100000|100%| O|  |TAMS 0x00000000e1000000| PB 0x00000000e1000000| Untracked 
|  17|0x00000000e1100000, 0x00000000e1200000, 0x00000000e1200000|100%| O|  |TAMS 0x00000000e1100000| PB 0x00000000e1100000| Untracked 
|  18|0x00000000e1200000, 0x00000000e1300000, 0x00000000e1300000|100%| O|  |TAMS 0x00000000e1200000| PB 0x00000000e1200000| Untracked 
|  19|0x00000000e1300000, 0x00000000e1400000, 0x00000000e1400000|100%| O|  |TAMS 0x00000000e1300000| PB 0x00000000e1300000| Untracked 
|  20|0x00000000e1400000, 0x00000000e1500000, 0x00000000e1500000|100%| O|  |TAMS 0x00000000e1400000| PB 0x00000000e1400000| Untracked 
|  21|0x00000000e1500000, 0x00000000e1600000, 0x00000000e1600000|100%| O|  |TAMS 0x00000000e1500000| PB 0x00000000e1500000| Untracked 
|  22|0x00000000e1600000, 0x00000000e1700000, 0x00000000e1700000|100%| O|Cm|TAMS 0x00000000e1600000| PB 0x00000000e1600000| Complete 
|  23|0x00000000e1700000, 0x00000000e1800000, 0x00000000e1800000|100%| O|  |TAMS 0x00000000e1700000| PB 0x00000000e1700000| Untracked 
|  24|0x00000000e1800000, 0x00000000e1900000, 0x00000000e1900000|100%| O|  |TAMS 0x00000000e1800000| PB 0x00000000e1800000| Untracked 
|  25|0x00000000e1900000, 0x00000000e1a00000, 0x00000000e1a00000|100%| O|  |TAMS 0x00000000e1900000| PB 0x00000000e1900000| Untracked 
|  26|0x00000000e1a00000, 0x00000000e1b00000, 0x00000000e1b00000|100%| O|  |TAMS 0x00000000e1a00000| PB 0x00000000e1a00000| Untracked 
|  27|0x00000000e1b00000, 0x00000000e1c00000, 0x00000000e1c00000|100%| O|  |TAMS 0x00000000e1b00000| PB 0x00000000e1b00000| Untracked 
|  28|0x00000000e1c00000, 0x00000000e1d00000, 0x00000000e1d00000|100%| O|  |TAMS 0x00000000e1c00000| PB 0x00000000e1c00000| Untracked 
|  29|0x00000000e1d00000, 0x00000000e1e00000, 0x00000000e1e00000|100%| O|  |TAMS 0x00000000e1d00000| PB 0x00000000e1d00000| Untracked 
|  30|0x00000000e1e00000, 0x00000000e1f00000, 0x00000000e1f00000|100%| O|  |TAMS 0x00000000e1e00000| PB 0x00000000e1e00000| Untracked 
|  31|0x00000000e1f00000, 0x00000000e2000000, 0x00000000e2000000|100%| O|  |TAMS 0x00000000e1f00000| PB 0x00000000e1f00000| Untracked 
|  32|0x00000000e2000000, 0x00000000e2100000, 0x00000000e2100000|100%| O|  |TAMS 0x00000000e2000000| PB 0x00000000e2000000| Untracked 
|  33|0x00000000e2100000, 0x00000000e2200000, 0x00000000e2200000|100%| O|  |TAMS 0x00000000e2100000| PB 0x00000000e2100000| Untracked 
|  34|0x00000000e2200000, 0x00000000e2300000, 0x00000000e2300000|100%| O|  |TAMS 0x00000000e2200000| PB 0x00000000e2200000| Untracked 
|  35|0x00000000e2300000, 0x00000000e2400000, 0x00000000e2400000|100%| O|  |TAMS 0x00000000e2300000| PB 0x00000000e2300000| Untracked 
|  36|0x00000000e2400000, 0x00000000e2500000, 0x00000000e2500000|100%| O|  |TAMS 0x00000000e2400000| PB 0x00000000e2400000| Untracked 
|  37|0x00000000e2500000, 0x00000000e2600000, 0x00000000e2600000|100%| O|  |TAMS 0x00000000e2500000| PB 0x00000000e2500000| Untracked 
|  38|0x00000000e2600000, 0x00000000e2700000, 0x00000000e2700000|100%| O|  |TAMS 0x00000000e2600000| PB 0x00000000e2600000| Untracked 
|  39|0x00000000e2700000, 0x00000000e2800000, 0x00000000e2800000|100%| O|  |TAMS 0x00000000e2700000| PB 0x00000000e2700000| Untracked 
|  40|0x00000000e2800000, 0x00000000e28d0c50, 0x00000000e2900000| 81%| O|  |TAMS 0x00000000e2800000| PB 0x00000000e2800000| Untracked 
|  41|0x00000000e2900000, 0x00000000e2900000, 0x00000000e2a00000|  0%| F|  |TAMS 0x00000000e2900000| PB 0x00000000e2900000| Untracked 
|  42|0x00000000e2a00000, 0x00000000e2a00000, 0x00000000e2b00000|  0%| F|  |TAMS 0x00000000e2a00000| PB 0x00000000e2a00000| Untracked 
|  43|0x00000000e2b00000, 0x00000000e2b00000, 0x00000000e2c00000|  0%| F|  |TAMS 0x00000000e2b00000| PB 0x00000000e2b00000| Untracked 
|  44|0x00000000e2c00000, 0x00000000e2c00000, 0x00000000e2d00000|  0%| F|  |TAMS 0x00000000e2c00000| PB 0x00000000e2c00000| Untracked 
|  45|0x00000000e2d00000, 0x00000000e2d00000, 0x00000000e2e00000|  0%| F|  |TAMS 0x00000000e2d00000| PB 0x00000000e2d00000| Untracked 
|  46|0x00000000e2e00000, 0x00000000e2e00000, 0x00000000e2f00000|  0%| F|  |TAMS 0x00000000e2e00000| PB 0x00000000e2e00000| Untracked 
|  47|0x00000000e2f00000, 0x00000000e2f00000, 0x00000000e3000000|  0%| F|  |TAMS 0x00000000e2f00000| PB 0x00000000e2f00000| Untracked 
|  48|0x00000000e3000000, 0x00000000e3000000, 0x00000000e3100000|  0%| F|  |TAMS 0x00000000e3000000| PB 0x00000000e3000000| Untracked 
|  49|0x00000000e3100000, 0x00000000e3100000, 0x00000000e3200000|  0%| F|  |TAMS 0x00000000e3100000| PB 0x00000000e3100000| Untracked 
|  50|0x00000000e3200000, 0x00000000e3200000, 0x00000000e3300000|  0%| F|  |TAMS 0x00000000e3200000| PB 0x00000000e3200000| Untracked 
|  51|0x00000000e3300000, 0x00000000e3300000, 0x00000000e3400000|  0%| F|  |TAMS 0x00000000e3300000| PB 0x00000000e3300000| Untracked 
|  52|0x00000000e3400000, 0x00000000e3400000, 0x00000000e3500000|  0%| F|  |TAMS 0x00000000e3400000| PB 0x00000000e3400000| Untracked 
|  53|0x00000000e3500000, 0x00000000e3500000, 0x00000000e3600000|  0%| F|  |TAMS 0x00000000e3500000| PB 0x00000000e3500000| Untracked 
|  54|0x00000000e3600000, 0x00000000e3600000, 0x00000000e3700000|  0%| F|  |TAMS 0x00000000e3600000| PB 0x00000000e3600000| Untracked 
|  55|0x00000000e3700000, 0x00000000e3700000, 0x00000000e3800000|  0%| F|  |TAMS 0x00000000e3700000| PB 0x00000000e3700000| Untracked 
|  56|0x00000000e3800000, 0x00000000e3800000, 0x00000000e3900000|  0%| F|  |TAMS 0x00000000e3800000| PB 0x00000000e3800000| Untracked 
|  57|0x00000000e3900000, 0x00000000e3900000, 0x00000000e3a00000|  0%| F|  |TAMS 0x00000000e3900000| PB 0x00000000e3900000| Untracked 
|  58|0x00000000e3a00000, 0x00000000e3a00000, 0x00000000e3b00000|  0%| F|  |TAMS 0x00000000e3a00000| PB 0x00000000e3a00000| Untracked 
|  59|0x00000000e3b00000, 0x00000000e3b00000, 0x00000000e3c00000|  0%| F|  |TAMS 0x00000000e3b00000| PB 0x00000000e3b00000| Untracked 
|  60|0x00000000e3c00000, 0x00000000e3c00000, 0x00000000e3d00000|  0%| F|  |TAMS 0x00000000e3c00000| PB 0x00000000e3c00000| Untracked 
|  61|0x00000000e3d00000, 0x00000000e3d00000, 0x00000000e3e00000|  0%| F|  |TAMS 0x00000000e3d00000| PB 0x00000000e3d00000| Untracked 
|  62|0x00000000e3e00000, 0x00000000e3e00000, 0x00000000e3f00000|  0%| F|  |TAMS 0x00000000e3e00000| PB 0x00000000e3e00000| Untracked 
|  63|0x00000000e3f00000, 0x00000000e3f00000, 0x00000000e4000000|  0%| F|  |TAMS 0x00000000e3f00000| PB 0x00000000e3f00000| Untracked 
|  64|0x00000000e4000000, 0x00000000e4000000, 0x00000000e4100000|  0%| F|  |TAMS 0x00000000e4000000| PB 0x00000000e4000000| Untracked 
|  65|0x00000000e4100000, 0x00000000e4100000, 0x00000000e4200000|  0%| F|  |TAMS 0x00000000e4100000| PB 0x00000000e4100000| Untracked 
|  66|0x00000000e4200000, 0x00000000e4200000, 0x00000000e4300000|  0%| F|  |TAMS 0x00000000e4200000| PB 0x00000000e4200000| Untracked 
|  67|0x00000000e4300000, 0x00000000e4300000, 0x00000000e4400000|  0%| F|  |TAMS 0x00000000e4300000| PB 0x00000000e4300000| Untracked 
|  68|0x00000000e4400000, 0x00000000e4400000, 0x00000000e4500000|  0%| F|  |TAMS 0x00000000e4400000| PB 0x00000000e4400000| Untracked 
|  69|0x00000000e4500000, 0x00000000e4500000, 0x00000000e4600000|  0%| F|  |TAMS 0x00000000e4500000| PB 0x00000000e4500000| Untracked 
|  70|0x00000000e4600000, 0x00000000e4600000, 0x00000000e4700000|  0%| F|  |TAMS 0x00000000e4600000| PB 0x00000000e4600000| Untracked 
|  71|0x00000000e4700000, 0x00000000e4700000, 0x00000000e4800000|  0%| F|  |TAMS 0x00000000e4700000| PB 0x00000000e4700000| Untracked 
|  72|0x00000000e4800000, 0x00000000e4800000, 0x00000000e4900000|  0%| F|  |TAMS 0x00000000e4800000| PB 0x00000000e4800000| Untracked 
|  73|0x00000000e4900000, 0x00000000e4900000, 0x00000000e4a00000|  0%| F|  |TAMS 0x00000000e4900000| PB 0x00000000e4900000| Untracked 
|  74|0x00000000e4a00000, 0x00000000e4a00000, 0x00000000e4b00000|  0%| F|  |TAMS 0x00000000e4a00000| PB 0x00000000e4a00000| Untracked 
|  75|0x00000000e4b00000, 0x00000000e4b00000, 0x00000000e4c00000|  0%| F|  |TAMS 0x00000000e4b00000| PB 0x00000000e4b00000| Untracked 
|  76|0x00000000e4c00000, 0x00000000e4c00000, 0x00000000e4d00000|  0%| F|  |TAMS 0x00000000e4c00000| PB 0x00000000e4c00000| Untracked 
|  77|0x00000000e4d00000, 0x00000000e4d00000, 0x00000000e4e00000|  0%| F|  |TAMS 0x00000000e4d00000| PB 0x00000000e4d00000| Untracked 
|  78|0x00000000e4e00000, 0x00000000e4e00000, 0x00000000e4f00000|  0%| F|  |TAMS 0x00000000e4e00000| PB 0x00000000e4e00000| Untracked 
|  79|0x00000000e4f00000, 0x00000000e4f00000, 0x00000000e5000000|  0%| F|  |TAMS 0x00000000e4f00000| PB 0x00000000e4f00000| Untracked 
|  80|0x00000000e5000000, 0x00000000e5000000, 0x00000000e5100000|  0%| F|  |TAMS 0x00000000e5000000| PB 0x00000000e5000000| Untracked 
|  81|0x00000000e5100000, 0x00000000e5100000, 0x00000000e5200000|  0%| F|  |TAMS 0x00000000e5100000| PB 0x00000000e5100000| Untracked 
|  82|0x00000000e5200000, 0x00000000e5200000, 0x00000000e5300000|  0%| F|  |TAMS 0x00000000e5200000| PB 0x00000000e5200000| Untracked 
|  83|0x00000000e5300000, 0x00000000e5300000, 0x00000000e5400000|  0%| F|  |TAMS 0x00000000e5300000| PB 0x00000000e5300000| Untracked 
|  84|0x00000000e5400000, 0x00000000e5400000, 0x00000000e5500000|  0%| F|  |TAMS 0x00000000e5400000| PB 0x00000000e5400000| Untracked 
|  85|0x00000000e5500000, 0x00000000e5500000, 0x00000000e5600000|  0%| F|  |TAMS 0x00000000e5500000| PB 0x00000000e5500000| Untracked 
|  86|0x00000000e5600000, 0x00000000e5600000, 0x00000000e5700000|  0%| F|  |TAMS 0x00000000e5600000| PB 0x00000000e5600000| Untracked 
|  87|0x00000000e5700000, 0x00000000e5700000, 0x00000000e5800000|  0%| F|  |TAMS 0x00000000e5700000| PB 0x00000000e5700000| Untracked 
|  88|0x00000000e5800000, 0x00000000e5800000, 0x00000000e5900000|  0%| F|  |TAMS 0x00000000e5800000| PB 0x00000000e5800000| Untracked 
|  89|0x00000000e5900000, 0x00000000e5900000, 0x00000000e5a00000|  0%| F|  |TAMS 0x00000000e5900000| PB 0x00000000e5900000| Untracked 
|  90|0x00000000e5a00000, 0x00000000e5a00000, 0x00000000e5b00000|  0%| F|  |TAMS 0x00000000e5a00000| PB 0x00000000e5a00000| Untracked 
|  91|0x00000000e5b00000, 0x00000000e5b00000, 0x00000000e5c00000|  0%| F|  |TAMS 0x00000000e5b00000| PB 0x00000000e5b00000| Untracked 
|  92|0x00000000e5c00000, 0x00000000e5c00000, 0x00000000e5d00000|  0%| F|  |TAMS 0x00000000e5c00000| PB 0x00000000e5c00000| Untracked 
|  93|0x00000000e5d00000, 0x00000000e5d00000, 0x00000000e5e00000|  0%| F|  |TAMS 0x00000000e5d00000| PB 0x00000000e5d00000| Untracked 
|  94|0x00000000e5e00000, 0x00000000e5e00000, 0x00000000e5f00000|  0%| F|  |TAMS 0x00000000e5e00000| PB 0x00000000e5e00000| Untracked 
|  95|0x00000000e5f00000, 0x00000000e5f00000, 0x00000000e6000000|  0%| F|  |TAMS 0x00000000e5f00000| PB 0x00000000e5f00000| Untracked 
|  96|0x00000000e6000000, 0x00000000e6000000, 0x00000000e6100000|  0%| F|  |TAMS 0x00000000e6000000| PB 0x00000000e6000000| Untracked 
|  97|0x00000000e6100000, 0x00000000e6100000, 0x00000000e6200000|  0%| F|  |TAMS 0x00000000e6100000| PB 0x00000000e6100000| Untracked 
|  98|0x00000000e6200000, 0x00000000e6200000, 0x00000000e6300000|  0%| F|  |TAMS 0x00000000e6200000| PB 0x00000000e6200000| Untracked 
|  99|0x00000000e6300000, 0x00000000e6300000, 0x00000000e6400000|  0%| F|  |TAMS 0x00000000e6300000| PB 0x00000000e6300000| Untracked 
| 100|0x00000000e6400000, 0x00000000e6400000, 0x00000000e6500000|  0%| F|  |TAMS 0x00000000e6400000| PB 0x00000000e6400000| Untracked 
| 101|0x00000000e6500000, 0x00000000e6500000, 0x00000000e6600000|  0%| F|  |TAMS 0x00000000e6500000| PB 0x00000000e6500000| Untracked 
| 102|0x00000000e6600000, 0x00000000e6600000, 0x00000000e6700000|  0%| F|  |TAMS 0x00000000e6600000| PB 0x00000000e6600000| Untracked 
| 103|0x00000000e6700000, 0x00000000e6700000, 0x00000000e6800000|  0%| F|  |TAMS 0x00000000e6700000| PB 0x00000000e6700000| Untracked 
| 104|0x00000000e6800000, 0x00000000e6800000, 0x00000000e6900000|  0%| F|  |TAMS 0x00000000e6800000| PB 0x00000000e6800000| Untracked 
| 105|0x00000000e6900000, 0x00000000e6900000, 0x00000000e6a00000|  0%| F|  |TAMS 0x00000000e6900000| PB 0x00000000e6900000| Untracked 
| 106|0x00000000e6a00000, 0x00000000e6a00000, 0x00000000e6b00000|  0%| F|  |TAMS 0x00000000e6a00000| PB 0x00000000e6a00000| Untracked 
| 107|0x00000000e6b00000, 0x00000000e6b00000, 0x00000000e6c00000|  0%| F|  |TAMS 0x00000000e6b00000| PB 0x00000000e6b00000| Untracked 
| 108|0x00000000e6c00000, 0x00000000e6c00000, 0x00000000e6d00000|  0%| F|  |TAMS 0x00000000e6c00000| PB 0x00000000e6c00000| Untracked 
| 109|0x00000000e6d00000, 0x00000000e6d00000, 0x00000000e6e00000|  0%| F|  |TAMS 0x00000000e6d00000| PB 0x00000000e6d00000| Untracked 
| 110|0x00000000e6e00000, 0x00000000e6e00000, 0x00000000e6f00000|  0%| F|  |TAMS 0x00000000e6e00000| PB 0x00000000e6e00000| Untracked 
| 111|0x00000000e6f00000, 0x00000000e6f00000, 0x00000000e7000000|  0%| F|  |TAMS 0x00000000e6f00000| PB 0x00000000e6f00000| Untracked 
| 112|0x00000000e7000000, 0x00000000e7000000, 0x00000000e7100000|  0%| F|  |TAMS 0x00000000e7000000| PB 0x00000000e7000000| Untracked 
| 113|0x00000000e7100000, 0x00000000e7100000, 0x00000000e7200000|  0%| F|  |TAMS 0x00000000e7100000| PB 0x00000000e7100000| Untracked 
| 114|0x00000000e7200000, 0x00000000e7200000, 0x00000000e7300000|  0%| F|  |TAMS 0x00000000e7200000| PB 0x00000000e7200000| Untracked 
| 115|0x00000000e7300000, 0x00000000e7300000, 0x00000000e7400000|  0%| F|  |TAMS 0x00000000e7300000| PB 0x00000000e7300000| Untracked 
| 116|0x00000000e7400000, 0x00000000e7400000, 0x00000000e7500000|  0%| F|  |TAMS 0x00000000e7400000| PB 0x00000000e7400000| Untracked 
| 117|0x00000000e7500000, 0x00000000e7500000, 0x00000000e7600000|  0%| F|  |TAMS 0x00000000e7500000| PB 0x00000000e7500000| Untracked 
| 118|0x00000000e7600000, 0x00000000e7600000, 0x00000000e7700000|  0%| F|  |TAMS 0x00000000e7600000| PB 0x00000000e7600000| Untracked 
| 119|0x00000000e7700000, 0x00000000e7700000, 0x00000000e7800000|  0%| F|  |TAMS 0x00000000e7700000| PB 0x00000000e7700000| Untracked 
| 120|0x00000000e7800000, 0x00000000e7800000, 0x00000000e7900000|  0%| F|  |TAMS 0x00000000e7800000| PB 0x00000000e7800000| Untracked 
| 121|0x00000000e7900000, 0x00000000e7900000, 0x00000000e7a00000|  0%| F|  |TAMS 0x00000000e7900000| PB 0x00000000e7900000| Untracked 
| 122|0x00000000e7a00000, 0x00000000e7a00000, 0x00000000e7b00000|  0%| F|  |TAMS 0x00000000e7a00000| PB 0x00000000e7a00000| Untracked 
| 123|0x00000000e7b00000, 0x00000000e7b00000, 0x00000000e7c00000|  0%| F|  |TAMS 0x00000000e7b00000| PB 0x00000000e7b00000| Untracked 
| 124|0x00000000e7c00000, 0x00000000e7c00000, 0x00000000e7d00000|  0%| F|  |TAMS 0x00000000e7c00000| PB 0x00000000e7c00000| Untracked 
| 125|0x00000000e7d00000, 0x00000000e7d00000, 0x00000000e7e00000|  0%| F|  |TAMS 0x00000000e7d00000| PB 0x00000000e7d00000| Untracked 
| 126|0x00000000e7e00000, 0x00000000e7e00000, 0x00000000e7f00000|  0%| F|  |TAMS 0x00000000e7e00000| PB 0x00000000e7e00000| Untracked 
| 127|0x00000000e7f00000, 0x00000000e7f00000, 0x00000000e8000000|  0%| F|  |TAMS 0x00000000e7f00000| PB 0x00000000e7f00000| Untracked 
| 128|0x00000000e8000000, 0x00000000e8000000, 0x00000000e8100000|  0%| F|  |TAMS 0x00000000e8000000| PB 0x00000000e8000000| Untracked 
| 129|0x00000000e8100000, 0x00000000e8100000, 0x00000000e8200000|  0%| F|  |TAMS 0x00000000e8100000| PB 0x00000000e8100000| Untracked 
| 130|0x00000000e8200000, 0x00000000e8200000, 0x00000000e8300000|  0%| F|  |TAMS 0x00000000e8200000| PB 0x00000000e8200000| Untracked 
| 131|0x00000000e8300000, 0x00000000e8300000, 0x00000000e8400000|  0%| F|  |TAMS 0x00000000e8300000| PB 0x00000000e8300000| Untracked 
| 132|0x00000000e8400000, 0x00000000e8400000, 0x00000000e8500000|  0%| F|  |TAMS 0x00000000e8400000| PB 0x00000000e8400000| Untracked 
| 133|0x00000000e8500000, 0x00000000e8500000, 0x00000000e8600000|  0%| F|  |TAMS 0x00000000e8500000| PB 0x00000000e8500000| Untracked 
| 134|0x00000000e8600000, 0x00000000e8600000, 0x00000000e8700000|  0%| F|  |TAMS 0x00000000e8600000| PB 0x00000000e8600000| Untracked 
| 135|0x00000000e8700000, 0x00000000e8700000, 0x00000000e8800000|  0%| F|  |TAMS 0x00000000e8700000| PB 0x00000000e8700000| Untracked 
| 136|0x00000000e8800000, 0x00000000e8800000, 0x00000000e8900000|  0%| F|  |TAMS 0x00000000e8800000| PB 0x00000000e8800000| Untracked 
| 137|0x00000000e8900000, 0x00000000e8900000, 0x00000000e8a00000|  0%| F|  |TAMS 0x00000000e8900000| PB 0x00000000e8900000| Untracked 
| 138|0x00000000e8a00000, 0x00000000e8a00000, 0x00000000e8b00000|  0%| F|  |TAMS 0x00000000e8a00000| PB 0x00000000e8a00000| Untracked 
| 139|0x00000000e8b00000, 0x00000000e8b00000, 0x00000000e8c00000|  0%| F|  |TAMS 0x00000000e8b00000| PB 0x00000000e8b00000| Untracked 
| 140|0x00000000e8c00000, 0x00000000e8c00000, 0x00000000e8d00000|  0%| F|  |TAMS 0x00000000e8c00000| PB 0x00000000e8c00000| Untracked 
| 141|0x00000000e8d00000, 0x00000000e8d00000, 0x00000000e8e00000|  0%| F|  |TAMS 0x00000000e8d00000| PB 0x00000000e8d00000| Untracked 
| 142|0x00000000e8e00000, 0x00000000e8e00000, 0x00000000e8f00000|  0%| F|  |TAMS 0x00000000e8e00000| PB 0x00000000e8e00000| Untracked 
| 143|0x00000000e8f00000, 0x00000000e8f00000, 0x00000000e9000000|  0%| F|  |TAMS 0x00000000e8f00000| PB 0x00000000e8f00000| Untracked 
| 144|0x00000000e9000000, 0x00000000e9000000, 0x00000000e9100000|  0%| F|  |TAMS 0x00000000e9000000| PB 0x00000000e9000000| Untracked 
| 145|0x00000000e9100000, 0x00000000e9100000, 0x00000000e9200000|  0%| F|  |TAMS 0x00000000e9100000| PB 0x00000000e9100000| Untracked 
| 146|0x00000000e9200000, 0x00000000e9200000, 0x00000000e9300000|  0%| F|  |TAMS 0x00000000e9200000| PB 0x00000000e9200000| Untracked 
| 147|0x00000000e9300000, 0x00000000e9300000, 0x00000000e9400000|  0%| F|  |TAMS 0x00000000e9300000| PB 0x00000000e9300000| Untracked 
| 148|0x00000000e9400000, 0x00000000e9400000, 0x00000000e9500000|  0%| F|  |TAMS 0x00000000e9400000| PB 0x00000000e9400000| Untracked 
| 149|0x00000000e9500000, 0x00000000e9500000, 0x00000000e9600000|  0%| F|  |TAMS 0x00000000e9500000| PB 0x00000000e9500000| Untracked 
| 150|0x00000000e9600000, 0x00000000e9600000, 0x00000000e9700000|  0%| F|  |TAMS 0x00000000e9600000| PB 0x00000000e9600000| Untracked 
| 151|0x00000000e9700000, 0x00000000e9700000, 0x00000000e9800000|  0%| F|  |TAMS 0x00000000e9700000| PB 0x00000000e9700000| Untracked 
| 152|0x00000000e9800000, 0x00000000e9800000, 0x00000000e9900000|  0%| F|  |TAMS 0x00000000e9800000| PB 0x00000000e9800000| Untracked 
| 153|0x00000000e9900000, 0x00000000e9a00000, 0x00000000e9a00000|100%| S|CS|TAMS 0x00000000e9900000| PB 0x00000000e9900000| Complete 
| 154|0x00000000e9a00000, 0x00000000e9b00000, 0x00000000e9b00000|100%| S|CS|TAMS 0x00000000e9a00000| PB 0x00000000e9a00000| Complete 
| 155|0x00000000e9b00000, 0x00000000e9c00000, 0x00000000e9c00000|100%| S|CS|TAMS 0x00000000e9b00000| PB 0x00000000e9b00000| Complete 
| 156|0x00000000e9c00000, 0x00000000e9d00000, 0x00000000e9d00000|100%| S|CS|TAMS 0x00000000e9c00000| PB 0x00000000e9c00000| Complete 
| 157|0x00000000e9d00000, 0x00000000e9e00000, 0x00000000e9e00000|100%| S|CS|TAMS 0x00000000e9d00000| PB 0x00000000e9d00000| Complete 
| 158|0x00000000e9e00000, 0x00000000e9f00000, 0x00000000e9f00000|100%| S|CS|TAMS 0x00000000e9e00000| PB 0x00000000e9e00000| Complete 
| 159|0x00000000e9f00000, 0x00000000ea000000, 0x00000000ea000000|100%| S|CS|TAMS 0x00000000e9f00000| PB 0x00000000e9f00000| Complete 
| 160|0x00000000ea000000, 0x00000000ea000000, 0x00000000ea100000|  0%| F|  |TAMS 0x00000000ea000000| PB 0x00000000ea000000| Untracked 
| 161|0x00000000ea100000, 0x00000000ea100000, 0x00000000ea200000|  0%| F|  |TAMS 0x00000000ea100000| PB 0x00000000ea100000| Untracked 
| 162|0x00000000ea200000, 0x00000000ea200000, 0x00000000ea300000|  0%| F|  |TAMS 0x00000000ea200000| PB 0x00000000ea200000| Untracked 
| 163|0x00000000ea300000, 0x00000000ea400000, 0x00000000ea400000|100%| E|  |TAMS 0x00000000ea300000| PB 0x00000000ea300000| Complete 
| 164|0x00000000ea400000, 0x00000000ea500000, 0x00000000ea500000|100%| E|CS|TAMS 0x00000000ea400000| PB 0x00000000ea400000| Complete 
| 165|0x00000000ea500000, 0x00000000ea600000, 0x00000000ea600000|100%| E|CS|TAMS 0x00000000ea500000| PB 0x00000000ea500000| Complete 
| 166|0x00000000ea600000, 0x00000000ea700000, 0x00000000ea700000|100%| E|CS|TAMS 0x00000000ea600000| PB 0x00000000ea600000| Complete 
| 167|0x00000000ea700000, 0x00000000ea800000, 0x00000000ea800000|100%| E|CS|TAMS 0x00000000ea700000| PB 0x00000000ea700000| Complete 
| 168|0x00000000ea800000, 0x00000000ea900000, 0x00000000ea900000|100%| E|CS|TAMS 0x00000000ea800000| PB 0x00000000ea800000| Complete 
| 169|0x00000000ea900000, 0x00000000eaa00000, 0x00000000eaa00000|100%| E|CS|TAMS 0x00000000ea900000| PB 0x00000000ea900000| Complete 
| 170|0x00000000eaa00000, 0x00000000eab00000, 0x00000000eab00000|100%| E|CS|TAMS 0x00000000eaa00000| PB 0x00000000eaa00000| Complete 
| 171|0x00000000eab00000, 0x00000000eac00000, 0x00000000eac00000|100%| E|CS|TAMS 0x00000000eab00000| PB 0x00000000eab00000| Complete 
| 172|0x00000000eac00000, 0x00000000ead00000, 0x00000000ead00000|100%| E|CS|TAMS 0x00000000eac00000| PB 0x00000000eac00000| Complete 
| 173|0x00000000ead00000, 0x00000000eae00000, 0x00000000eae00000|100%| E|CS|TAMS 0x00000000ead00000| PB 0x00000000ead00000| Complete 
| 174|0x00000000eae00000, 0x00000000eaf00000, 0x00000000eaf00000|100%| E|CS|TAMS 0x00000000eae00000| PB 0x00000000eae00000| Complete 
| 175|0x00000000eaf00000, 0x00000000eb000000, 0x00000000eb000000|100%| E|CS|TAMS 0x00000000eaf00000| PB 0x00000000eaf00000| Complete 
| 176|0x00000000eb000000, 0x00000000eb100000, 0x00000000eb100000|100%| E|CS|TAMS 0x00000000eb000000| PB 0x00000000eb000000| Complete 
| 177|0x00000000eb100000, 0x00000000eb200000, 0x00000000eb200000|100%| E|CS|TAMS 0x00000000eb100000| PB 0x00000000eb100000| Complete 
| 178|0x00000000eb200000, 0x00000000eb300000, 0x00000000eb300000|100%| E|CS|TAMS 0x00000000eb200000| PB 0x00000000eb200000| Complete 
| 179|0x00000000eb300000, 0x00000000eb400000, 0x00000000eb400000|100%| E|CS|TAMS 0x00000000eb300000| PB 0x00000000eb300000| Complete 
| 180|0x00000000eb400000, 0x00000000eb500000, 0x00000000eb500000|100%| E|CS|TAMS 0x00000000eb400000| PB 0x00000000eb400000| Complete 
| 181|0x00000000eb500000, 0x00000000eb600000, 0x00000000eb600000|100%| E|CS|TAMS 0x00000000eb500000| PB 0x00000000eb500000| Complete 
| 182|0x00000000eb600000, 0x00000000eb700000, 0x00000000eb700000|100%| E|CS|TAMS 0x00000000eb600000| PB 0x00000000eb600000| Complete 
| 183|0x00000000eb700000, 0x00000000eb800000, 0x00000000eb800000|100%| E|CS|TAMS 0x00000000eb700000| PB 0x00000000eb700000| Complete 
| 184|0x00000000eb800000, 0x00000000eb900000, 0x00000000eb900000|100%| E|CS|TAMS 0x00000000eb800000| PB 0x00000000eb800000| Complete 
| 185|0x00000000eb900000, 0x00000000eba00000, 0x00000000eba00000|100%| E|CS|TAMS 0x00000000eb900000| PB 0x00000000eb900000| Complete 
| 186|0x00000000eba00000, 0x00000000ebb00000, 0x00000000ebb00000|100%| E|CS|TAMS 0x00000000eba00000| PB 0x00000000eba00000| Complete 
| 187|0x00000000ebb00000, 0x00000000ebc00000, 0x00000000ebc00000|100%| E|CS|TAMS 0x00000000ebb00000| PB 0x00000000ebb00000| Complete 
| 188|0x00000000ebc00000, 0x00000000ebd00000, 0x00000000ebd00000|100%| E|CS|TAMS 0x00000000ebc00000| PB 0x00000000ebc00000| Complete 
| 189|0x00000000ebd00000, 0x00000000ebe00000, 0x00000000ebe00000|100%| E|CS|TAMS 0x00000000ebd00000| PB 0x00000000ebd00000| Complete 
| 190|0x00000000ebe00000, 0x00000000ebf00000, 0x00000000ebf00000|100%| E|CS|TAMS 0x00000000ebe00000| PB 0x00000000ebe00000| Complete 
| 191|0x00000000ebf00000, 0x00000000ec000000, 0x00000000ec000000|100%| E|CS|TAMS 0x00000000ebf00000| PB 0x00000000ebf00000| Complete 
| 192|0x00000000ec000000, 0x00000000ec100000, 0x00000000ec100000|100%| E|CS|TAMS 0x00000000ec000000| PB 0x00000000ec000000| Complete 
| 193|0x00000000ec100000, 0x00000000ec200000, 0x00000000ec200000|100%| E|CS|TAMS 0x00000000ec100000| PB 0x00000000ec100000| Complete 
| 194|0x00000000ec200000, 0x00000000ec300000, 0x00000000ec300000|100%| E|CS|TAMS 0x00000000ec200000| PB 0x00000000ec200000| Complete 
| 195|0x00000000ec300000, 0x00000000ec400000, 0x00000000ec400000|100%| E|CS|TAMS 0x00000000ec300000| PB 0x00000000ec300000| Complete 
| 196|0x00000000ec400000, 0x00000000ec500000, 0x00000000ec500000|100%| E|CS|TAMS 0x00000000ec400000| PB 0x00000000ec400000| Complete 
| 197|0x00000000ec500000, 0x00000000ec600000, 0x00000000ec600000|100%| E|CS|TAMS 0x00000000ec500000| PB 0x00000000ec500000| Complete 
| 198|0x00000000ec600000, 0x00000000ec700000, 0x00000000ec700000|100%| E|CS|TAMS 0x00000000ec600000| PB 0x00000000ec600000| Complete 
| 199|0x00000000ec700000, 0x00000000ec800000, 0x00000000ec800000|100%| E|CS|TAMS 0x00000000ec700000| PB 0x00000000ec700000| Complete 
| 200|0x00000000ec800000, 0x00000000ec900000, 0x00000000ec900000|100%| E|CS|TAMS 0x00000000ec800000| PB 0x00000000ec800000| Complete 
| 201|0x00000000ec900000, 0x00000000eca00000, 0x00000000eca00000|100%| E|CS|TAMS 0x00000000ec900000| PB 0x00000000ec900000| Complete 
| 202|0x00000000eca00000, 0x00000000ecb00000, 0x00000000ecb00000|100%| E|CS|TAMS 0x00000000eca00000| PB 0x00000000eca00000| Complete 
| 203|0x00000000ecb00000, 0x00000000ecc00000, 0x00000000ecc00000|100%| E|CS|TAMS 0x00000000ecb00000| PB 0x00000000ecb00000| Complete 
| 204|0x00000000ecc00000, 0x00000000ecd00000, 0x00000000ecd00000|100%| E|CS|TAMS 0x00000000ecc00000| PB 0x00000000ecc00000| Complete 
| 205|0x00000000ecd00000, 0x00000000ece00000, 0x00000000ece00000|100%| E|CS|TAMS 0x00000000ecd00000| PB 0x00000000ecd00000| Complete 
| 206|0x00000000ece00000, 0x00000000ecf00000, 0x00000000ecf00000|100%| E|CS|TAMS 0x00000000ece00000| PB 0x00000000ece00000| Complete 
| 207|0x00000000ecf00000, 0x00000000ed000000, 0x00000000ed000000|100%| E|CS|TAMS 0x00000000ecf00000| PB 0x00000000ecf00000| Complete 
| 208|0x00000000ed000000, 0x00000000ed100000, 0x00000000ed100000|100%| E|CS|TAMS 0x00000000ed000000| PB 0x00000000ed000000| Complete 
| 209|0x00000000ed100000, 0x00000000ed200000, 0x00000000ed200000|100%| E|CS|TAMS 0x00000000ed100000| PB 0x00000000ed100000| Complete 
| 210|0x00000000ed200000, 0x00000000ed300000, 0x00000000ed300000|100%| E|CS|TAMS 0x00000000ed200000| PB 0x00000000ed200000| Complete 
| 211|0x00000000ed300000, 0x00000000ed400000, 0x00000000ed400000|100%| E|CS|TAMS 0x00000000ed300000| PB 0x00000000ed300000| Complete 
| 212|0x00000000ed400000, 0x00000000ed500000, 0x00000000ed500000|100%| E|CS|TAMS 0x00000000ed400000| PB 0x00000000ed400000| Complete 
| 213|0x00000000ed500000, 0x00000000ed600000, 0x00000000ed600000|100%| E|CS|TAMS 0x00000000ed500000| PB 0x00000000ed500000| Complete 
| 214|0x00000000ed600000, 0x00000000ed700000, 0x00000000ed700000|100%| E|CS|TAMS 0x00000000ed600000| PB 0x00000000ed600000| Complete 
| 215|0x00000000ed700000, 0x00000000ed800000, 0x00000000ed800000|100%| E|CS|TAMS 0x00000000ed700000| PB 0x00000000ed700000| Complete 
| 216|0x00000000ed800000, 0x00000000ed900000, 0x00000000ed900000|100%| E|CS|TAMS 0x00000000ed800000| PB 0x00000000ed800000| Complete 
| 217|0x00000000ed900000, 0x00000000eda00000, 0x00000000eda00000|100%| E|CS|TAMS 0x00000000ed900000| PB 0x00000000ed900000| Complete 
| 218|0x00000000eda00000, 0x00000000edb00000, 0x00000000edb00000|100%| E|CS|TAMS 0x00000000eda00000| PB 0x00000000eda00000| Complete 
| 219|0x00000000edb00000, 0x00000000edc00000, 0x00000000edc00000|100%| E|CS|TAMS 0x00000000edb00000| PB 0x00000000edb00000| Complete 
| 220|0x00000000edc00000, 0x00000000edd00000, 0x00000000edd00000|100%| E|CS|TAMS 0x00000000edc00000| PB 0x00000000edc00000| Complete 
| 221|0x00000000edd00000, 0x00000000ede00000, 0x00000000ede00000|100%| E|CS|TAMS 0x00000000edd00000| PB 0x00000000edd00000| Complete 
| 222|0x00000000ede00000, 0x00000000edf00000, 0x00000000edf00000|100%| E|CS|TAMS 0x00000000ede00000| PB 0x00000000ede00000| Complete 
| 223|0x00000000edf00000, 0x00000000ee000000, 0x00000000ee000000|100%| E|CS|TAMS 0x00000000edf00000| PB 0x00000000edf00000| Complete 
| 224|0x00000000ee000000, 0x00000000ee100000, 0x00000000ee100000|100%| E|CS|TAMS 0x00000000ee000000| PB 0x00000000ee000000| Complete 
| 225|0x00000000ee100000, 0x00000000ee200000, 0x00000000ee200000|100%| E|CS|TAMS 0x00000000ee100000| PB 0x00000000ee100000| Complete 
| 226|0x00000000ee200000, 0x00000000ee300000, 0x00000000ee300000|100%| E|CS|TAMS 0x00000000ee200000| PB 0x00000000ee200000| Complete 
| 227|0x00000000ee300000, 0x00000000ee400000, 0x00000000ee400000|100%| E|CS|TAMS 0x00000000ee300000| PB 0x00000000ee300000| Complete 
| 228|0x00000000ee400000, 0x00000000ee500000, 0x00000000ee500000|100%| E|CS|TAMS 0x00000000ee400000| PB 0x00000000ee400000| Complete 
| 229|0x00000000ee500000, 0x00000000ee600000, 0x00000000ee600000|100%| E|CS|TAMS 0x00000000ee500000| PB 0x00000000ee500000| Complete 
| 230|0x00000000ee600000, 0x00000000ee700000, 0x00000000ee700000|100%| E|CS|TAMS 0x00000000ee600000| PB 0x00000000ee600000| Complete 
| 231|0x00000000ee700000, 0x00000000ee800000, 0x00000000ee800000|100%| E|CS|TAMS 0x00000000ee700000| PB 0x00000000ee700000| Complete 
| 232|0x00000000ee800000, 0x00000000ee900000, 0x00000000ee900000|100%| E|CS|TAMS 0x00000000ee800000| PB 0x00000000ee800000| Complete 
| 233|0x00000000ee900000, 0x00000000eea00000, 0x00000000eea00000|100%| E|CS|TAMS 0x00000000ee900000| PB 0x00000000ee900000| Complete 
| 234|0x00000000eea00000, 0x00000000eeb00000, 0x00000000eeb00000|100%| E|CS|TAMS 0x00000000eea00000| PB 0x00000000eea00000| Complete 
| 235|0x00000000eeb00000, 0x00000000eec00000, 0x00000000eec00000|100%| E|CS|TAMS 0x00000000eeb00000| PB 0x00000000eeb00000| Complete 
| 236|0x00000000eec00000, 0x00000000eed00000, 0x00000000eed00000|100%| E|CS|TAMS 0x00000000eec00000| PB 0x00000000eec00000| Complete 
| 237|0x00000000eed00000, 0x00000000eee00000, 0x00000000eee00000|100%| E|CS|TAMS 0x00000000eed00000| PB 0x00000000eed00000| Complete 
| 238|0x00000000eee00000, 0x00000000eef00000, 0x00000000eef00000|100%| E|CS|TAMS 0x00000000eee00000| PB 0x00000000eee00000| Complete 
| 239|0x00000000eef00000, 0x00000000ef000000, 0x00000000ef000000|100%| E|CS|TAMS 0x00000000eef00000| PB 0x00000000eef00000| Complete 
| 240|0x00000000ef000000, 0x00000000ef100000, 0x00000000ef100000|100%| E|CS|TAMS 0x00000000ef000000| PB 0x00000000ef000000| Complete 
| 241|0x00000000ef100000, 0x00000000ef200000, 0x00000000ef200000|100%| E|CS|TAMS 0x00000000ef100000| PB 0x00000000ef100000| Complete 
| 242|0x00000000ef200000, 0x00000000ef300000, 0x00000000ef300000|100%| E|CS|TAMS 0x00000000ef200000| PB 0x00000000ef200000| Complete 
| 243|0x00000000ef300000, 0x00000000ef400000, 0x00000000ef400000|100%| E|CS|TAMS 0x00000000ef300000| PB 0x00000000ef300000| Complete 
| 244|0x00000000ef400000, 0x00000000ef500000, 0x00000000ef500000|100%| E|CS|TAMS 0x00000000ef400000| PB 0x00000000ef400000| Complete 
| 245|0x00000000ef500000, 0x00000000ef600000, 0x00000000ef600000|100%| E|CS|TAMS 0x00000000ef500000| PB 0x00000000ef500000| Complete 
| 246|0x00000000ef600000, 0x00000000ef700000, 0x00000000ef700000|100%| E|CS|TAMS 0x00000000ef600000| PB 0x00000000ef600000| Complete 
| 247|0x00000000ef700000, 0x00000000ef800000, 0x00000000ef800000|100%| E|CS|TAMS 0x00000000ef700000| PB 0x00000000ef700000| Complete 
| 248|0x00000000ef800000, 0x00000000ef900000, 0x00000000ef900000|100%| E|CS|TAMS 0x00000000ef800000| PB 0x00000000ef800000| Complete 
| 249|0x00000000ef900000, 0x00000000efa00000, 0x00000000efa00000|100%| E|CS|TAMS 0x00000000ef900000| PB 0x00000000ef900000| Complete 
| 250|0x00000000efa00000, 0x00000000efb00000, 0x00000000efb00000|100%| E|CS|TAMS 0x00000000efa00000| PB 0x00000000efa00000| Complete 
| 251|0x00000000efb00000, 0x00000000efc00000, 0x00000000efc00000|100%| E|CS|TAMS 0x00000000efb00000| PB 0x00000000efb00000| Complete 
| 252|0x00000000efc00000, 0x00000000efd00000, 0x00000000efd00000|100%| E|CS|TAMS 0x00000000efc00000| PB 0x00000000efc00000| Complete 
| 253|0x00000000efd00000, 0x00000000efe00000, 0x00000000efe00000|100%| E|CS|TAMS 0x00000000efd00000| PB 0x00000000efd00000| Complete 
| 254|0x00000000efe00000, 0x00000000eff00000, 0x00000000eff00000|100%| E|CS|TAMS 0x00000000efe00000| PB 0x00000000efe00000| Complete 
| 255|0x00000000eff00000, 0x00000000f0000000, 0x00000000f0000000|100%| E|CS|TAMS 0x00000000eff00000| PB 0x00000000eff00000| Complete 

Card table byte_map: [0x00000252b5750000,0x00000252b5850000] _byte_map_base: 0x00000252b5050000

Marking Bits: (CMBitMap*) 0x000002529dc3dac0
 Bits: [0x00000252b5850000, 0x00000252b6050000)

Polling page: 0x000002529b780000

Metaspace:

Usage:
  Non-class:     54.83 MB used.
      Class:      9.34 MB used.
       Both:     64.18 MB used.

Virtual space:
  Non-class space:       64.00 MB reserved,      55.94 MB ( 87%) committed,  1 nodes.
      Class space:      320.00 MB reserved,      10.44 MB (  3%) committed,  1 nodes.
             Both:      384.00 MB reserved,      66.38 MB ( 17%) committed. 

Chunk freelists:
   Non-Class:  8.06 MB
       Class:  5.48 MB
        Both:  13.54 MB

MaxMetaspaceSize: 384.00 MB
CompressedClassSpaceSize: 320.00 MB
Initial GC threshold: 21.00 MB
Current GC threshold: 98.12 MB
CDS: on
 - commit_granule_bytes: 65536.
 - commit_granule_words: 8192.
 - virtual_space_node_default_size: 8388608.
 - enlarge_chunks_in_place: 1.
 - use_allocation_guard: 0.


Internal statistics:

num_allocs_failed_limit: 9.
num_arena_births: 4012.
num_arena_deaths: 0.
num_vsnodes_births: 2.
num_vsnodes_deaths: 0.
num_space_committed: 1062.
num_space_uncommitted: 0.
num_chunks_returned_to_freelist: 9.
num_chunks_taken_from_freelist: 7305.
num_chunk_merges: 9.
num_chunk_splits: 4682.
num_chunks_enlarged: 2799.
num_inconsistent_stats: 0.

CodeHeap 'non-profiled nmethods': size=120000Kb used=3967Kb max_used=3967Kb free=116032Kb
 bounds [0x00000252addf0000, 0x00000252ae1d0000, 0x00000252b5320000]
CodeHeap 'profiled nmethods': size=120000Kb used=15281Kb max_used=15281Kb free=104718Kb
 bounds [0x00000252a6320000, 0x00000252a7210000, 0x00000252ad850000]
CodeHeap 'non-nmethods': size=5760Kb used=1923Kb max_used=1967Kb free=3836Kb
 bounds [0x00000252ad850000, 0x00000252adac0000, 0x00000252addf0000]
CodeCache: size=245760Kb, used=21171Kb, max_used=21215Kb, free=224586Kb
 total_blobs=8589, nmethods=7801, adapters=692, full_count=0
Compilation: enabled, stopped_count=0, restarted_count=0

Compilation events (20 events):
Event: 16.075 Thread 0x00000252b8ace320 8379       1       org.gradle.api.internal.artifacts.ivyservice.resolveengine.graph.builder.ResolveState::getConsumerSchema (5 bytes)
Event: 16.075 Thread 0x00000252b8ace320 nmethod 8379 0x00000252ae1c9390 code [0x00000252ae1c9520, 0x00000252ae1c95e8]
Event: 16.076 Thread 0x00000252b8ace320 8380       3       com.esotericsoftware.kryo.io.Output::writeByte (36 bytes)
Event: 16.077 Thread 0x00000252b8ace320 nmethod 8380 0x00000252a71e6210 code [0x00000252a71e63c0, 0x00000252a71e65a0]
Event: 16.080 Thread 0x00000252b8ace320 8381       1       io.spring.gradle.dependencymanagement.org.apache.maven.model.PluginConfiguration::getPluginManagement (5 bytes)
Event: 16.080 Thread 0x00000252b8ace320 nmethod 8381 0x00000252ae1c9690 code [0x00000252ae1c9820, 0x00000252ae1c98e8]
Event: 16.084 Thread 0x00000252b8ace320 8382       3       org.gradle.internal.component.external.model.VariantMetadataRules$$Lambda/0x00000252ba86e238::apply (12 bytes)
Event: 16.085 Thread 0x00000252b8ace320 nmethod 8382 0x00000252a71e6690 code [0x00000252a71e6860, 0x00000252a71e6bf0]
Event: 16.085 Thread 0x00000252b8ace320 8383       3       org.gradle.internal.component.external.model.VariantMetadataRules::lambda$getAttributes$0 (14 bytes)
Event: 16.085 Thread 0x00000252b8ace320 nmethod 8383 0x00000252a71e6d90 code [0x00000252a71e6f60, 0x00000252a71e7190]
Event: 16.085 Thread 0x00000252b8ace320 8384       3       org.gradle.api.internal.attributes.HierarchicalMutableAttributeContainer::keySet (22 bytes)
Event: 16.085 Thread 0x00000252b8ace320 nmethod 8384 0x00000252a71e7310 code [0x00000252a71e75a0, 0x00000252a71e8138]
Event: 16.085 Thread 0x00000252b8ace320 8385       3       com.google.common.collect.Sets$1::isEmpty (30 bytes)
Event: 16.086 Thread 0x00000252b8ace320 nmethod 8385 0x00000252a71e8590 code [0x00000252a71e8760, 0x00000252a71e8a88]
Event: 16.086 Thread 0x00000252b8ace320 8386       3       org.gradle.internal.component.model.DefaultExternalModuleComponentGraphResolveState$DefaultConfigurationGraphResolveState::<init> (27 bytes)
Event: 16.086 Thread 0x00000252b8ace320 nmethod 8386 0x00000252a71e8b90 code [0x00000252a71e8d60, 0x00000252a71e90f8]
Event: 16.086 Thread 0x00000252b8ace320 8387       3       org.gradle.internal.component.model.DefaultExternalModuleComponentGraphResolveState$DefaultConfigurationArtifactResolveState::<init> (10 bytes)
Event: 16.086 Thread 0x00000252b8ace320 nmethod 8387 0x00000252a71e9210 code [0x00000252a71e93c0, 0x00000252a71e9578]
Event: 16.089 Thread 0x00000252b8ace320 8388   !   3       io.spring.gradle.dependencymanagement.org.apache.maven.model.ModelBase::clone (397 bytes)
Event: 17.088 Thread 0x00000252b8ace320 nmethod 8388 0x00000252a71e9610 code [0x00000252a71e9be0, 0x00000252a71ecd90]

GC Heap History (12 events):
Event: 0.517 GC heap before
{Heap before GC invocations=0 (full 0):
 garbage-first heap   total 262144K, used 26624K [0x00000000e0000000, 0x0000000100000000)
  region size 1024K, 23 young (23552K), 0 survivors (0K)
 Metaspace       used 3076K, committed 3200K, reserved 393216K
  class space    used 368K, committed 448K, reserved 327680K
}
Event: 0.521 GC heap after
{Heap after GC invocations=1 (full 0):
 garbage-first heap   total 262144K, used 10786K [0x00000000e0000000, 0x0000000100000000)
  region size 1024K, 3 young (3072K), 3 survivors (3072K)
 Metaspace       used 3076K, committed 3200K, reserved 393216K
  class space    used 368K, committed 448K, reserved 327680K
}
Event: 0.922 GC heap before
{Heap before GC invocations=1 (full 0):
 garbage-first heap   total 262144K, used 40482K [0x00000000e0000000, 0x0000000100000000)
  region size 1024K, 31 young (31744K), 3 survivors (3072K)
 Metaspace       used 4656K, committed 4864K, reserved 393216K
  class space    used 590K, committed 704K, reserved 327680K
}
Event: 0.926 GC heap after
{Heap after GC invocations=2 (full 0):
 garbage-first heap   total 262144K, used 15623K [0x00000000e0000000, 0x0000000100000000)
  region size 1024K, 4 young (4096K), 4 survivors (4096K)
 Metaspace       used 4656K, committed 4864K, reserved 393216K
  class space    used 590K, committed 704K, reserved 327680K
}
Event: 3.312 GC heap before
{Heap before GC invocations=2 (full 0):
 garbage-first heap   total 262144K, used 116999K [0x00000000e0000000, 0x0000000100000000)
  region size 1024K, 104 young (106496K), 4 survivors (4096K)
 Metaspace       used 20868K, committed 21504K, reserved 393216K
  class space    used 2960K, committed 3264K, reserved 327680K
}
Event: 3.324 GC heap after
{Heap after GC invocations=3 (full 0):
 garbage-first heap   total 262144K, used 24050K [0x00000000e0000000, 0x0000000100000000)
  region size 1024K, 12 young (12288K), 12 survivors (12288K)
 Metaspace       used 20868K, committed 21504K, reserved 393216K
  class space    used 2960K, committed 3264K, reserved 327680K
}
Event: 8.198 GC heap before
{Heap before GC invocations=4 (full 0):
 garbage-first heap   total 262144K, used 128498K [0x00000000e0000000, 0x0000000100000000)
  region size 1024K, 114 young (116736K), 12 survivors (12288K)
 Metaspace       used 34652K, committed 35968K, reserved 393216K
  class space    used 5011K, committed 5696K, reserved 327680K
}
Event: 8.215 GC heap after
{Heap after GC invocations=5 (full 0):
 garbage-first heap   total 262144K, used 31661K [0x00000000e0000000, 0x0000000100000000)
  region size 1024K, 16 young (16384K), 16 survivors (16384K)
 Metaspace       used 34652K, committed 35968K, reserved 393216K
  class space    used 5011K, committed 5696K, reserved 327680K
}
Event: 11.964 GC heap before
{Heap before GC invocations=6 (full 0):
 garbage-first heap   total 262144K, used 170925K [0x00000000e0000000, 0x0000000100000000)
  region size 1024K, 153 young (156672K), 16 survivors (16384K)
 Metaspace       used 49715K, committed 51712K, reserved 393216K
  class space    used 7271K, committed 8256K, reserved 327680K
}
Event: 11.985 GC heap after
{Heap after GC invocations=7 (full 0):
 garbage-first heap   total 262144K, used 41739K [0x00000000e0000000, 0x0000000100000000)
  region size 1024K, 18 young (18432K), 18 survivors (18432K)
 Metaspace       used 49715K, committed 51712K, reserved 393216K
  class space    used 7271K, committed 8256K, reserved 327680K
}
Event: 14.145 GC heap before
{Heap before GC invocations=7 (full 0):
 garbage-first heap   total 262144K, used 137995K [0x00000000e0000000, 0x0000000100000000)
  region size 1024K, 114 young (116736K), 18 survivors (18432K)
 Metaspace       used 58061K, committed 60096K, reserved 393216K
  class space    used 8588K, committed 9600K, reserved 327680K
}
Event: 14.159 GC heap after
{Heap after GC invocations=8 (full 0):
 garbage-first heap   total 262144K, used 48963K [0x00000000e0000000, 0x0000000100000000)
  region size 1024K, 7 young (7168K), 7 survivors (7168K)
 Metaspace       used 58061K, committed 60096K, reserved 393216K
  class space    used 8588K, committed 9600K, reserved 327680K
}

Dll operation events (15 events):
Event: 0.007 Loaded shared library C:\Users\engpr\AppData\Roaming\Code\User\globalStorage\pleiades.java-extension-pack-jdk\java\21\bin\java.dll
Event: 0.034 Loaded shared library C:\Users\engpr\AppData\Roaming\Code\User\globalStorage\pleiades.java-extension-pack-jdk\java\21\bin\jsvml.dll
Event: 0.068 Loaded shared library C:\Users\engpr\AppData\Roaming\Code\User\globalStorage\pleiades.java-extension-pack-jdk\java\21\bin\zip.dll
Event: 0.070 Loaded shared library C:\Users\engpr\AppData\Roaming\Code\User\globalStorage\pleiades.java-extension-pack-jdk\java\21\bin\instrument.dll
Event: 0.076 Loaded shared library C:\Users\engpr\AppData\Roaming\Code\User\globalStorage\pleiades.java-extension-pack-jdk\java\21\bin\net.dll
Event: 0.079 Loaded shared library C:\Users\engpr\AppData\Roaming\Code\User\globalStorage\pleiades.java-extension-pack-jdk\java\21\bin\nio.dll
Event: 0.082 Loaded shared library C:\Users\engpr\AppData\Roaming\Code\User\globalStorage\pleiades.java-extension-pack-jdk\java\21\bin\zip.dll
Event: 0.213 Loaded shared library C:\Users\engpr\AppData\Roaming\Code\User\globalStorage\pleiades.java-extension-pack-jdk\java\21\bin\jimage.dll
Event: 0.397 Loaded shared library C:\Users\engpr\AppData\Roaming\Code\User\globalStorage\pleiades.java-extension-pack-jdk\java\21\bin\verify.dll
Event: 0.424 Loaded shared library C:\Users\engpr\.gradle\native\660c5614fbf4a5f2a75b1949f50a0caf5cd603558e7d8a26e50b933a0cfb79d1\windows-amd64\native-platform.dll
Event: 0.433 Loaded shared library C:\Users\engpr\.gradle\native\0.2.8\x86_64-windows-gnu\gradle-fileevents.dll
Event: 1.269 Loaded shared library C:\Users\engpr\AppData\Roaming\Code\User\globalStorage\pleiades.java-extension-pack-jdk\java\21\bin\management.dll
Event: 1.273 Loaded shared library C:\Users\engpr\AppData\Roaming\Code\User\globalStorage\pleiades.java-extension-pack-jdk\java\21\bin\management_ext.dll
Event: 1.419 Loaded shared library C:\Users\engpr\AppData\Roaming\Code\User\globalStorage\pleiades.java-extension-pack-jdk\java\21\bin\extnet.dll
Event: 1.639 Loaded shared library C:\Users\engpr\AppData\Roaming\Code\User\globalStorage\pleiades.java-extension-pack-jdk\java\21\bin\sunmscapi.dll

Deoptimization events (20 events):
Event: 15.754 Thread 0x00000252d424f570 Uncommon trap: trap_request=0xffffff45 fr.pc=0x00000252ae19286c relative=0x000000000000012c
Event: 15.754 Thread 0x00000252d424f570 Uncommon trap: reason=unstable_if action=reinterpret pc=0x00000252ae19286c method=io.spring.gradle.dependencymanagement.org.codehaus.plexus.util.xml.pull.MXParser.isS(C)Z @ 21 c2
Event: 15.754 Thread 0x00000252d424f570 DEOPT PACKING pc=0x00000252ae19286c sp=0x000000922cbf6380
Event: 15.754 Thread 0x00000252d424f570 DEOPT UNPACKING pc=0x00000252ad8a4422 sp=0x000000922cbf62a0 mode 2
Event: 15.877 Thread 0x00000252d424f570 Uncommon trap: trap_request=0xffffff66 fr.pc=0x00000252ae1b9108 relative=0x00000000000000e8
Event: 15.877 Thread 0x00000252d424f570 Uncommon trap: reason=speculate_class_check action=maybe_recompile pc=0x00000252ae1b9108 method=java.lang.invoke.LambdaForm$MH/0x00000252ba67cc00.invoke(Ljava/lang/Object;Ljava/lang/Object;)Ljava/lang/Object; @ 24 c2
Event: 15.877 Thread 0x00000252d424f570 DEOPT PACKING pc=0x00000252ae1b9108 sp=0x000000922cbf6660
Event: 15.877 Thread 0x00000252d424f570 DEOPT UNPACKING pc=0x00000252ad8a4422 sp=0x000000922cbf65b0 mode 2
Event: 15.877 Thread 0x00000252d424f570 Uncommon trap: trap_request=0xffffff66 fr.pc=0x00000252ae1b9108 relative=0x00000000000000e8
Event: 15.877 Thread 0x00000252d424f570 Uncommon trap: reason=speculate_class_check action=maybe_recompile pc=0x00000252ae1b9108 method=java.lang.invoke.LambdaForm$MH/0x00000252ba67cc00.invoke(Ljava/lang/Object;Ljava/lang/Object;)Ljava/lang/Object; @ 24 c2
Event: 15.877 Thread 0x00000252d424f570 DEOPT PACKING pc=0x00000252ae1b9108 sp=0x000000922cbf65b0
Event: 15.877 Thread 0x00000252d424f570 DEOPT UNPACKING pc=0x00000252ad8a4422 sp=0x000000922cbf6510 mode 2
Event: 15.877 Thread 0x00000252d424f570 Uncommon trap: trap_request=0xffffff66 fr.pc=0x00000252ae1b9108 relative=0x00000000000000e8
Event: 15.877 Thread 0x00000252d424f570 Uncommon trap: reason=speculate_class_check action=maybe_recompile pc=0x00000252ae1b9108 method=java.lang.invoke.LambdaForm$MH/0x00000252ba67cc00.invoke(Ljava/lang/Object;Ljava/lang/Object;)Ljava/lang/Object; @ 24 c2
Event: 15.877 Thread 0x00000252d424f570 DEOPT PACKING pc=0x00000252ae1b9108 sp=0x000000922cbf6660
Event: 15.877 Thread 0x00000252d424f570 DEOPT UNPACKING pc=0x00000252ad8a4422 sp=0x000000922cbf65b0 mode 2
Event: 15.878 Thread 0x00000252d424f570 Uncommon trap: trap_request=0xffffff66 fr.pc=0x00000252ae1b9108 relative=0x00000000000000e8
Event: 15.878 Thread 0x00000252d424f570 Uncommon trap: reason=speculate_class_check action=maybe_recompile pc=0x00000252ae1b9108 method=java.lang.invoke.LambdaForm$MH/0x00000252ba67cc00.invoke(Ljava/lang/Object;Ljava/lang/Object;)Ljava/lang/Object; @ 24 c2
Event: 15.878 Thread 0x00000252d424f570 DEOPT PACKING pc=0x00000252ae1b9108 sp=0x000000922cbf6600
Event: 15.878 Thread 0x00000252d424f570 DEOPT UNPACKING pc=0x00000252ad8a4422 sp=0x000000922cbf6550 mode 2

Classes loaded (20 events):
Event: 14.938 Loading class java/util/TreeSetCustomizer
Event: 14.939 Loading class java/util/TreeSetCustomizer done
Event: 14.939 Loading class java/util/TreeSetCustomizer
Event: 14.939 Loading class java/util/TreeSetCustomizer done
Event: 15.137 Loading class java/util/LinkedList$LLSpliterator
Event: 15.138 Loading class java/util/LinkedList$LLSpliterator done
Event: 15.143 Loading class java/util/stream/ReferencePipeline$4
Event: 15.143 Loading class java/util/stream/IntPipeline$StatelessOp
Event: 15.144 Loading class java/util/stream/IntPipeline$StatelessOp done
Event: 15.144 Loading class java/util/stream/ReferencePipeline$4 done
Event: 15.144 Loading class java/util/stream/ReduceOps$6
Event: 15.144 Loading class java/util/stream/ReduceOps$6 done
Event: 15.144 Loading class java/util/stream/ReduceOps$5ReducingSink
Event: 15.145 Loading class java/util/stream/ReduceOps$5ReducingSink done
Event: 15.145 Loading class java/util/stream/ReferencePipeline$4$1
Event: 15.145 Loading class java/util/stream/ReferencePipeline$4$1 done
Event: 15.390 Loading class java/lang/StringIndexOutOfBoundsException
Event: 15.390 Loading class java/lang/StringIndexOutOfBoundsException done
Event: 15.441 Loading class java/util/Stack
Event: 15.442 Loading class java/util/Stack done

Classes unloaded (0 events):
No events

Classes redefined (0 events):
No events

Internal exceptions (20 events):
Event: 14.896 Thread 0x00000252d4252360 Exception <a 'java/lang/NoSuchMethodError'{0x00000000ed5120f0}: static Lorg/gradle/internal/build/event/types/DefaultProjectConfigurationSuccessResult;.<clinit>()V> (0x00000000ed5120f0) 
thrown [s\src\hotspot\share\prims\jni.cpp, line 1111]
Event: 14.896 Thread 0x00000252d4252360 Exception <a 'java/lang/NoSuchMethodError'{0x00000000ed513238}: static Lorg/gradle/internal/build/event/types/AbstractProjectConfigurationResult;.<clinit>()V> (0x00000000ed513238) 
thrown [s\src\hotspot\share\prims\jni.cpp, line 1111]
Event: 14.897 Thread 0x00000252d4252360 Exception <a 'java/lang/NoSuchMethodError'{0x00000000ed52ea48}: static Lorg/gradle/internal/build/event/types/DefaultPluginApplicationResult;.<clinit>()V> (0x00000000ed52ea48) 
thrown [s\src\hotspot\share\prims\jni.cpp, line 1111]
Event: 14.897 Thread 0x00000252d4252360 Exception <a 'java/lang/NoSuchMethodError'{0x00000000ed539180}: static Lorg/gradle/internal/build/event/types/DefaultBinaryPluginIdentifier;.<clinit>()V> (0x00000000ed539180) 
thrown [s\src\hotspot\share\prims\jni.cpp, line 1111]
Event: 14.900 Thread 0x00000252d4252360 Exception <a 'java/lang/NoSuchMethodError'{0x00000000ed54ee38}: static Lorg/gradle/internal/build/event/types/DefaultScriptPluginIdentifier;.<clinit>()V> (0x00000000ed54ee38) 
thrown [s\src\hotspot\share\prims\jni.cpp, line 1111]
Event: 14.923 Thread 0x00000252d424f570 Exception <a 'java/lang/NoSuchMethodError'{0x00000000ed478988}: 'java.lang.Object java.lang.invoke.DelegatingMethodHandle$Holder.reinvoke_L(java.lang.Object, java.lang.Object, java.lang.Object, int, java.lang.Object, java.lang.Object)'> (0x00000000ed478988) 
thrown [s\src\hotspot\share\interpreter\linkResolver.cpp, line 773]
Event: 14.925 Thread 0x00000252d424f570 Exception <a 'java/lang/NoSuchMethodError'{0x00000000ed491448}: 'java.lang.Object java.lang.invoke.DirectMethodHandle$Holder.invokeStatic(java.lang.Object, java.lang.Object, java.lang.Object, java.lang.Object, java.lang.Object, java.lang.Object, int)'> (0x00000000ed491448) 
thrown [s\src\hotspot\share\interpreter\linkResolver.cpp, line 773]
Event: 14.928 Thread 0x00000252d424f570 Exception <a 'java/lang/NoSuchMethodError'{0x00000000ed4bca68}: 'java.lang.Object java.lang.invoke.DirectMethodHandle$Holder.invokeStatic(java.lang.Object, java.lang.Object, java.lang.Object, java.lang.Object, java.lang.Object, java.lang.Object, int, java.lang.Object, java.lang.Object)'> (0x00000000ed4bca68) 
thrown [s\src\hotspot\share\interpreter\linkResolver.cpp, line 773]
Event: 14.936 Thread 0x00000252d424f570 Exception <a 'java/lang/ClassNotFoundException'{0x00000000ed316240}: java/util/TreeSetBeanInfo> (0x00000000ed316240) 
thrown [s\src\hotspot\share\classfile\systemDictionary.cpp, line 312]
Event: 14.936 Thread 0x00000252d424f570 Exception <a 'java/lang/ClassNotFoundException'{0x00000000ed31c678}: java/util/AbstractSetBeanInfo> (0x00000000ed31c678) 
thrown [s\src\hotspot\share\classfile\systemDictionary.cpp, line 312]
Event: 14.936 Thread 0x00000252d424f570 Exception <a 'java/lang/ClassNotFoundException'{0x00000000ed322b60}: java/util/AbstractSetCustomizer> (0x00000000ed322b60) 
thrown [s\src\hotspot\share\classfile\systemDictionary.cpp, line 312]
Event: 14.940 Thread 0x00000252d424f570 Exception <a 'java/lang/ClassNotFoundException'{0x00000000ed34f560}: java/util/TreeSetCustomizer> (0x00000000ed34f560) 
thrown [s\src\hotspot\share\classfile\systemDictionary.cpp, line 312]
Event: 15.109 Thread 0x00000252d424f570 Exception <a 'java/lang/NoSuchMethodError'{0x00000000ecce99f0}: 'int java.lang.invoke.DirectMethodHandle$Holder.invokeSpecialIFC(java.lang.Object, java.lang.Object, java.lang.Object, java.lang.Object, java.lang.Object)'> (0x00000000ecce99f0) 
thrown [s\src\hotspot\share\interpreter\linkResolver.cpp, line 773]
Event: 15.466 Thread 0x00000252d424f570 Exception <a 'java/lang/ClassNotFoundException'{0x00000000eb91e5c8}: org/gradle/plugin/software/internal/ProjectFeaturesDynamicObject_DecoratedBeanInfo> (0x00000000eb91e5c8) 
thrown [s\src\hotspot\share\classfile\systemDictionary.cpp, line 312]
Event: 15.466 Thread 0x00000252d424f570 Exception <a 'java/lang/ClassNotFoundException'{0x00000000eb92c8e8}: org/gradle/plugin/software/internal/ProjectFeaturesDynamicObjectBeanInfo> (0x00000000eb92c8e8) 
thrown [s\src\hotspot\share\classfile\systemDictionary.cpp, line 312]
Event: 15.467 Thread 0x00000252d424f570 Exception <a 'java/lang/ClassNotFoundException'{0x00000000eb93a830}: org/gradle/internal/metaobject/AbstractDynamicObjectBeanInfo> (0x00000000eb93a830) 
thrown [s\src\hotspot\share\classfile\systemDictionary.cpp, line 312]
Event: 15.467 Thread 0x00000252d424f570 Exception <a 'java/lang/ClassNotFoundException'{0x00000000eb948770}: org/gradle/internal/metaobject/AbstractDynamicObjectCustomizer> (0x00000000eb948770) 
thrown [s\src\hotspot\share\classfile\systemDictionary.cpp, line 312]
Event: 15.469 Thread 0x00000252d424f570 Exception <a 'java/lang/ClassNotFoundException'{0x00000000eb963840}: org/gradle/plugin/software/internal/ProjectFeaturesDynamicObjectCustomizer> (0x00000000eb963840) 
thrown [s\src\hotspot\share\classfile\systemDictionary.cpp, line 312]
Event: 15.470 Thread 0x00000252d424f570 Exception <a 'java/lang/ClassNotFoundException'{0x00000000eb9793d8}: org/gradle/plugin/software/internal/ProjectFeaturesDynamicObject_DecoratedCustomizer> (0x00000000eb9793d8) 
thrown [s\src\hotspot\share\classfile\systemDictionary.cpp, line 312]
Event: 15.486 Thread 0x00000252d424f570 Exception <a 'java/lang/NoSuchMethodError'{0x00000000eb83b4c8}: 'void java.lang.invoke.Invokers$Holder.invokeExact_MT(java.lang.Object, java.lang.Object, java.lang.Object, java.lang.Object)'> (0x00000000eb83b4c8) 
thrown [s\src\hotspot\share\interpreter\linkResolver.cpp, line 773]

ZGC Phase Switch (0 events):
No events

VM Operations (20 events):
Event: 13.826 Executing VM operation: ICBufferFull done
Event: 14.145 Executing VM operation: CollectForMetadataAllocation (Metadata GC Threshold)
Event: 14.159 Executing VM operation: CollectForMetadataAllocation (Metadata GC Threshold) done
Event: 14.175 Executing VM operation: G1PauseRemark
Event: 14.179 Executing VM operation: G1PauseRemark done
Event: 14.187 Executing VM operation: G1PauseCleanup
Event: 14.187 Executing VM operation: G1PauseCleanup done
Event: 14.747 Executing VM operation: ICBufferFull
Event: 14.747 Executing VM operation: ICBufferFull done
Event: 14.793 Executing VM operation: HandshakeAllThreads (Deoptimize)
Event: 14.793 Executing VM operation: HandshakeAllThreads (Deoptimize) done
Event: 14.838 Executing VM operation: HandshakeAllThreads (Deoptimize)
Event: 14.838 Executing VM operation: HandshakeAllThreads (Deoptimize) done
Event: 15.188 Executing VM operation: ICBufferFull
Event: 15.188 Executing VM operation: ICBufferFull done
Event: 15.615 Executing VM operation: HandshakeAllThreads (Deoptimize)
Event: 15.615 Executing VM operation: HandshakeAllThreads (Deoptimize) done
Event: 15.784 Executing VM operation: ICBufferFull
Event: 15.785 Executing VM operation: ICBufferFull done
Event: 16.789 Executing VM operation: Cleanup

Memory protections (0 events):
No events

Nmethod flushes (20 events):
Event: 14.178 Thread 0x00000252b8ab1120 flushing  nmethod 0x00000252a6482190
Event: 14.178 Thread 0x00000252b8ab1120 flushing  nmethod 0x00000252a6482b90
Event: 14.178 Thread 0x00000252b8ab1120 flushing  nmethod 0x00000252a6539190
Event: 14.178 Thread 0x00000252b8ab1120 flushing  nmethod 0x00000252a666c210
Event: 14.178 Thread 0x00000252b8ab1120 flushing  nmethod 0x00000252a666d510
Event: 14.178 Thread 0x00000252b8ab1120 flushing  nmethod 0x00000252a6742410
Event: 14.178 Thread 0x00000252b8ab1120 flushing  nmethod 0x00000252a67cf510
Event: 14.178 Thread 0x00000252b8ab1120 flushing  nmethod 0x00000252a67cfa10
Event: 14.178 Thread 0x00000252b8ab1120 flushing  nmethod 0x00000252a685b110
Event: 14.178 Thread 0x00000252b8ab1120 flushing  nmethod 0x00000252a688ca10
Event: 14.178 Thread 0x00000252b8ab1120 flushing  nmethod 0x00000252a68e8890
Event: 14.178 Thread 0x00000252b8ab1120 flushing  nmethod 0x00000252a6943190
Event: 14.178 Thread 0x00000252b8ab1120 flushing  nmethod 0x00000252a6944610
Event: 14.178 Thread 0x00000252b8ab1120 flushing  nmethod 0x00000252a69f3290
Event: 14.178 Thread 0x00000252b8ab1120 flushing  nmethod 0x00000252a69f4690
Event: 14.178 Thread 0x00000252b8ab1120 flushing  nmethod 0x00000252a69f4c10
Event: 14.178 Thread 0x00000252b8ab1120 flushing  nmethod 0x00000252a69f5010
Event: 14.178 Thread 0x00000252b8ab1120 flushing  nmethod 0x00000252a69f5690
Event: 14.178 Thread 0x00000252b8ab1120 flushing  nmethod 0x00000252a69f8c10
Event: 14.178 Thread 0x00000252b8ab1120 flushing  nmethod 0x00000252a69fa190

Events (20 events):
Event: 5.764 Thread 0x00000252d424f570 Thread added: 0x00000252d42529f0
Event: 5.765 Thread 0x00000252d424f570 Thread added: 0x00000252d4255150
Event: 7.403 Thread 0x00000252d424f570 Thread added: 0x00000252d3049db0
Event: 7.561 Thread 0x00000252d424f570 Thread added: 0x00000252d3049720
Event: 8.087 Thread 0x00000252d424f570 Thread added: 0x00000252d304a440
Event: 8.231 Thread 0x00000252d424f570 Thread added: 0x00000252d304aad0
Event: 8.517 Thread 0x00000252d424f570 Thread added: 0x00000252d304be80
Event: 8.580 Thread 0x00000252d424f570 Thread added: 0x00000252d3049090
Event: 9.843 Thread 0x00000252d424f570 Thread added: 0x00000252d304cba0
Event: 9.869 Thread 0x00000252d424f570 Thread added: 0x00000252d304d230
Event: 9.915 Thread 0x00000252d424f570 Thread added: 0x00000252d304c510
Event: 12.569 Thread 0x00000252d424f570 Thread added: 0x00000252d304df50
Event: 12.569 Thread 0x00000252d424f570 Thread added: 0x00000252d304d8c0
Event: 12.570 Thread 0x00000252d424f570 Thread added: 0x00000252d304e5e0
Event: 12.570 Thread 0x00000252d424f570 Thread added: 0x00000252d304b160
Event: 12.571 Thread 0x00000252d424f570 Thread added: 0x00000252d304f300
Event: 12.571 Thread 0x00000252d424f570 Thread added: 0x00000252d304f990
Event: 12.572 Thread 0x00000252d424f570 Thread added: 0x00000252d304ec70
Event: 12.703 Thread 0x00000252d424f570 Thread added: 0x00000252d3050020
Event: 13.399 Thread 0x00000252d424f570 Thread added: 0x00000252d30506b0


Dynamic libraries:
0x00007ff633ba0000 - 0x00007ff633bae000 	C:\Users\engpr\AppData\Roaming\Code\User\globalStorage\pleiades.java-extension-pack-jdk\java\21\bin\java.exe
0x00007ffbbc6e0000 - 0x00007ffbbc947000 	C:\WINDOWS\SYSTEM32\ntdll.dll
0x00007ffbbb060000 - 0x00007ffbbb129000 	C:\WINDOWS\System32\KERNEL32.DLL
0x00007ffbb8fb0000 - 0x00007ffbb93a4000 	C:\WINDOWS\System32\KERNELBASE.dll
0x00007ffbba320000 - 0x00007ffbba46b000 	C:\WINDOWS\System32\ucrtbase.dll
0x00007ffb7e6a0000 - 0x00007ffb7e6be000 	C:\Users\engpr\AppData\Roaming\Code\User\globalStorage\pleiades.java-extension-pack-jdk\java\21\bin\VCRUNTIME140.dll
0x00007ffb763c0000 - 0x00007ffb763d8000 	C:\Users\engpr\AppData\Roaming\Code\User\globalStorage\pleiades.java-extension-pack-jdk\java\21\bin\jli.dll
0x00007ffbbb5c0000 - 0x00007ffbbb785000 	C:\WINDOWS\System32\USER32.dll
0x00007ffba5f30000 - 0x00007ffba61c3000 	C:\WINDOWS\WinSxS\amd64_microsoft.windows.common-controls_6595b64144ccf1df_6.0.26100.8115_none_3e075c82e3354f9c\COMCTL32.dll
0x00007ffbba180000 - 0x00007ffbba1a7000 	C:\WINDOWS\System32\win32u.dll
0x00007ffbbab80000 - 0x00007ffbbabab000 	C:\WINDOWS\System32\GDI32.dll
0x00007ffbbbb30000 - 0x00007ffbbbbd9000 	C:\WINDOWS\System32\msvcrt.dll
0x00007ffbb95b0000 - 0x00007ffbb96da000 	C:\WINDOWS\System32\gdi32full.dll
0x00007ffbb9f50000 - 0x00007ffbb9ff3000 	C:\WINDOWS\System32\msvcp_win.dll
0x00007ffbbae50000 - 0x00007ffbbae82000 	C:\WINDOWS\System32\IMM32.DLL
0x00007ffba3720000 - 0x00007ffba372c000 	C:\Users\engpr\AppData\Roaming\Code\User\globalStorage\pleiades.java-extension-pack-jdk\java\21\bin\vcruntime140_1.dll
0x00007ffb73170000 - 0x00007ffb731fd000 	C:\Users\engpr\AppData\Roaming\Code\User\globalStorage\pleiades.java-extension-pack-jdk\java\21\bin\msvcp140.dll
0x00007ffa978a0000 - 0x00007ffa98640000 	C:\Users\engpr\AppData\Roaming\Code\User\globalStorage\pleiades.java-extension-pack-jdk\java\21\bin\server\jvm.dll
0x00007ffbbae90000 - 0x00007ffbbaf46000 	C:\WINDOWS\System32\ADVAPI32.dll
0x00007ffbbbbe0000 - 0x00007ffbbbc87000 	C:\WINDOWS\System32\sechost.dll
0x00007ffbbaca0000 - 0x00007ffbbadb8000 	C:\WINDOWS\System32\RPCRT4.dll
0x00007ffbbadc0000 - 0x00007ffbbae40000 	C:\WINDOWS\System32\WS2_32.dll
0x00007ffbb8e10000 - 0x00007ffbb8e6e000 	C:\WINDOWS\SYSTEM32\POWRPROF.dll
0x00007ffbb1a40000 - 0x00007ffbb1a76000 	C:\WINDOWS\SYSTEM32\WINMM.dll
0x00007ffbb2b50000 - 0x00007ffbb2b5b000 	C:\WINDOWS\SYSTEM32\VERSION.dll
0x00007ffbb8df0000 - 0x00007ffbb8e04000 	C:\WINDOWS\SYSTEM32\UMPDC.dll
0x00007ffbb7d40000 - 0x00007ffbb7d5b000 	C:\WINDOWS\SYSTEM32\kernel.appcore.dll
0x00007ffb83af0000 - 0x00007ffb83afa000 	C:\Users\engpr\AppData\Roaming\Code\User\globalStorage\pleiades.java-extension-pack-jdk\java\21\bin\jimage.dll
0x00007ffbb6f10000 - 0x00007ffbb7152000 	C:\WINDOWS\SYSTEM32\DBGHELP.DLL
0x00007ffbba6f0000 - 0x00007ffbbaa72000 	C:\WINDOWS\System32\combase.dll
0x00007ffbbaaa0000 - 0x00007ffbbab77000 	C:\WINDOWS\System32\OLEAUT32.dll
0x00007ffba4970000 - 0x00007ffba49ab000 	C:\WINDOWS\SYSTEM32\dbgcore.DLL
0x00007ffbb9440000 - 0x00007ffbb94e5000 	C:\WINDOWS\System32\bcryptPrimitives.dll
0x00007ffb7e670000 - 0x00007ffb7e67f000 	C:\Users\engpr\AppData\Roaming\Code\User\globalStorage\pleiades.java-extension-pack-jdk\java\21\bin\instrument.dll
0x00007ffb741d0000 - 0x00007ffb741f0000 	C:\Users\engpr\AppData\Roaming\Code\User\globalStorage\pleiades.java-extension-pack-jdk\java\21\bin\java.dll
0x00007ffbbbf30000 - 0x00007ffbbc696000 	C:\WINDOWS\System32\SHELL32.dll
0x00007ffbba1b0000 - 0x00007ffbba31a000 	C:\WINDOWS\System32\wintypes.dll
0x00007ffbb96e0000 - 0x00007ffbb9f45000 	C:\WINDOWS\System32\windows.storage.dll
0x00007ffbbb8f0000 - 0x00007ffbbb9e7000 	C:\WINDOWS\System32\SHCORE.dll
0x00007ffbba680000 - 0x00007ffbba6e6000 	C:\WINDOWS\System32\shlwapi.dll
0x00007ffbb8ed0000 - 0x00007ffbb8ef9000 	C:\WINDOWS\SYSTEM32\profapi.dll
0x00007ffb5daa0000 - 0x00007ffb5db77000 	C:\Users\engpr\AppData\Roaming\Code\User\globalStorage\pleiades.java-extension-pack-jdk\java\21\bin\jsvml.dll
0x00007ffb73350000 - 0x00007ffb73368000 	C:\Users\engpr\AppData\Roaming\Code\User\globalStorage\pleiades.java-extension-pack-jdk\java\21\bin\zip.dll
0x00007ffb7baa0000 - 0x00007ffb7bab0000 	C:\Users\engpr\AppData\Roaming\Code\User\globalStorage\pleiades.java-extension-pack-jdk\java\21\bin\net.dll
0x00007ffbb2c70000 - 0x00007ffbb2d9d000 	C:\WINDOWS\SYSTEM32\WINHTTP.dll
0x00007ffbb82b0000 - 0x00007ffbb831c000 	C:\WINDOWS\system32\mswsock.dll
0x00007ffb73330000 - 0x00007ffb73346000 	C:\Users\engpr\AppData\Roaming\Code\User\globalStorage\pleiades.java-extension-pack-jdk\java\21\bin\nio.dll
0x00007ffb7b820000 - 0x00007ffb7b830000 	C:\Users\engpr\AppData\Roaming\Code\User\globalStorage\pleiades.java-extension-pack-jdk\java\21\bin\verify.dll
0x00007ffb6f460000 - 0x00007ffb6f487000 	C:\Users\engpr\.gradle\native\660c5614fbf4a5f2a75b1949f50a0caf5cd603558e7d8a26e50b933a0cfb79d1\windows-amd64\native-platform.dll
0x00007ffb55cf0000 - 0x00007ffb55d67000 	C:\Users\engpr\.gradle\native\0.2.8\x86_64-windows-gnu\gradle-fileevents.dll
0x00007ffb7b7b0000 - 0x00007ffb7b7ba000 	C:\Users\engpr\AppData\Roaming\Code\User\globalStorage\pleiades.java-extension-pack-jdk\java\21\bin\management.dll
0x00007ffb7b5d0000 - 0x00007ffb7b5dc000 	C:\Users\engpr\AppData\Roaming\Code\User\globalStorage\pleiades.java-extension-pack-jdk\java\21\bin\management_ext.dll
0x00007ffbba4d0000 - 0x00007ffbba4d8000 	C:\WINDOWS\System32\PSAPI.DLL
0x00007ffbb7700000 - 0x00007ffbb7732000 	C:\WINDOWS\SYSTEM32\IPHLPAPI.DLL
0x00007ffbbabb0000 - 0x00007ffbbabba000 	C:\WINDOWS\System32\NSI.dll
0x00007ffb79ef0000 - 0x00007ffb79ef9000 	C:\Users\engpr\AppData\Roaming\Code\User\globalStorage\pleiades.java-extension-pack-jdk\java\21\bin\extnet.dll
0x00007ffbb85a0000 - 0x00007ffbb85bb000 	C:\WINDOWS\SYSTEM32\CRYPTSP.dll
0x00007ffbb7ca0000 - 0x00007ffbb7cd9000 	C:\WINDOWS\system32\rsaenh.dll
0x00007ffbb8360000 - 0x00007ffbb8393000 	C:\WINDOWS\SYSTEM32\USERENV.dll
0x00007ffbb8ea0000 - 0x00007ffbb8eca000 	C:\WINDOWS\SYSTEM32\bcrypt.dll
0x00007ffbb8590000 - 0x00007ffbb859c000 	C:\WINDOWS\SYSTEM32\CRYPTBASE.dll
0x00007ffb766c0000 - 0x00007ffb766ce000 	C:\Users\engpr\AppData\Roaming\Code\User\globalStorage\pleiades.java-extension-pack-jdk\java\21\bin\sunmscapi.dll
0x00007ffbba000000 - 0x00007ffbba177000 	C:\WINDOWS\System32\CRYPT32.dll
0x00007ffbb87b0000 - 0x00007ffbb87e0000 	C:\WINDOWS\SYSTEM32\ncrypt.dll
0x00007ffbb8760000 - 0x00007ffbb879f000 	C:\WINDOWS\SYSTEM32\NTASN1.dll
0x00007ffba12f0000 - 0x00007ffba12f8000 	C:\WINDOWS\system32\wshunix.dll

JVMTI agents:
C:\Users\engpr\.gradle\wrapper\dists\gradle-9.4.1-bin\arn2x92ynaizyzdaamcbpbhtj\gradle-9.4.1\lib\agents\gradle-instrumentation-agent-9.4.1.jar path:C:\Users\engpr\AppData\Roaming\Code\User\globalStorage\pleiades.java-extension-pack-jdk\java\21\bin\instrument.dll, loaded, initialized, instrumentlib options:none

dbghelp: loaded successfully - version: 4.0.5 - missing functions: none
symbol engine: initialized successfully - sym options: 0x614 - pdb path: .;C:\Users\engpr\AppData\Roaming\Code\User\globalStorage\pleiades.java-extension-pack-jdk\java\21\bin;C:\WINDOWS\SYSTEM32;C:\WINDOWS\WinSxS\amd64_microsoft.windows.common-controls_6595b64144ccf1df_6.0.26100.8115_none_3e075c82e3354f9c;C:\Users\engpr\AppData\Roaming\Code\User\globalStorage\pleiades.java-extension-pack-jdk\java\21\bin\server;C:\Users\engpr\.gradle\native\660c5614fbf4a5f2a75b1949f50a0caf5cd603558e7d8a26e50b933a0cfb79d1\windows-amd64;C:\Users\engpr\.gradle\native\0.2.8\x86_64-windows-gnu

VM Arguments:
jvm_args: --add-opens=java.base/java.lang=ALL-UNNAMED --add-opens=java.base/java.lang.invoke=ALL-UNNAMED --add-opens=java.base/java.util=ALL-UNNAMED --add-opens=java.prefs/java.util.prefs=ALL-UNNAMED --add-exports=jdk.compiler/com.sun.tools.javac.api=ALL-UNNAMED --add-exports=jdk.compiler/com.sun.tools.javac.util=ALL-UNNAMED --add-opens=java.base/java.util=ALL-UNNAMED --add-opens=java.prefs/java.util.prefs=ALL-UNNAMED --add-opens=java.base/java.nio.charset=ALL-UNNAMED --add-opens=java.base/java.net=ALL-UNNAMED --add-opens=java.base/java.util.concurrent=ALL-UNNAMED --add-opens=java.base/java.util.concurrent.atomic=ALL-UNNAMED --add-opens=java.xml/javax.xml.namespace=ALL-UNNAMED --add-opens=java.base/java.time=ALL-UNNAMED -XX:MaxMetaspaceSize=384m -XX:+HeapDumpOnOutOfMemoryError -Xms256m -Xmx512m -Dfile.encoding=UTF-8 -Duser.country=IN -Duser.language=en -Duser.variant -javaagent:C:\Users\engpr\.gradle\wrapper\dists\gradle-9.4.1-bin\arn2x92ynaizyzdaamcbpbhtj\gradle-9.4.1\lib\agents\gradle-instrumentation-agent-9.4.1.jar 
java_command: org.gradle.launcher.daemon.bootstrap.GradleDaemon 9.4.1
java_class_path (initial): C:\Users\engpr\.gradle\wrapper\dists\gradle-9.4.1-bin\arn2x92ynaizyzdaamcbpbhtj\gradle-9.4.1\lib\gradle-daemon-main-9.4.1.jar
Launcher Type: SUN_STANDARD

[Global flags]
     intx CICompilerCount                          = 4                                         {product} {ergonomic}
   size_t CompressedClassSpaceSize                 = 335544320                                 {product} {ergonomic}
     uint ConcGCThreads                            = 2                                         {product} {ergonomic}
     uint G1ConcRefinementThreads                  = 8                                         {product} {ergonomic}
   size_t G1HeapRegionSize                         = 1048576                                   {product} {ergonomic}
    uintx GCDrainStackTargetSize                   = 64                                        {product} {ergonomic}
     bool HeapDumpOnOutOfMemoryError               = true                                   {manageable} {command line}
   size_t InitialHeapSize                          = 268435456                                 {product} {command line}
   size_t MarkStackSize                            = 4194304                                   {product} {ergonomic}
   size_t MaxHeapSize                              = 536870912                                 {product} {command line}
   size_t MaxMetaspaceSize                         = 402653184                                 {product} {command line}
   size_t MaxNewSize                               = 321912832                                 {product} {ergonomic}
   size_t MinHeapDeltaBytes                        = 1048576                                   {product} {ergonomic}
   size_t MinHeapSize                              = 268435456                                 {product} {command line}
    uintx NonNMethodCodeHeapSize                   = 5839372                                {pd product} {ergonomic}
    uintx NonProfiledCodeHeapSize                  = 122909434                              {pd product} {ergonomic}
    uintx ProfiledCodeHeapSize                     = 122909434                              {pd product} {ergonomic}
    uintx ReservedCodeCacheSize                    = 251658240                              {pd product} {ergonomic}
     bool SegmentedCodeCache                       = true                                      {product} {ergonomic}
   size_t SoftMaxHeapSize                          = 536870912                              {manageable} {ergonomic}
     bool UseCompressedOops                        = true                           {product lp64_product} {ergonomic}
     bool UseG1GC                                  = true                                      {product} {ergonomic}
     bool UseLargePagesIndividualAllocation        = false                                  {pd product} {ergonomic}

Logging:
Log output configuration:
 #0: stdout all=warning uptime,level,tags foldmultilines=false
 #1: stderr all=off uptime,level,tags foldmultilines=false

Release file:
IMPLEMENTOR="Eclipse Adoptium" 
IMPLEMENTOR_VERSION="Temurin-21.0.10+7" 
JAVA_RUNTIME_VERSION="21.0.10+7-LTS" 
JAVA_VERSION="21.0.10" 
JAVA_VERSION_DATE="2026-01-20" 
LIBC="default" 
MODULES="java.base java.compiler java.datatransfer java.xml java.prefs java.desktop java.instrument java.logging java.management java.security.sasl java.naming java.rmi java.management.rmi java.net.http java.scripting java.security.jgss java.transaction.xa java.sql java.sql.rowset java.xml.crypto java.se java.smartcardio jdk.accessibility jdk.internal.jvmstat jdk.attach jdk.charsets jdk.internal.opt jdk.zipfs jdk.compiler jdk.crypto.ec jdk.crypto.cryptoki jdk.crypto.mscapi jdk.dynalink jdk.internal.ed jdk.editpad jdk.hotspot.agent jdk.httpserver jdk.incubator.vector jdk.internal.le jdk.internal.vm.ci jdk.internal.vm.compiler jdk.internal.vm.compiler.management jdk.jartool jdk.javadoc jdk.jcmd jdk.management jdk.management.agent jdk.jconsole jdk.jdeps jdk.jdwp.agent jdk.jdi jdk.jfr jdk.jlink jdk.jpackage jdk.jshell jdk.jsobject jdk.jstatd jdk.localedata jdk.management.jfr jdk.naming.dns jdk.naming.rmi jdk.net jdk.nio.mapmode jdk.random jdk.sctp jdk.security.auth jdk.security.jgss jdk.unsupported jdk.unsupported.desktop jdk.xml.dom" 
OS_ARCH="x86_64" 
OS_NAME="Windows" 
SOURCE=".:git:a633eafe0fcc" 
BUILD_SOURCE="git:458965074606f027bd5afce2cfd5c1055dea0438"
BUILD_SOURCE_REPO="https://github.com/adoptium/temurin-build.git"
SOURCE_REPO="https://github.com/adoptium/jdk21u.git"
FULL_VERSION="21.0.10+7-LTS"
SEMANTIC_VERSION="21.0.10+7"
BUILD_INFO="OS: Windows Server 2022 Version: 10.0"
JVM_VARIANT="Hotspot"
JVM_VERSION="21.0.10+7-LTS"
IMAGE_TYPE="JDK"

Environment Variables:
JAVA_HOME=C:\Program Files\Java\jdk-21
PATH=C:\Users\engpr\AppData\Local\Programs\Microsoft VS Code;C:\Program Files\Microsoft\jdk-25.0.2.10-hotspot\bin;C:\oracle\dbhomeFree\dbhomeFree\bin;C:\WINDOWS\system32;C:\WINDOWS;C:\WINDOWS\System32\Wbem;C:\WINDOWS\System32\WindowsPowerShell\v1.0\;C:\WINDOWS\System32\OpenSSH\;C:\Program Files\MongoDB\Server\5.0\bin;C:\Drive_D\Software_Download\apache-maven-3.9.4\bin;C:\Program Files\Git\cmd;C:\ProgramData\chocolatey\bin;C:\Program Files\Microsoft\jdk-25.0.2.10-hotspot\\bin;%NVM_HOME%;%NVM_SYMLINK%;C:\Program Files\nodejs\;C:\Users\engpr\AppData\Local\Programs\Python\Python313\Scripts\;C:\Users\engpr\AppData\Local\Programs\Python\Python313\;C:\Users\engpr\AppData\Local\Microsoft\WindowsApps;C:\Program Files\JetBrains\IntelliJ IDEA Community Edition 2021.2.3\bin;C:\Drive_D\Software_Download\apache-maven-3.8.1\bin;C:\Drive_D\gradle-7.4\bin;C:\Users\engpr\software\k8s;C:\Users\engpr\AppData\Local\JetBrains\Toolbox\scripts;C:\Program Files\Git\mingw64\bin;C:\Drive_D\Software_Download\hadoop-env\spark_3_3_0_hadoop3\bin;C:\Drive_D\Software_Download\hadoop-env\hadoop_3_3_4\bin;C:\Drive_D\Software_Download\apache-jmeter-5.5\bin;C:\minikube;C:\Users\engpr\AppData\Local\Microsoft\WindowsApps;C:\Drive_D\Software_Download\apache-maven-3.9.4\bin;C:\Users\engpr\AppData\Local\Programs\Microsoft VS Code\bin;C:\Program Files\Java\jdk-21\bin;C:\sqlite;C:\oracle\dbhomeFree\bin;C:\Users\engpr\AppData\Local\nvm;C:\nvm4w\nodejs;C:\Users\engpr\AppData\Roaming\npm
USERNAME=engpr
OS=Windows_NT
PROCESSOR_IDENTIFIER=AMD64 Family 23 Model 96 Stepping 1, AuthenticAMD
TMP=C:\Users\engpr\AppData\Local\Temp
TEMP=C:\Users\engpr\AppData\Local\Temp




Periodic native trim disabled

---------------  S Y S T E M  ---------------

OS:
 Windows 11 , 64 bit Build 26100 (10.0.26100.8115)
OS uptime: 6 days 11:46 hours
Hyper-V role detected

CPU: total 8 (initial active 8) (8 cores per cpu, 1 threads per core) family 23 model 96 stepping 1 microcode 0x8600106, cx8, cmov, fxsr, mmx, 3dnowpref, sse, sse2, sse3, ssse3, sse4a, sse4.1, sse4.2, popcnt, lzcnt, tsc, tscinvbit, avx, avx2, aes, clmul, bmi1, bmi2, adx, sha, fma, vzeroupper, clflush, clflushopt, hv, rdtscp, rdpid, f16c
Processor Information for the first 8 processors :
  Max Mhz: 2000, Current Mhz: 2000, Mhz Limit: 2000

Memory: 4k page, system-wide physical 7599M (180M free)
TotalPageFile size 31151M (AvailPageFile size 1M)
current process WorkingSet (physical memory assigned to process): 374M, peak: 379M
current process commit charge ("private bytes"): 507M, peak: 509M

vm_info: OpenJDK 64-Bit Server VM (21.0.9+10-LTS) for windows-amd64 JRE (21.0.9+10-LTS), built on 2025-10-21T00:00:00Z by "admin" with unknown MS VC++:1942

END.
