#
# There is insufficient memory for the Java Runtime Environment to continue.
# Native memory allocation (malloc) failed to allocate 1112160 bytes. Error detail: Chunk::new
# Possible reasons:
#   The system is out of physical RAM or swap space
#   This process is running with CompressedOops enabled, and the Java Heap may be blocking the growth of the native heap
# Possible solutions:
#   Reduce memory load on the system
#   Increase physical memory or swap space
#   Check if swap backing store is full
#   Decrease Java heap size (-Xmx/-Xms)
#   Decrease number of Java threads
#   Decrease Java thread stack sizes (-Xss)
#   Set larger code cache with -XX:ReservedCodeCacheSize=
#   JVM is running with Unscaled Compressed Oops mode in which the Java heap is
#     placed in the first 4GB address space. The Java Heap base address is the
#     maximum limit for the native heap growth. Please use -XX:HeapBaseMinAddress
#     to set the Java Heap base and to place the Java Heap above 4GB virtual address.
# This output file may be truncated or incomplete.
#
#  Out of Memory Error (arena.cpp:168), pid=28192, tid=27960
#
# JRE version: OpenJDK Runtime Environment Temurin-21.0.9+10 (21.0.9+10) (build 21.0.9+10-LTS)
# Java VM: OpenJDK 64-Bit Server VM Temurin-21.0.9+10 (21.0.9+10-LTS, mixed mode, sharing, tiered, compressed oops, compressed class ptrs, g1 gc, windows-amd64)
# No core dump will be written. Minidumps are not enabled by default on client versions of Windows
#

---------------  S U M M A R Y ------------

Command Line: --add-opens=java.base/java.lang=ALL-UNNAMED --add-opens=java.base/java.lang.invoke=ALL-UNNAMED --add-opens=java.base/java.util=ALL-UNNAMED --add-opens=java.prefs/java.util.prefs=ALL-UNNAMED --add-exports=jdk.compiler/com.sun.tools.javac.api=ALL-UNNAMED --add-exports=jdk.compiler/com.sun.tools.javac.util=ALL-UNNAMED --add-opens=java.base/java.util=ALL-UNNAMED --add-opens=java.prefs/java.util.prefs=ALL-UNNAMED --add-opens=java.base/java.nio.charset=ALL-UNNAMED --add-opens=java.base/java.net=ALL-UNNAMED --add-opens=java.base/java.util.concurrent=ALL-UNNAMED --add-opens=java.base/java.util.concurrent.atomic=ALL-UNNAMED --add-opens=java.xml/javax.xml.namespace=ALL-UNNAMED --add-opens=java.base/java.time=ALL-UNNAMED -XX:MaxMetaspaceSize=384m -XX:+HeapDumpOnOutOfMemoryError -Xms256m -Xmx512m -Dfile.encoding=UTF-8 -Duser.country=IN -Duser.language=en -Duser.variant -javaagent:C:\Users\engpr\.gradle\wrapper\dists\gradle-9.4.1-bin\arn2x92ynaizyzdaamcbpbhtj\gradle-9.4.1\lib\agents\gradle-instrumentation-agent-9.4.1.jar org.gradle.launcher.daemon.bootstrap.GradleDaemon 9.4.1

Host: AMD Ryzen 7 4700U with Radeon Graphics         , 8 cores, 7G,  Windows 11 , 64 bit Build 26100 (10.0.26100.8115)
Time: Tue Apr  7 21:15:39 2026 India Standard Time elapsed time: 13.439032 seconds (0d 0h 0m 13s)

---------------  T H R E A D  ---------------

Current thread (0x0000021540973680):  JavaThread "C2 CompilerThread1" daemon [_thread_in_native, id=27960, stack(0x000000b7a1e00000,0x000000b7a1f00000) (1024K)]


Current CompileTask:
C2:13439 10653       4       org.gradle.cache.internal.btree.FreeListBlockStore::read (12 bytes)

Stack: [0x000000b7a1e00000,0x000000b7a1f00000]
Native frames: (J=compiled Java code, j=interpreted, Vv=VM code, C=native code)
V  [jvm.dll+0x6d6e29]
V  [jvm.dll+0x8b4b76]
V  [jvm.dll+0x8b712e]
V  [jvm.dll+0x8b7813]
V  [jvm.dll+0x283d86]
V  [jvm.dll+0xc66ed]
V  [jvm.dll+0xc6c31]
V  [jvm.dll+0x3be53b]
V  [jvm.dll+0x1e3d59]
V  [jvm.dll+0x24c0f3]
V  [jvm.dll+0x24b580]
V  [jvm.dll+0x1cb13e]
V  [jvm.dll+0x25b29d]
V  [jvm.dll+0x25982a]
V  [jvm.dll+0x3f7ea6]
V  [jvm.dll+0x85e9ad]
V  [jvm.dll+0x6d565d]
C  [ucrtbase.dll+0x37b0]
C  [KERNEL32.DLL+0x2e8d7]
C  [ntdll.dll+0x8c3fc]


---------------  P R O C E S S  ---------------

Threads class SMR info:
_java_thread_list=0x000002153ea78160, length=58, elements={
0x0000021507630170, 0x0000021522509030, 0x0000021522509a80, 0x000002152250a680,
0x000002152250d0e0, 0x000002152250db30, 0x000002152250e580, 0x0000021522515bc0,
0x0000021522518270, 0x0000021522825db0, 0x0000021522757a90, 0x000002153da1c380,
0x000002153e16f020, 0x000002153cec2f80, 0x000002153e35ac40, 0x000002153e2fff90,
0x000002153e2fe550, 0x000002153e2febe0, 0x000002153e2fd830, 0x000002153f735810,
0x000002153f734460, 0x000002153f736bc0, 0x000002153f733740, 0x000002153f7378e0,
0x000002153f737250, 0x000002153f7399b0, 0x000002153f738c90, 0x000002153f73a6d0,
0x000002153fce0be0, 0x000002153fcdeb10, 0x000002153fce2cb0, 0x000002153d49ed80,
0x000002153d4a07c0, 0x000002153d49f410, 0x000002153d49faa0, 0x000002153d4a0130,
0x000002153d4a1b70, 0x000002153d49e6f0, 0x000002153d4a35b0, 0x000002153d4a4960,
0x000002153d4a2890, 0x000002153d4a2f20, 0x000002153d4a42d0, 0x000002153d4a3c40,
0x000002153d4a4ff0, 0x000002153d4a5680, 0x000002153fce1900, 0x000002153fce2620,
0x000002153fcdf1a0, 0x0000021540973680, 0x000002153fce3340, 0x000002153fce0550,
0x000002153fce46f0, 0x000002153fce1270, 0x000002153fce4d80, 0x000002153f735ea0,
0x000002153f7330b0, 0x000002153f737f70
}

Java Threads: ( => current thread )
  0x0000021507630170 JavaThread "main"                              [_thread_blocked, id=27704, stack(0x000000b79e600000,0x000000b79e700000) (1024K)]
  0x0000021522509030 JavaThread "Reference Handler"          daemon [_thread_blocked, id=27296, stack(0x000000b79ee00000,0x000000b79ef00000) (1024K)]
  0x0000021522509a80 JavaThread "Finalizer"                  daemon [_thread_blocked, id=26272, stack(0x000000b79ef00000,0x000000b79f000000) (1024K)]
  0x000002152250a680 JavaThread "Signal Dispatcher"          daemon [_thread_blocked, id=28624, stack(0x000000b79f000000,0x000000b79f100000) (1024K)]
  0x000002152250d0e0 JavaThread "Attach Listener"            daemon [_thread_blocked, id=22888, stack(0x000000b79f100000,0x000000b79f200000) (1024K)]
  0x000002152250db30 JavaThread "Service Thread"             daemon [_thread_blocked, id=19840, stack(0x000000b79f200000,0x000000b79f300000) (1024K)]
  0x000002152250e580 JavaThread "Monitor Deflation Thread"   daemon [_thread_blocked, id=25280, stack(0x000000b79f300000,0x000000b79f400000) (1024K)]
  0x0000021522515bc0 JavaThread "C2 CompilerThread0"         daemon [_thread_in_native, id=28432, stack(0x000000b79f400000,0x000000b79f500000) (1024K)]
  0x0000021522518270 JavaThread "C1 CompilerThread0"         daemon [_thread_blocked, id=4220, stack(0x000000b79f500000,0x000000b79f600000) (1024K)]
  0x0000021522825db0 JavaThread "Common-Cleaner"             daemon [_thread_blocked, id=29776, stack(0x000000b79f600000,0x000000b79f700000) (1024K)]
  0x0000021522757a90 JavaThread "Notification Thread"        daemon [_thread_blocked, id=31096, stack(0x000000b79f700000,0x000000b79f800000) (1024K)]
  0x000002153da1c380 JavaThread "Daemon health stats"               [_thread_blocked, id=15876, stack(0x000000b79ff00000,0x000000b7a0000000) (1024K)]
  0x000002153e16f020 JavaThread "Incoming local TCP Connector on port 61909"        [_thread_in_native, id=30240, stack(0x000000b7a0000000,0x000000b7a0100000) (1024K)]
  0x000002153cec2f80 JavaThread "Daemon periodic checks"            [_thread_blocked, id=25392, stack(0x000000b7a0100000,0x000000b7a0200000) (1024K)]
  0x000002153e35ac40 JavaThread "Daemon"                            [_thread_blocked, id=28700, stack(0x000000b7a0200000,0x000000b7a0300000) (1024K)]
  0x000002153e2fff90 JavaThread "Daemon worker"                     [_thread_in_vm, id=27848, stack(0x000000b79f900000,0x000000b79fa00000) (1024K)]
  0x000002153e2fe550 JavaThread "Cache worker for journal cache (C:\Users\engpr\.gradle\caches\journal-1)"        [_thread_blocked, id=12292, stack(0x000000b7a0800000,0x000000b7a0900000) (1024K)]
  0x000002153e2febe0 JavaThread "File lock request listener"        [_thread_in_native, id=29080, stack(0x000000b7a0900000,0x000000b7a0a00000) (1024K)]
  0x000002153e2fd830 JavaThread "Cache worker for file hash cache (C:\Users\engpr\.gradle\caches\9.4.1\fileHashes)"        [_thread_blocked, id=20236, stack(0x000000b7a0a00000,0x000000b7a0b00000) (1024K)]
  0x000002153f735810 JavaThread "File watcher server"        daemon [_thread_in_native, id=27184, stack(0x000000b7a0d00000,0x000000b7a0e00000) (1024K)]
  0x000002153f734460 JavaThread "File watcher consumer"      daemon [_thread_blocked, id=5092, stack(0x000000b7a1000000,0x000000b7a1100000) (1024K)]
  0x000002153f736bc0 JavaThread "jar transforms"                    [_thread_blocked, id=30496, stack(0x000000b7a1200000,0x000000b7a1300000) (1024K)]
  0x000002153f733740 JavaThread "jar transforms Thread 2"           [_thread_blocked, id=6152, stack(0x000000b7a1300000,0x000000b7a1400000) (1024K)]
  0x000002153f7378e0 JavaThread "jar transforms Thread 3"           [_thread_blocked, id=29252, stack(0x000000b7a1400000,0x000000b7a1500000) (1024K)]
  0x000002153f737250 JavaThread "Cache worker for file content cache (C:\Users\engpr\.gradle\caches\9.4.1\fileContent)"        [_thread_blocked, id=28452, stack(0x000000b7a1500000,0x000000b7a1600000) (1024K)]
  0x000002153f7399b0 JavaThread "jar transforms Thread 4"           [_thread_blocked, id=28224, stack(0x000000b7a1900000,0x000000b7a1a00000) (1024K)]
  0x000002153f738c90 JavaThread "jar transforms Thread 5"           [_thread_blocked, id=10160, stack(0x000000b7a1a00000,0x000000b7a1b00000) (1024K)]
  0x000002153f73a6d0 JavaThread "jar transforms Thread 6"           [_thread_blocked, id=27940, stack(0x000000b7a1b00000,0x000000b7a1c00000) (1024K)]
  0x000002153fce0be0 JavaThread "jar transforms Thread 7"           [_thread_blocked, id=24516, stack(0x000000b7a1c00000,0x000000b7a1d00000) (1024K)]
  0x000002153fcdeb10 JavaThread "jar transforms Thread 8"           [_thread_blocked, id=31632, stack(0x000000b7a1d00000,0x000000b7a1e00000) (1024K)]
  0x000002153fce2cb0 JavaThread "Memory manager"                    [_thread_blocked, id=5748, stack(0x000000b7a2600000,0x000000b7a2700000) (1024K)]
  0x000002153d49ed80 JavaThread "ForkJoinPool.commonPool-worker-1" daemon [_thread_blocked, id=15672, stack(0x000000b7a2700000,0x000000b7a2800000) (1024K)]
  0x000002153d4a07c0 JavaThread "ForkJoinPool.commonPool-worker-2" daemon [_thread_blocked, id=30220, stack(0x000000b7a2800000,0x000000b7a2900000) (1024K)]
  0x000002153d49f410 JavaThread "ForkJoinPool.commonPool-worker-3" daemon [_thread_blocked, id=30516, stack(0x000000b7a2900000,0x000000b7a2a00000) (1024K)]
  0x000002153d49faa0 JavaThread "ForkJoinPool.commonPool-worker-4" daemon [_thread_blocked, id=30916, stack(0x000000b7a2a00000,0x000000b7a2b00000) (1024K)]
  0x000002153d4a0130 JavaThread "ForkJoinPool.commonPool-worker-5" daemon [_thread_blocked, id=28536, stack(0x000000b7a2b00000,0x000000b7a2c00000) (1024K)]
  0x000002153d4a1b70 JavaThread "ForkJoinPool.commonPool-worker-7" daemon [_thread_blocked, id=12832, stack(0x000000b7a2c00000,0x000000b7a2d00000) (1024K)]
  0x000002153d49e6f0 JavaThread "ForkJoinPool.commonPool-worker-6" daemon [_thread_blocked, id=19788, stack(0x000000b7a2d00000,0x000000b7a2e00000) (1024K)]
  0x000002153d4a35b0 JavaThread "VFS cleanup"                       [_thread_blocked, id=21296, stack(0x000000b7a0400000,0x000000b7a0500000) (1024K)]
  0x000002153d4a4960 JavaThread "Handler for socket connection from /127.0.0.1:61909 to /127.0.0.1:57931"        [_thread_in_native, id=30512, stack(0x000000b79f800000,0x000000b79f900000) (1024K)]
  0x000002153d4a2890 JavaThread "Cancel handler"                    [_thread_blocked, id=3780, stack(0x000000b7a0300000,0x000000b7a0400000) (1024K)]
  0x000002153d4a2f20 JavaThread "Asynchronous log dispatcher for DefaultDaemonConnection: socket connection from /127.0.0.1:61909 to /127.0.0.1:57931"        [_thread_blocked, id=31288, stack(0x000000b7a0500000,0x000000b7a0600000) (1024K)]
  0x000002153d4a42d0 JavaThread "Stdin handler"                     [_thread_blocked, id=19384, stack(0x000000b7a0600000,0x000000b7a0700000) (1024K)]
  0x000002153d4a3c40 JavaThread "Daemon client event forwarder"        [_thread_blocked, id=23568, stack(0x000000b7a0e00000,0x000000b7a0f00000) (1024K)]
  0x000002153d4a4ff0 JavaThread "Cache worker for file hash cache (C:\Users\engpr\develop\workspace\utils-app\.gradle\9.4.1\fileHashes)"        [_thread_blocked, id=18520, stack(0x000000b7a0f00000,0x000000b7a1000000) (1024K)]
  0x000002153d4a5680 JavaThread "Cache worker for Build Output Cleanup Cache (C:\Users\engpr\develop\workspace\utils-app\.gradle\buildOutputCleanup)"        [_thread_blocked, id=18436, stack(0x000000b7a1100000,0x000000b7a1200000) (1024K)]
  0x000002153fce1900 JavaThread "Cache worker for checksums cache (C:\Users\engpr\develop\workspace\utils-app\.gradle\9.4.1\checksums)"        [_thread_blocked, id=22928, stack(0x000000b7a1600000,0x000000b7a1700000) (1024K)]
  0x000002153fce2620 JavaThread "Cache worker for cache directory md-supplier (C:\Users\engpr\.gradle\caches\9.4.1\md-supplier)"        [_thread_blocked, id=3492, stack(0x000000b7a1700000,0x000000b7a1800000) (1024K)]
  0x000002153fcdf1a0 JavaThread "Cache worker for cache directory md-rule (C:\Users\engpr\.gradle\caches\9.4.1\md-rule)"        [_thread_blocked, id=9504, stack(0x000000b7a1800000,0x000000b7a1900000) (1024K)]
=>0x0000021540973680 JavaThread "C2 CompilerThread1"         daemon [_thread_in_native, id=27960, stack(0x000000b7a1e00000,0x000000b7a1f00000) (1024K)]
  0x000002153fce3340 JavaThread "Build operations"                  [_thread_blocked, id=1912, stack(0x000000b7a1f00000,0x000000b7a2000000) (1024K)]
  0x000002153fce0550 JavaThread "Build operations Thread 2"         [_thread_blocked, id=6968, stack(0x000000b7a2000000,0x000000b7a2100000) (1024K)]
  0x000002153fce46f0 JavaThread "Build operations Thread 3"         [_thread_blocked, id=14516, stack(0x000000b7a2100000,0x000000b7a2200000) (1024K)]
  0x000002153fce1270 JavaThread "Build operations Thread 4"         [_thread_blocked, id=13504, stack(0x000000b7a2200000,0x000000b7a2300000) (1024K)]
  0x000002153fce4d80 JavaThread "Build operations Thread 5"         [_thread_blocked, id=20412, stack(0x000000b7a2300000,0x000000b7a2400000) (1024K)]
  0x000002153f735ea0 JavaThread "Build operations Thread 6"         [_thread_blocked, id=14440, stack(0x000000b7a2400000,0x000000b7a2500000) (1024K)]
  0x000002153f7330b0 JavaThread "Build operations Thread 7"         [_thread_blocked, id=13680, stack(0x000000b7a2500000,0x000000b7a2600000) (1024K)]
  0x000002153f737f70 JavaThread "Build operations Thread 8"         [_thread_blocked, id=6936, stack(0x000000b7a2e00000,0x000000b7a2f00000) (1024K)]
Total: 58

Other Threads:
  0x00000215224e9d20 VMThread "VM Thread"                           [id=5552, stack(0x000000b79ed00000,0x000000b79ee00000) (1024K)]
  0x00000215224dde00 WatcherThread "VM Periodic Task Thread"        [id=2184, stack(0x000000b79ec00000,0x000000b79ed00000) (1024K)]
  0x000002150765bdb0 WorkerThread "GC Thread#0"                     [id=29320, stack(0x000000b79e700000,0x000000b79e800000) (1024K)]
  0x000002153cd1e9b0 WorkerThread "GC Thread#1"                     [id=13116, stack(0x000000b79fa00000,0x000000b79fb00000) (1024K)]
  0x000002153cd1ed50 WorkerThread "GC Thread#2"                     [id=13568, stack(0x000000b79fb00000,0x000000b79fc00000) (1024K)]
  0x000002153cd1f0f0 WorkerThread "GC Thread#3"                     [id=17940, stack(0x000000b79fc00000,0x000000b79fd00000) (1024K)]
  0x000002153cd9c7c0 WorkerThread "GC Thread#4"                     [id=26836, stack(0x000000b79fd00000,0x000000b79fe00000) (1024K)]
  0x000002153cd9cb60 WorkerThread "GC Thread#5"                     [id=10504, stack(0x000000b79fe00000,0x000000b79ff00000) (1024K)]
  0x000002153e8548c0 WorkerThread "GC Thread#6"                     [id=15504, stack(0x000000b7a0700000,0x000000b7a0800000) (1024K)]
  0x000002153e854c60 WorkerThread "GC Thread#7"                     [id=28692, stack(0x000000b7a0b00000,0x000000b7a0c00000) (1024K)]
  0x0000021507660ca0 ConcurrentGCThread "G1 Main Marker"            [id=16572, stack(0x000000b79e800000,0x000000b79e900000) (1024K)]
  0x00000215076616b0 WorkerThread "G1 Conc#0"                       [id=17180, stack(0x000000b79e900000,0x000000b79ea00000) (1024K)]
  0x000002153e8553a0 WorkerThread "G1 Conc#1"                       [id=5452, stack(0x000000b7a0c00000,0x000000b7a0d00000) (1024K)]
  0x00000215223ab220 ConcurrentGCThread "G1 Refine#0"               [id=31148, stack(0x000000b79ea00000,0x000000b79eb00000) (1024K)]
  0x00000215223aba40 ConcurrentGCThread "G1 Service"                [id=28176, stack(0x000000b79eb00000,0x000000b79ec00000) (1024K)]
Total: 15

Threads with active compile tasks:
C2 CompilerThread0  13470 10867   !   4       java.lang.Class::getTypeName (46 bytes)
C1 CompilerThread0  13470 10875       3       sun.reflect.generics.parser.SignatureParser::parseBounds (112 bytes)
C2 CompilerThread1  13470 10653       4       org.gradle.cache.internal.btree.FreeListBlockStore::read (12 bytes)
Total: 3

VM state: not at safepoint (normal execution)

VM Mutex/Monitor currently owned by a thread: None

Heap address: 0x00000000e0000000, size: 512 MB, Compressed Oops mode: 32-bit

CDS archive(s) mapped at: [0x0000021523000000-0x0000021523c80000-0x0000021523c80000), size 13107200, SharedBaseAddress: 0x0000021523000000, ArchiveRelocationMode: 1.
Compressed class space mapped at: 0x0000021524000000-0x0000021538000000, reserved size: 335544320
Narrow klass base: 0x0000021523000000, Narrow klass shift: 0, Narrow klass range: 0x100000000

GC Precious Log:
 CardTable entry size: 512
 Card Set container configuration: InlinePtr #cards 5 size 8 Array Of Cards #cards 12 size 40 Howl #buckets 4 coarsen threshold 1843 Howl Bitmap #cards 512 size 80 coarsen threshold 460 Card regions per heap region 1 cards per card region 2048
 CPUs: 8 total, 8 available
 Memory: 7599M
 Large Page Support: Disabled
 NUMA Support: Disabled
 Compressed Oops: Enabled (32-bit)
 Heap Region Size: 1M
 Heap Min Capacity: 256M
 Heap Initial Capacity: 256M
 Heap Max Capacity: 512M
 Pre-touch: Disabled
 Parallel Workers: 8
 Concurrent Workers: 2
 Concurrent Refinement Workers: 8
 Periodic GC: Disabled

Heap:
 garbage-first heap   total 262144K, used 121237K [0x00000000e0000000, 0x0000000100000000)
  region size 1024K, 79 young (80896K), 14 survivors (14336K)
 Metaspace       used 68922K, committed 71296K, reserved 393216K
  class space    used 9975K, committed 11136K, reserved 327680K

Heap Regions: E=young(eden), S=young(survivor), O=old, HS=humongous(starts), HC=humongous(continues), CS=collection set, F=free, TAMS=top-at-mark-start, PB=parsable bottom
|   0|0x00000000e0000000, 0x00000000e0100000, 0x00000000e0100000|100%|HS|  |TAMS 0x00000000e0000000| PB 0x00000000e0000000| Complete 
|   1|0x00000000e0100000, 0x00000000e0200000, 0x00000000e0200000|100%|HC|  |TAMS 0x00000000e0100000| PB 0x00000000e0100000| Complete 
|   2|0x00000000e0200000, 0x00000000e0300000, 0x00000000e0300000|100%|HC|  |TAMS 0x00000000e0200000| PB 0x00000000e0200000| Complete 
|   3|0x00000000e0300000, 0x00000000e0400000, 0x00000000e0400000|100%|HC|  |TAMS 0x00000000e0300000| PB 0x00000000e0300000| Complete 
|   4|0x00000000e0400000, 0x00000000e0500000, 0x00000000e0500000|100%| O|  |TAMS 0x00000000e0400000| PB 0x00000000e0400000| Untracked 
|   5|0x00000000e0500000, 0x00000000e0600000, 0x00000000e0600000|100%| O|  |TAMS 0x00000000e0500000| PB 0x00000000e0500000| Untracked 
|   6|0x00000000e0600000, 0x00000000e0700000, 0x00000000e0700000|100%| O|  |TAMS 0x00000000e0600000| PB 0x00000000e0600000| Untracked 
|   7|0x00000000e0700000, 0x00000000e0800000, 0x00000000e0800000|100%| O|  |TAMS 0x00000000e0700000| PB 0x00000000e0700000| Untracked 
|   8|0x00000000e0800000, 0x00000000e0900000, 0x00000000e0900000|100%|HS|  |TAMS 0x00000000e0800000| PB 0x00000000e0800000| Complete 
|   9|0x00000000e0900000, 0x00000000e0a00000, 0x00000000e0a00000|100%| O|  |TAMS 0x00000000e0900000| PB 0x00000000e0900000| Untracked 
|  10|0x00000000e0a00000, 0x00000000e0b00000, 0x00000000e0b00000|100%| O|  |TAMS 0x00000000e0a00000| PB 0x00000000e0a00000| Untracked 
|  11|0x00000000e0b00000, 0x00000000e0c00000, 0x00000000e0c00000|100%| O|  |TAMS 0x00000000e0b00000| PB 0x00000000e0b00000| Untracked 
|  12|0x00000000e0c00000, 0x00000000e0d00000, 0x00000000e0d00000|100%| O|  |TAMS 0x00000000e0c00000| PB 0x00000000e0c00000| Untracked 
|  13|0x00000000e0d00000, 0x00000000e0e00000, 0x00000000e0e00000|100%| O|  |TAMS 0x00000000e0d00000| PB 0x00000000e0d00000| Untracked 
|  14|0x00000000e0e00000, 0x00000000e0e00000, 0x00000000e0f00000|  0%| F|  |TAMS 0x00000000e0e00000| PB 0x00000000e0e00000| Untracked 
|  15|0x00000000e0f00000, 0x00000000e1000000, 0x00000000e1000000|100%| O|  |TAMS 0x00000000e0f00000| PB 0x00000000e0f00000| Untracked 
|  16|0x00000000e1000000, 0x00000000e1100000, 0x00000000e1100000|100%| O|  |TAMS 0x00000000e1000000| PB 0x00000000e1000000| Untracked 
|  17|0x00000000e1100000, 0x00000000e1200000, 0x00000000e1200000|100%| O|  |TAMS 0x00000000e1100000| PB 0x00000000e1100000| Untracked 
|  18|0x00000000e1200000, 0x00000000e1300000, 0x00000000e1300000|100%| O|  |TAMS 0x00000000e1200000| PB 0x00000000e1200000| Untracked 
|  19|0x00000000e1300000, 0x00000000e1400000, 0x00000000e1400000|100%| O|  |TAMS 0x00000000e1300000| PB 0x00000000e1300000| Untracked 
|  20|0x00000000e1400000, 0x00000000e1500000, 0x00000000e1500000|100%| O|  |TAMS 0x00000000e1400000| PB 0x00000000e1400000| Untracked 
|  21|0x00000000e1500000, 0x00000000e1600000, 0x00000000e1600000|100%| O|  |TAMS 0x00000000e1500000| PB 0x00000000e1500000| Untracked 
|  22|0x00000000e1600000, 0x00000000e1700000, 0x00000000e1700000|100%| O|  |TAMS 0x00000000e1600000| PB 0x00000000e1600000| Untracked 
|  23|0x00000000e1700000, 0x00000000e1800000, 0x00000000e1800000|100%| O|  |TAMS 0x00000000e1700000| PB 0x00000000e1700000| Untracked 
|  24|0x00000000e1800000, 0x00000000e1900000, 0x00000000e1900000|100%| O|  |TAMS 0x00000000e1800000| PB 0x00000000e1800000| Untracked 
|  25|0x00000000e1900000, 0x00000000e1a00000, 0x00000000e1a00000|100%| O|  |TAMS 0x00000000e1900000| PB 0x00000000e1900000| Untracked 
|  26|0x00000000e1a00000, 0x00000000e1b00000, 0x00000000e1b00000|100%| O|  |TAMS 0x00000000e1a00000| PB 0x00000000e1a00000| Untracked 
|  27|0x00000000e1b00000, 0x00000000e1c00000, 0x00000000e1c00000|100%| O|  |TAMS 0x00000000e1b00000| PB 0x00000000e1b00000| Untracked 
|  28|0x00000000e1c00000, 0x00000000e1d00000, 0x00000000e1d00000|100%| O|  |TAMS 0x00000000e1c00000| PB 0x00000000e1c00000| Untracked 
|  29|0x00000000e1d00000, 0x00000000e1e00000, 0x00000000e1e00000|100%| O|  |TAMS 0x00000000e1d00000| PB 0x00000000e1d00000| Untracked 
|  30|0x00000000e1e00000, 0x00000000e1f00000, 0x00000000e1f00000|100%| O|  |TAMS 0x00000000e1e00000| PB 0x00000000e1e00000| Untracked 
|  31|0x00000000e1f00000, 0x00000000e2000000, 0x00000000e2000000|100%| O|  |TAMS 0x00000000e1f00000| PB 0x00000000e1f00000| Untracked 
|  32|0x00000000e2000000, 0x00000000e2100000, 0x00000000e2100000|100%| O|  |TAMS 0x00000000e2000000| PB 0x00000000e2000000| Untracked 
|  33|0x00000000e2100000, 0x00000000e2200000, 0x00000000e2200000|100%| O|  |TAMS 0x00000000e2100000| PB 0x00000000e2100000| Untracked 
|  34|0x00000000e2200000, 0x00000000e2300000, 0x00000000e2300000|100%| O|  |TAMS 0x00000000e2200000| PB 0x00000000e2200000| Untracked 
|  35|0x00000000e2300000, 0x00000000e2400000, 0x00000000e2400000|100%| O|  |TAMS 0x00000000e2300000| PB 0x00000000e2300000| Untracked 
|  36|0x00000000e2400000, 0x00000000e2500000, 0x00000000e2500000|100%| O|  |TAMS 0x00000000e2400000| PB 0x00000000e2400000| Untracked 
|  37|0x00000000e2500000, 0x00000000e2600000, 0x00000000e2600000|100%| O|  |TAMS 0x00000000e2500000| PB 0x00000000e2500000| Untracked 
|  38|0x00000000e2600000, 0x00000000e2700000, 0x00000000e2700000|100%| O|  |TAMS 0x00000000e2600000| PB 0x00000000e2600000| Untracked 
|  39|0x00000000e2700000, 0x00000000e2800000, 0x00000000e2800000|100%| O|  |TAMS 0x00000000e2700000| PB 0x00000000e2700000| Untracked 
|  40|0x00000000e2800000, 0x00000000e2900000, 0x00000000e2900000|100%| O|Cm|TAMS 0x00000000e2800000| PB 0x00000000e2800000| Complete 
|  41|0x00000000e2900000, 0x00000000e29d5000, 0x00000000e2a00000| 83%| O|  |TAMS 0x00000000e2900000| PB 0x00000000e2900000| Untracked 
|  42|0x00000000e2a00000, 0x00000000e2a00000, 0x00000000e2b00000|  0%| F|  |TAMS 0x00000000e2a00000| PB 0x00000000e2a00000| Untracked 
|  43|0x00000000e2b00000, 0x00000000e2b00000, 0x00000000e2c00000|  0%| F|  |TAMS 0x00000000e2b00000| PB 0x00000000e2b00000| Untracked 
|  44|0x00000000e2c00000, 0x00000000e2c00000, 0x00000000e2d00000|  0%| F|  |TAMS 0x00000000e2c00000| PB 0x00000000e2c00000| Untracked 
|  45|0x00000000e2d00000, 0x00000000e2d00000, 0x00000000e2e00000|  0%| F|  |TAMS 0x00000000e2d00000| PB 0x00000000e2d00000| Untracked 
|  46|0x00000000e2e00000, 0x00000000e2e00000, 0x00000000e2f00000|  0%| F|  |TAMS 0x00000000e2e00000| PB 0x00000000e2e00000| Untracked 
|  47|0x00000000e2f00000, 0x00000000e2f00000, 0x00000000e3000000|  0%| F|  |TAMS 0x00000000e2f00000| PB 0x00000000e2f00000| Untracked 
|  48|0x00000000e3000000, 0x00000000e3000000, 0x00000000e3100000|  0%| F|  |TAMS 0x00000000e3000000| PB 0x00000000e3000000| Untracked 
|  49|0x00000000e3100000, 0x00000000e3100000, 0x00000000e3200000|  0%| F|  |TAMS 0x00000000e3100000| PB 0x00000000e3100000| Untracked 
|  50|0x00000000e3200000, 0x00000000e3200000, 0x00000000e3300000|  0%| F|  |TAMS 0x00000000e3200000| PB 0x00000000e3200000| Untracked 
|  51|0x00000000e3300000, 0x00000000e3300000, 0x00000000e3400000|  0%| F|  |TAMS 0x00000000e3300000| PB 0x00000000e3300000| Untracked 
|  52|0x00000000e3400000, 0x00000000e3400000, 0x00000000e3500000|  0%| F|  |TAMS 0x00000000e3400000| PB 0x00000000e3400000| Untracked 
|  53|0x00000000e3500000, 0x00000000e3500000, 0x00000000e3600000|  0%| F|  |TAMS 0x00000000e3500000| PB 0x00000000e3500000| Untracked 
|  54|0x00000000e3600000, 0x00000000e3600000, 0x00000000e3700000|  0%| F|  |TAMS 0x00000000e3600000| PB 0x00000000e3600000| Untracked 
|  55|0x00000000e3700000, 0x00000000e3700000, 0x00000000e3800000|  0%| F|  |TAMS 0x00000000e3700000| PB 0x00000000e3700000| Untracked 
|  56|0x00000000e3800000, 0x00000000e3800000, 0x00000000e3900000|  0%| F|  |TAMS 0x00000000e3800000| PB 0x00000000e3800000| Untracked 
|  57|0x00000000e3900000, 0x00000000e3900000, 0x00000000e3a00000|  0%| F|  |TAMS 0x00000000e3900000| PB 0x00000000e3900000| Untracked 
|  58|0x00000000e3a00000, 0x00000000e3a00000, 0x00000000e3b00000|  0%| F|  |TAMS 0x00000000e3a00000| PB 0x00000000e3a00000| Untracked 
|  59|0x00000000e3b00000, 0x00000000e3b00000, 0x00000000e3c00000|  0%| F|  |TAMS 0x00000000e3b00000| PB 0x00000000e3b00000| Untracked 
|  60|0x00000000e3c00000, 0x00000000e3c00000, 0x00000000e3d00000|  0%| F|  |TAMS 0x00000000e3c00000| PB 0x00000000e3c00000| Untracked 
|  61|0x00000000e3d00000, 0x00000000e3d00000, 0x00000000e3e00000|  0%| F|  |TAMS 0x00000000e3d00000| PB 0x00000000e3d00000| Untracked 
|  62|0x00000000e3e00000, 0x00000000e3e00000, 0x00000000e3f00000|  0%| F|  |TAMS 0x00000000e3e00000| PB 0x00000000e3e00000| Untracked 
|  63|0x00000000e3f00000, 0x00000000e3f00000, 0x00000000e4000000|  0%| F|  |TAMS 0x00000000e3f00000| PB 0x00000000e3f00000| Untracked 
|  64|0x00000000e4000000, 0x00000000e4000000, 0x00000000e4100000|  0%| F|  |TAMS 0x00000000e4000000| PB 0x00000000e4000000| Untracked 
|  65|0x00000000e4100000, 0x00000000e4100000, 0x00000000e4200000|  0%| F|  |TAMS 0x00000000e4100000| PB 0x00000000e4100000| Untracked 
|  66|0x00000000e4200000, 0x00000000e4200000, 0x00000000e4300000|  0%| F|  |TAMS 0x00000000e4200000| PB 0x00000000e4200000| Untracked 
|  67|0x00000000e4300000, 0x00000000e4300000, 0x00000000e4400000|  0%| F|  |TAMS 0x00000000e4300000| PB 0x00000000e4300000| Untracked 
|  68|0x00000000e4400000, 0x00000000e4400000, 0x00000000e4500000|  0%| F|  |TAMS 0x00000000e4400000| PB 0x00000000e4400000| Untracked 
|  69|0x00000000e4500000, 0x00000000e4500000, 0x00000000e4600000|  0%| F|  |TAMS 0x00000000e4500000| PB 0x00000000e4500000| Untracked 
|  70|0x00000000e4600000, 0x00000000e4600000, 0x00000000e4700000|  0%| F|  |TAMS 0x00000000e4600000| PB 0x00000000e4600000| Untracked 
|  71|0x00000000e4700000, 0x00000000e4700000, 0x00000000e4800000|  0%| F|  |TAMS 0x00000000e4700000| PB 0x00000000e4700000| Untracked 
|  72|0x00000000e4800000, 0x00000000e4800000, 0x00000000e4900000|  0%| F|  |TAMS 0x00000000e4800000| PB 0x00000000e4800000| Untracked 
|  73|0x00000000e4900000, 0x00000000e4900000, 0x00000000e4a00000|  0%| F|  |TAMS 0x00000000e4900000| PB 0x00000000e4900000| Untracked 
|  74|0x00000000e4a00000, 0x00000000e4a00000, 0x00000000e4b00000|  0%| F|  |TAMS 0x00000000e4a00000| PB 0x00000000e4a00000| Untracked 
|  75|0x00000000e4b00000, 0x00000000e4b00000, 0x00000000e4c00000|  0%| F|  |TAMS 0x00000000e4b00000| PB 0x00000000e4b00000| Untracked 
|  76|0x00000000e4c00000, 0x00000000e4c00000, 0x00000000e4d00000|  0%| F|  |TAMS 0x00000000e4c00000| PB 0x00000000e4c00000| Untracked 
|  77|0x00000000e4d00000, 0x00000000e4d00000, 0x00000000e4e00000|  0%| F|  |TAMS 0x00000000e4d00000| PB 0x00000000e4d00000| Untracked 
|  78|0x00000000e4e00000, 0x00000000e4e00000, 0x00000000e4f00000|  0%| F|  |TAMS 0x00000000e4e00000| PB 0x00000000e4e00000| Untracked 
|  79|0x00000000e4f00000, 0x00000000e4f00000, 0x00000000e5000000|  0%| F|  |TAMS 0x00000000e4f00000| PB 0x00000000e4f00000| Untracked 
|  80|0x00000000e5000000, 0x00000000e5000000, 0x00000000e5100000|  0%| F|  |TAMS 0x00000000e5000000| PB 0x00000000e5000000| Untracked 
|  81|0x00000000e5100000, 0x00000000e5100000, 0x00000000e5200000|  0%| F|  |TAMS 0x00000000e5100000| PB 0x00000000e5100000| Untracked 
|  82|0x00000000e5200000, 0x00000000e5200000, 0x00000000e5300000|  0%| F|  |TAMS 0x00000000e5200000| PB 0x00000000e5200000| Untracked 
|  83|0x00000000e5300000, 0x00000000e5300000, 0x00000000e5400000|  0%| F|  |TAMS 0x00000000e5300000| PB 0x00000000e5300000| Untracked 
|  84|0x00000000e5400000, 0x00000000e5400000, 0x00000000e5500000|  0%| F|  |TAMS 0x00000000e5400000| PB 0x00000000e5400000| Untracked 
|  85|0x00000000e5500000, 0x00000000e5500000, 0x00000000e5600000|  0%| F|  |TAMS 0x00000000e5500000| PB 0x00000000e5500000| Untracked 
|  86|0x00000000e5600000, 0x00000000e5600000, 0x00000000e5700000|  0%| F|  |TAMS 0x00000000e5600000| PB 0x00000000e5600000| Untracked 
|  87|0x00000000e5700000, 0x00000000e5700000, 0x00000000e5800000|  0%| F|  |TAMS 0x00000000e5700000| PB 0x00000000e5700000| Untracked 
|  88|0x00000000e5800000, 0x00000000e5800000, 0x00000000e5900000|  0%| F|  |TAMS 0x00000000e5800000| PB 0x00000000e5800000| Untracked 
|  89|0x00000000e5900000, 0x00000000e5990700, 0x00000000e5a00000| 56%| S|CS|TAMS 0x00000000e5900000| PB 0x00000000e5900000| Complete 
|  90|0x00000000e5a00000, 0x00000000e5b00000, 0x00000000e5b00000|100%| S|CS|TAMS 0x00000000e5a00000| PB 0x00000000e5a00000| Complete 
|  91|0x00000000e5b00000, 0x00000000e5c00000, 0x00000000e5c00000|100%| S|CS|TAMS 0x00000000e5b00000| PB 0x00000000e5b00000| Complete 
|  92|0x00000000e5c00000, 0x00000000e5d00000, 0x00000000e5d00000|100%| S|CS|TAMS 0x00000000e5c00000| PB 0x00000000e5c00000| Complete 
|  93|0x00000000e5d00000, 0x00000000e5e00000, 0x00000000e5e00000|100%| S|CS|TAMS 0x00000000e5d00000| PB 0x00000000e5d00000| Complete 
|  94|0x00000000e5e00000, 0x00000000e5f00000, 0x00000000e5f00000|100%| S|CS|TAMS 0x00000000e5e00000| PB 0x00000000e5e00000| Complete 
|  95|0x00000000e5f00000, 0x00000000e6000000, 0x00000000e6000000|100%| S|CS|TAMS 0x00000000e5f00000| PB 0x00000000e5f00000| Complete 
|  96|0x00000000e6000000, 0x00000000e6100000, 0x00000000e6100000|100%| S|CS|TAMS 0x00000000e6000000| PB 0x00000000e6000000| Complete 
|  97|0x00000000e6100000, 0x00000000e6200000, 0x00000000e6200000|100%| S|CS|TAMS 0x00000000e6100000| PB 0x00000000e6100000| Complete 
|  98|0x00000000e6200000, 0x00000000e6300000, 0x00000000e6300000|100%| S|CS|TAMS 0x00000000e6200000| PB 0x00000000e6200000| Complete 
|  99|0x00000000e6300000, 0x00000000e6400000, 0x00000000e6400000|100%| S|CS|TAMS 0x00000000e6300000| PB 0x00000000e6300000| Complete 
| 100|0x00000000e6400000, 0x00000000e6500000, 0x00000000e6500000|100%| S|CS|TAMS 0x00000000e6400000| PB 0x00000000e6400000| Complete 
| 101|0x00000000e6500000, 0x00000000e6600000, 0x00000000e6600000|100%| S|CS|TAMS 0x00000000e6500000| PB 0x00000000e6500000| Complete 
| 102|0x00000000e6600000, 0x00000000e6700000, 0x00000000e6700000|100%| S|CS|TAMS 0x00000000e6600000| PB 0x00000000e6600000| Complete 
| 103|0x00000000e6700000, 0x00000000e6700000, 0x00000000e6800000|  0%| F|  |TAMS 0x00000000e6700000| PB 0x00000000e6700000| Untracked 
| 104|0x00000000e6800000, 0x00000000e6800000, 0x00000000e6900000|  0%| F|  |TAMS 0x00000000e6800000| PB 0x00000000e6800000| Untracked 
| 105|0x00000000e6900000, 0x00000000e6900000, 0x00000000e6a00000|  0%| F|  |TAMS 0x00000000e6900000| PB 0x00000000e6900000| Untracked 
| 106|0x00000000e6a00000, 0x00000000e6a00000, 0x00000000e6b00000|  0%| F|  |TAMS 0x00000000e6a00000| PB 0x00000000e6a00000| Untracked 
| 107|0x00000000e6b00000, 0x00000000e6b00000, 0x00000000e6c00000|  0%| F|  |TAMS 0x00000000e6b00000| PB 0x00000000e6b00000| Untracked 
| 108|0x00000000e6c00000, 0x00000000e6c00000, 0x00000000e6d00000|  0%| F|  |TAMS 0x00000000e6c00000| PB 0x00000000e6c00000| Untracked 
| 109|0x00000000e6d00000, 0x00000000e6d00000, 0x00000000e6e00000|  0%| F|  |TAMS 0x00000000e6d00000| PB 0x00000000e6d00000| Untracked 
| 110|0x00000000e6e00000, 0x00000000e6e00000, 0x00000000e6f00000|  0%| F|  |TAMS 0x00000000e6e00000| PB 0x00000000e6e00000| Untracked 
| 111|0x00000000e6f00000, 0x00000000e6f00000, 0x00000000e7000000|  0%| F|  |TAMS 0x00000000e6f00000| PB 0x00000000e6f00000| Untracked 
| 112|0x00000000e7000000, 0x00000000e7000000, 0x00000000e7100000|  0%| F|  |TAMS 0x00000000e7000000| PB 0x00000000e7000000| Untracked 
| 113|0x00000000e7100000, 0x00000000e7100000, 0x00000000e7200000|  0%| F|  |TAMS 0x00000000e7100000| PB 0x00000000e7100000| Untracked 
| 114|0x00000000e7200000, 0x00000000e7200000, 0x00000000e7300000|  0%| F|  |TAMS 0x00000000e7200000| PB 0x00000000e7200000| Untracked 
| 115|0x00000000e7300000, 0x00000000e7300000, 0x00000000e7400000|  0%| F|  |TAMS 0x00000000e7300000| PB 0x00000000e7300000| Untracked 
| 116|0x00000000e7400000, 0x00000000e7400000, 0x00000000e7500000|  0%| F|  |TAMS 0x00000000e7400000| PB 0x00000000e7400000| Untracked 
| 117|0x00000000e7500000, 0x00000000e7500000, 0x00000000e7600000|  0%| F|  |TAMS 0x00000000e7500000| PB 0x00000000e7500000| Untracked 
| 118|0x00000000e7600000, 0x00000000e7600000, 0x00000000e7700000|  0%| F|  |TAMS 0x00000000e7600000| PB 0x00000000e7600000| Untracked 
| 119|0x00000000e7700000, 0x00000000e7700000, 0x00000000e7800000|  0%| F|  |TAMS 0x00000000e7700000| PB 0x00000000e7700000| Untracked 
| 120|0x00000000e7800000, 0x00000000e7800000, 0x00000000e7900000|  0%| F|  |TAMS 0x00000000e7800000| PB 0x00000000e7800000| Untracked 
| 121|0x00000000e7900000, 0x00000000e7900000, 0x00000000e7a00000|  0%| F|  |TAMS 0x00000000e7900000| PB 0x00000000e7900000| Untracked 
| 122|0x00000000e7a00000, 0x00000000e7a00000, 0x00000000e7b00000|  0%| F|  |TAMS 0x00000000e7a00000| PB 0x00000000e7a00000| Untracked 
| 123|0x00000000e7b00000, 0x00000000e7b00000, 0x00000000e7c00000|  0%| F|  |TAMS 0x00000000e7b00000| PB 0x00000000e7b00000| Untracked 
| 124|0x00000000e7c00000, 0x00000000e7c00000, 0x00000000e7d00000|  0%| F|  |TAMS 0x00000000e7c00000| PB 0x00000000e7c00000| Untracked 
| 125|0x00000000e7d00000, 0x00000000e7d00000, 0x00000000e7e00000|  0%| F|  |TAMS 0x00000000e7d00000| PB 0x00000000e7d00000| Untracked 
| 126|0x00000000e7e00000, 0x00000000e7e00000, 0x00000000e7f00000|  0%| F|  |TAMS 0x00000000e7e00000| PB 0x00000000e7e00000| Untracked 
| 127|0x00000000e7f00000, 0x00000000e7f00000, 0x00000000e8000000|  0%| F|  |TAMS 0x00000000e7f00000| PB 0x00000000e7f00000| Untracked 
| 128|0x00000000e8000000, 0x00000000e8000000, 0x00000000e8100000|  0%| F|  |TAMS 0x00000000e8000000| PB 0x00000000e8000000| Untracked 
| 129|0x00000000e8100000, 0x00000000e8100000, 0x00000000e8200000|  0%| F|  |TAMS 0x00000000e8100000| PB 0x00000000e8100000| Untracked 
| 130|0x00000000e8200000, 0x00000000e8200000, 0x00000000e8300000|  0%| F|  |TAMS 0x00000000e8200000| PB 0x00000000e8200000| Untracked 
| 131|0x00000000e8300000, 0x00000000e8300000, 0x00000000e8400000|  0%| F|  |TAMS 0x00000000e8300000| PB 0x00000000e8300000| Untracked 
| 132|0x00000000e8400000, 0x00000000e8400000, 0x00000000e8500000|  0%| F|  |TAMS 0x00000000e8400000| PB 0x00000000e8400000| Untracked 
| 133|0x00000000e8500000, 0x00000000e8500000, 0x00000000e8600000|  0%| F|  |TAMS 0x00000000e8500000| PB 0x00000000e8500000| Untracked 
| 134|0x00000000e8600000, 0x00000000e8600000, 0x00000000e8700000|  0%| F|  |TAMS 0x00000000e8600000| PB 0x00000000e8600000| Untracked 
| 135|0x00000000e8700000, 0x00000000e8700000, 0x00000000e8800000|  0%| F|  |TAMS 0x00000000e8700000| PB 0x00000000e8700000| Untracked 
| 136|0x00000000e8800000, 0x00000000e8800000, 0x00000000e8900000|  0%| F|  |TAMS 0x00000000e8800000| PB 0x00000000e8800000| Untracked 
| 137|0x00000000e8900000, 0x00000000e8900000, 0x00000000e8a00000|  0%| F|  |TAMS 0x00000000e8900000| PB 0x00000000e8900000| Untracked 
| 138|0x00000000e8a00000, 0x00000000e8a00000, 0x00000000e8b00000|  0%| F|  |TAMS 0x00000000e8a00000| PB 0x00000000e8a00000| Untracked 
| 139|0x00000000e8b00000, 0x00000000e8b00000, 0x00000000e8c00000|  0%| F|  |TAMS 0x00000000e8b00000| PB 0x00000000e8b00000| Untracked 
| 140|0x00000000e8c00000, 0x00000000e8c00000, 0x00000000e8d00000|  0%| F|  |TAMS 0x00000000e8c00000| PB 0x00000000e8c00000| Untracked 
| 141|0x00000000e8d00000, 0x00000000e8d00000, 0x00000000e8e00000|  0%| F|  |TAMS 0x00000000e8d00000| PB 0x00000000e8d00000| Untracked 
| 142|0x00000000e8e00000, 0x00000000e8e00000, 0x00000000e8f00000|  0%| F|  |TAMS 0x00000000e8e00000| PB 0x00000000e8e00000| Untracked 
| 143|0x00000000e8f00000, 0x00000000e8f00000, 0x00000000e9000000|  0%| F|  |TAMS 0x00000000e8f00000| PB 0x00000000e8f00000| Untracked 
| 144|0x00000000e9000000, 0x00000000e9000000, 0x00000000e9100000|  0%| F|  |TAMS 0x00000000e9000000| PB 0x00000000e9000000| Untracked 
| 145|0x00000000e9100000, 0x00000000e9100000, 0x00000000e9200000|  0%| F|  |TAMS 0x00000000e9100000| PB 0x00000000e9100000| Untracked 
| 146|0x00000000e9200000, 0x00000000e9200000, 0x00000000e9300000|  0%| F|  |TAMS 0x00000000e9200000| PB 0x00000000e9200000| Untracked 
| 147|0x00000000e9300000, 0x00000000e9300000, 0x00000000e9400000|  0%| F|  |TAMS 0x00000000e9300000| PB 0x00000000e9300000| Untracked 
| 148|0x00000000e9400000, 0x00000000e9400000, 0x00000000e9500000|  0%| F|  |TAMS 0x00000000e9400000| PB 0x00000000e9400000| Untracked 
| 149|0x00000000e9500000, 0x00000000e9500000, 0x00000000e9600000|  0%| F|  |TAMS 0x00000000e9500000| PB 0x00000000e9500000| Untracked 
| 150|0x00000000e9600000, 0x00000000e9600000, 0x00000000e9700000|  0%| F|  |TAMS 0x00000000e9600000| PB 0x00000000e9600000| Untracked 
| 151|0x00000000e9700000, 0x00000000e9700000, 0x00000000e9800000|  0%| F|  |TAMS 0x00000000e9700000| PB 0x00000000e9700000| Untracked 
| 152|0x00000000e9800000, 0x00000000e9800000, 0x00000000e9900000|  0%| F|  |TAMS 0x00000000e9800000| PB 0x00000000e9800000| Untracked 
| 153|0x00000000e9900000, 0x00000000e9900000, 0x00000000e9a00000|  0%| F|  |TAMS 0x00000000e9900000| PB 0x00000000e9900000| Untracked 
| 154|0x00000000e9a00000, 0x00000000e9a00000, 0x00000000e9b00000|  0%| F|  |TAMS 0x00000000e9a00000| PB 0x00000000e9a00000| Untracked 
| 155|0x00000000e9b00000, 0x00000000e9b00000, 0x00000000e9c00000|  0%| F|  |TAMS 0x00000000e9b00000| PB 0x00000000e9b00000| Untracked 
| 156|0x00000000e9c00000, 0x00000000e9c00000, 0x00000000e9d00000|  0%| F|  |TAMS 0x00000000e9c00000| PB 0x00000000e9c00000| Untracked 
| 157|0x00000000e9d00000, 0x00000000e9d00000, 0x00000000e9e00000|  0%| F|  |TAMS 0x00000000e9d00000| PB 0x00000000e9d00000| Untracked 
| 158|0x00000000e9e00000, 0x00000000e9e00000, 0x00000000e9f00000|  0%| F|  |TAMS 0x00000000e9e00000| PB 0x00000000e9e00000| Untracked 
| 159|0x00000000e9f00000, 0x00000000e9f00000, 0x00000000ea000000|  0%| F|  |TAMS 0x00000000e9f00000| PB 0x00000000e9f00000| Untracked 
| 160|0x00000000ea000000, 0x00000000ea000000, 0x00000000ea100000|  0%| F|  |TAMS 0x00000000ea000000| PB 0x00000000ea000000| Untracked 
| 161|0x00000000ea100000, 0x00000000ea100000, 0x00000000ea200000|  0%| F|  |TAMS 0x00000000ea100000| PB 0x00000000ea100000| Untracked 
| 162|0x00000000ea200000, 0x00000000ea200000, 0x00000000ea300000|  0%| F|  |TAMS 0x00000000ea200000| PB 0x00000000ea200000| Untracked 
| 163|0x00000000ea300000, 0x00000000ea300000, 0x00000000ea400000|  0%| F|  |TAMS 0x00000000ea300000| PB 0x00000000ea300000| Untracked 
| 164|0x00000000ea400000, 0x00000000ea400000, 0x00000000ea500000|  0%| F|  |TAMS 0x00000000ea400000| PB 0x00000000ea400000| Untracked 
| 165|0x00000000ea500000, 0x00000000ea500000, 0x00000000ea600000|  0%| F|  |TAMS 0x00000000ea500000| PB 0x00000000ea500000| Untracked 
| 166|0x00000000ea600000, 0x00000000ea600000, 0x00000000ea700000|  0%| F|  |TAMS 0x00000000ea600000| PB 0x00000000ea600000| Untracked 
| 167|0x00000000ea700000, 0x00000000ea700000, 0x00000000ea800000|  0%| F|  |TAMS 0x00000000ea700000| PB 0x00000000ea700000| Untracked 
| 168|0x00000000ea800000, 0x00000000ea800000, 0x00000000ea900000|  0%| F|  |TAMS 0x00000000ea800000| PB 0x00000000ea800000| Untracked 
| 169|0x00000000ea900000, 0x00000000ea900000, 0x00000000eaa00000|  0%| F|  |TAMS 0x00000000ea900000| PB 0x00000000ea900000| Untracked 
| 170|0x00000000eaa00000, 0x00000000eaa00000, 0x00000000eab00000|  0%| F|  |TAMS 0x00000000eaa00000| PB 0x00000000eaa00000| Untracked 
| 171|0x00000000eab00000, 0x00000000eab00000, 0x00000000eac00000|  0%| F|  |TAMS 0x00000000eab00000| PB 0x00000000eab00000| Untracked 
| 172|0x00000000eac00000, 0x00000000eac00000, 0x00000000ead00000|  0%| F|  |TAMS 0x00000000eac00000| PB 0x00000000eac00000| Untracked 
| 173|0x00000000ead00000, 0x00000000ead00000, 0x00000000eae00000|  0%| F|  |TAMS 0x00000000ead00000| PB 0x00000000ead00000| Untracked 
| 174|0x00000000eae00000, 0x00000000eae00000, 0x00000000eaf00000|  0%| F|  |TAMS 0x00000000eae00000| PB 0x00000000eae00000| Untracked 
| 175|0x00000000eaf00000, 0x00000000eaf00000, 0x00000000eb000000|  0%| F|  |TAMS 0x00000000eaf00000| PB 0x00000000eaf00000| Untracked 
| 176|0x00000000eb000000, 0x00000000eb000000, 0x00000000eb100000|  0%| F|  |TAMS 0x00000000eb000000| PB 0x00000000eb000000| Untracked 
| 177|0x00000000eb100000, 0x00000000eb100000, 0x00000000eb200000|  0%| F|  |TAMS 0x00000000eb100000| PB 0x00000000eb100000| Untracked 
| 178|0x00000000eb200000, 0x00000000eb200000, 0x00000000eb300000|  0%| F|  |TAMS 0x00000000eb200000| PB 0x00000000eb200000| Untracked 
| 179|0x00000000eb300000, 0x00000000eb300000, 0x00000000eb400000|  0%| F|  |TAMS 0x00000000eb300000| PB 0x00000000eb300000| Untracked 
| 180|0x00000000eb400000, 0x00000000eb400000, 0x00000000eb500000|  0%| F|  |TAMS 0x00000000eb400000| PB 0x00000000eb400000| Untracked 
| 181|0x00000000eb500000, 0x00000000eb500000, 0x00000000eb600000|  0%| F|  |TAMS 0x00000000eb500000| PB 0x00000000eb500000| Untracked 
| 182|0x00000000eb600000, 0x00000000eb600000, 0x00000000eb700000|  0%| F|  |TAMS 0x00000000eb600000| PB 0x00000000eb600000| Untracked 
| 183|0x00000000eb700000, 0x00000000eb700000, 0x00000000eb800000|  0%| F|  |TAMS 0x00000000eb700000| PB 0x00000000eb700000| Untracked 
| 184|0x00000000eb800000, 0x00000000eb800000, 0x00000000eb900000|  0%| F|  |TAMS 0x00000000eb800000| PB 0x00000000eb800000| Untracked 
| 185|0x00000000eb900000, 0x00000000eb900000, 0x00000000eba00000|  0%| F|  |TAMS 0x00000000eb900000| PB 0x00000000eb900000| Untracked 
| 186|0x00000000eba00000, 0x00000000eba00000, 0x00000000ebb00000|  0%| F|  |TAMS 0x00000000eba00000| PB 0x00000000eba00000| Untracked 
| 187|0x00000000ebb00000, 0x00000000ebb00000, 0x00000000ebc00000|  0%| F|  |TAMS 0x00000000ebb00000| PB 0x00000000ebb00000| Untracked 
| 188|0x00000000ebc00000, 0x00000000ebc00000, 0x00000000ebd00000|  0%| F|  |TAMS 0x00000000ebc00000| PB 0x00000000ebc00000| Untracked 
| 189|0x00000000ebd00000, 0x00000000ebd00000, 0x00000000ebe00000|  0%| F|  |TAMS 0x00000000ebd00000| PB 0x00000000ebd00000| Untracked 
| 190|0x00000000ebe00000, 0x00000000ebe00000, 0x00000000ebf00000|  0%| F|  |TAMS 0x00000000ebe00000| PB 0x00000000ebe00000| Untracked 
| 191|0x00000000ebf00000, 0x00000000ec000000, 0x00000000ec000000|100%| E|  |TAMS 0x00000000ebf00000| PB 0x00000000ebf00000| Complete 
| 192|0x00000000ec000000, 0x00000000ec100000, 0x00000000ec100000|100%| E|CS|TAMS 0x00000000ec000000| PB 0x00000000ec000000| Complete 
| 193|0x00000000ec100000, 0x00000000ec200000, 0x00000000ec200000|100%| E|CS|TAMS 0x00000000ec100000| PB 0x00000000ec100000| Complete 
| 194|0x00000000ec200000, 0x00000000ec300000, 0x00000000ec300000|100%| E|CS|TAMS 0x00000000ec200000| PB 0x00000000ec200000| Complete 
| 195|0x00000000ec300000, 0x00000000ec400000, 0x00000000ec400000|100%| E|CS|TAMS 0x00000000ec300000| PB 0x00000000ec300000| Complete 
| 196|0x00000000ec400000, 0x00000000ec500000, 0x00000000ec500000|100%| E|CS|TAMS 0x00000000ec400000| PB 0x00000000ec400000| Complete 
| 197|0x00000000ec500000, 0x00000000ec600000, 0x00000000ec600000|100%| E|CS|TAMS 0x00000000ec500000| PB 0x00000000ec500000| Complete 
| 198|0x00000000ec600000, 0x00000000ec700000, 0x00000000ec700000|100%| E|CS|TAMS 0x00000000ec600000| PB 0x00000000ec600000| Complete 
| 199|0x00000000ec700000, 0x00000000ec800000, 0x00000000ec800000|100%| E|CS|TAMS 0x00000000ec700000| PB 0x00000000ec700000| Complete 
| 200|0x00000000ec800000, 0x00000000ec900000, 0x00000000ec900000|100%| E|CS|TAMS 0x00000000ec800000| PB 0x00000000ec800000| Complete 
| 201|0x00000000ec900000, 0x00000000eca00000, 0x00000000eca00000|100%| E|CS|TAMS 0x00000000ec900000| PB 0x00000000ec900000| Complete 
| 202|0x00000000eca00000, 0x00000000ecb00000, 0x00000000ecb00000|100%| E|CS|TAMS 0x00000000eca00000| PB 0x00000000eca00000| Complete 
| 203|0x00000000ecb00000, 0x00000000ecc00000, 0x00000000ecc00000|100%| E|CS|TAMS 0x00000000ecb00000| PB 0x00000000ecb00000| Complete 
| 204|0x00000000ecc00000, 0x00000000ecd00000, 0x00000000ecd00000|100%| E|CS|TAMS 0x00000000ecc00000| PB 0x00000000ecc00000| Complete 
| 205|0x00000000ecd00000, 0x00000000ece00000, 0x00000000ece00000|100%| E|CS|TAMS 0x00000000ecd00000| PB 0x00000000ecd00000| Complete 
| 206|0x00000000ece00000, 0x00000000ecf00000, 0x00000000ecf00000|100%| E|CS|TAMS 0x00000000ece00000| PB 0x00000000ece00000| Complete 
| 207|0x00000000ecf00000, 0x00000000ed000000, 0x00000000ed000000|100%| E|CS|TAMS 0x00000000ecf00000| PB 0x00000000ecf00000| Complete 
| 208|0x00000000ed000000, 0x00000000ed100000, 0x00000000ed100000|100%| E|CS|TAMS 0x00000000ed000000| PB 0x00000000ed000000| Complete 
| 209|0x00000000ed100000, 0x00000000ed200000, 0x00000000ed200000|100%| E|CS|TAMS 0x00000000ed100000| PB 0x00000000ed100000| Complete 
| 210|0x00000000ed200000, 0x00000000ed300000, 0x00000000ed300000|100%| E|CS|TAMS 0x00000000ed200000| PB 0x00000000ed200000| Complete 
| 211|0x00000000ed300000, 0x00000000ed400000, 0x00000000ed400000|100%| E|CS|TAMS 0x00000000ed300000| PB 0x00000000ed300000| Complete 
| 212|0x00000000ed400000, 0x00000000ed500000, 0x00000000ed500000|100%| E|CS|TAMS 0x00000000ed400000| PB 0x00000000ed400000| Complete 
| 213|0x00000000ed500000, 0x00000000ed600000, 0x00000000ed600000|100%| E|CS|TAMS 0x00000000ed500000| PB 0x00000000ed500000| Complete 
| 214|0x00000000ed600000, 0x00000000ed700000, 0x00000000ed700000|100%| E|CS|TAMS 0x00000000ed600000| PB 0x00000000ed600000| Complete 
| 215|0x00000000ed700000, 0x00000000ed800000, 0x00000000ed800000|100%| E|CS|TAMS 0x00000000ed700000| PB 0x00000000ed700000| Complete 
| 216|0x00000000ed800000, 0x00000000ed900000, 0x00000000ed900000|100%| E|CS|TAMS 0x00000000ed800000| PB 0x00000000ed800000| Complete 
| 217|0x00000000ed900000, 0x00000000eda00000, 0x00000000eda00000|100%| E|CS|TAMS 0x00000000ed900000| PB 0x00000000ed900000| Complete 
| 218|0x00000000eda00000, 0x00000000edb00000, 0x00000000edb00000|100%| E|CS|TAMS 0x00000000eda00000| PB 0x00000000eda00000| Complete 
| 219|0x00000000edb00000, 0x00000000edc00000, 0x00000000edc00000|100%| E|CS|TAMS 0x00000000edb00000| PB 0x00000000edb00000| Complete 
| 220|0x00000000edc00000, 0x00000000edd00000, 0x00000000edd00000|100%| E|CS|TAMS 0x00000000edc00000| PB 0x00000000edc00000| Complete 
| 221|0x00000000edd00000, 0x00000000ede00000, 0x00000000ede00000|100%| E|CS|TAMS 0x00000000edd00000| PB 0x00000000edd00000| Complete 
| 222|0x00000000ede00000, 0x00000000edf00000, 0x00000000edf00000|100%| E|CS|TAMS 0x00000000ede00000| PB 0x00000000ede00000| Complete 
| 223|0x00000000edf00000, 0x00000000ee000000, 0x00000000ee000000|100%| E|CS|TAMS 0x00000000edf00000| PB 0x00000000edf00000| Complete 
| 224|0x00000000ee000000, 0x00000000ee100000, 0x00000000ee100000|100%| E|CS|TAMS 0x00000000ee000000| PB 0x00000000ee000000| Complete 
| 225|0x00000000ee100000, 0x00000000ee200000, 0x00000000ee200000|100%| E|CS|TAMS 0x00000000ee100000| PB 0x00000000ee100000| Complete 
| 226|0x00000000ee200000, 0x00000000ee300000, 0x00000000ee300000|100%| E|CS|TAMS 0x00000000ee200000| PB 0x00000000ee200000| Complete 
| 227|0x00000000ee300000, 0x00000000ee400000, 0x00000000ee400000|100%| E|CS|TAMS 0x00000000ee300000| PB 0x00000000ee300000| Complete 
| 228|0x00000000ee400000, 0x00000000ee500000, 0x00000000ee500000|100%| E|CS|TAMS 0x00000000ee400000| PB 0x00000000ee400000| Complete 
| 229|0x00000000ee500000, 0x00000000ee600000, 0x00000000ee600000|100%| E|CS|TAMS 0x00000000ee500000| PB 0x00000000ee500000| Complete 
| 230|0x00000000ee600000, 0x00000000ee700000, 0x00000000ee700000|100%| E|CS|TAMS 0x00000000ee600000| PB 0x00000000ee600000| Complete 
| 231|0x00000000ee700000, 0x00000000ee800000, 0x00000000ee800000|100%| E|CS|TAMS 0x00000000ee700000| PB 0x00000000ee700000| Complete 
| 232|0x00000000ee800000, 0x00000000ee900000, 0x00000000ee900000|100%| E|CS|TAMS 0x00000000ee800000| PB 0x00000000ee800000| Complete 
| 233|0x00000000ee900000, 0x00000000eea00000, 0x00000000eea00000|100%| E|CS|TAMS 0x00000000ee900000| PB 0x00000000ee900000| Complete 
| 234|0x00000000eea00000, 0x00000000eeb00000, 0x00000000eeb00000|100%| E|CS|TAMS 0x00000000eea00000| PB 0x00000000eea00000| Complete 
| 235|0x00000000eeb00000, 0x00000000eec00000, 0x00000000eec00000|100%| E|CS|TAMS 0x00000000eeb00000| PB 0x00000000eeb00000| Complete 
| 236|0x00000000eec00000, 0x00000000eed00000, 0x00000000eed00000|100%| E|CS|TAMS 0x00000000eec00000| PB 0x00000000eec00000| Complete 
| 237|0x00000000eed00000, 0x00000000eee00000, 0x00000000eee00000|100%| E|CS|TAMS 0x00000000eed00000| PB 0x00000000eed00000| Complete 
| 238|0x00000000eee00000, 0x00000000eef00000, 0x00000000eef00000|100%| E|CS|TAMS 0x00000000eee00000| PB 0x00000000eee00000| Complete 
| 239|0x00000000eef00000, 0x00000000ef000000, 0x00000000ef000000|100%| E|CS|TAMS 0x00000000eef00000| PB 0x00000000eef00000| Complete 
| 240|0x00000000ef000000, 0x00000000ef100000, 0x00000000ef100000|100%| E|CS|TAMS 0x00000000ef000000| PB 0x00000000ef000000| Complete 
| 241|0x00000000ef100000, 0x00000000ef200000, 0x00000000ef200000|100%| E|CS|TAMS 0x00000000ef100000| PB 0x00000000ef100000| Complete 
| 242|0x00000000ef200000, 0x00000000ef300000, 0x00000000ef300000|100%| E|CS|TAMS 0x00000000ef200000| PB 0x00000000ef200000| Complete 
| 243|0x00000000ef300000, 0x00000000ef400000, 0x00000000ef400000|100%| E|CS|TAMS 0x00000000ef300000| PB 0x00000000ef300000| Complete 
| 244|0x00000000ef400000, 0x00000000ef500000, 0x00000000ef500000|100%| E|CS|TAMS 0x00000000ef400000| PB 0x00000000ef400000| Complete 
| 245|0x00000000ef500000, 0x00000000ef600000, 0x00000000ef600000|100%| E|CS|TAMS 0x00000000ef500000| PB 0x00000000ef500000| Complete 
| 246|0x00000000ef600000, 0x00000000ef700000, 0x00000000ef700000|100%| E|CS|TAMS 0x00000000ef600000| PB 0x00000000ef600000| Complete 
| 247|0x00000000ef700000, 0x00000000ef800000, 0x00000000ef800000|100%| E|CS|TAMS 0x00000000ef700000| PB 0x00000000ef700000| Complete 
| 248|0x00000000ef800000, 0x00000000ef900000, 0x00000000ef900000|100%| E|CS|TAMS 0x00000000ef800000| PB 0x00000000ef800000| Complete 
| 249|0x00000000ef900000, 0x00000000efa00000, 0x00000000efa00000|100%| E|CS|TAMS 0x00000000ef900000| PB 0x00000000ef900000| Complete 
| 250|0x00000000efa00000, 0x00000000efb00000, 0x00000000efb00000|100%| E|CS|TAMS 0x00000000efa00000| PB 0x00000000efa00000| Complete 
| 251|0x00000000efb00000, 0x00000000efc00000, 0x00000000efc00000|100%| E|CS|TAMS 0x00000000efb00000| PB 0x00000000efb00000| Complete 
| 252|0x00000000efc00000, 0x00000000efd00000, 0x00000000efd00000|100%| E|CS|TAMS 0x00000000efc00000| PB 0x00000000efc00000| Complete 
| 253|0x00000000efd00000, 0x00000000efe00000, 0x00000000efe00000|100%| E|CS|TAMS 0x00000000efd00000| PB 0x00000000efd00000| Complete 
| 254|0x00000000efe00000, 0x00000000eff00000, 0x00000000eff00000|100%| E|CS|TAMS 0x00000000efe00000| PB 0x00000000efe00000| Complete 
| 255|0x00000000eff00000, 0x00000000f0000000, 0x00000000f0000000|100%| E|CS|TAMS 0x00000000eff00000| PB 0x00000000eff00000| Complete 

Card table byte_map: [0x000002151f180000,0x000002151f280000] _byte_map_base: 0x000002151ea80000

Marking Bits: (CMBitMap*) 0x000002150765c3c0
 Bits: [0x000002151f280000, 0x000002151fa80000)

Polling page: 0x00000215056d0000

Metaspace:

Usage:
  Non-class:     57.58 MB used.
      Class:      9.74 MB used.
       Both:     67.33 MB used.

Virtual space:
  Non-class space:       64.00 MB reserved,      58.75 MB ( 92%) committed,  1 nodes.
      Class space:      320.00 MB reserved,      10.88 MB (  3%) committed,  1 nodes.
             Both:      384.00 MB reserved,      69.62 MB ( 18%) committed. 

Chunk freelists:
   Non-Class:  4.53 MB
       Class:  5.12 MB
        Both:  9.66 MB

MaxMetaspaceSize: 384.00 MB
CompressedClassSpaceSize: 320.00 MB
Initial GC threshold: 21.00 MB
Current GC threshold: 100.62 MB
CDS: on
 - commit_granule_bytes: 65536.
 - commit_granule_words: 8192.
 - virtual_space_node_default_size: 8388608.
 - enlarge_chunks_in_place: 1.
 - use_allocation_guard: 0.


Internal statistics:

num_allocs_failed_limit: 18.
num_arena_births: 4356.
num_arena_deaths: 0.
num_vsnodes_births: 2.
num_vsnodes_deaths: 0.
num_space_committed: 1114.
num_space_uncommitted: 0.
num_chunks_returned_to_freelist: 18.
num_chunks_taken_from_freelist: 8006.
num_chunk_merges: 15.
num_chunk_splits: 5070.
num_chunks_enlarged: 2903.
num_inconsistent_stats: 0.

CodeHeap 'non-profiled nmethods': size=120000Kb used=6222Kb max_used=6222Kb free=113777Kb
 bounds [0x0000021517810000, 0x0000021517e30000, 0x000002151ed40000]
CodeHeap 'profiled nmethods': size=120000Kb used=20294Kb max_used=20294Kb free=99705Kb
 bounds [0x000002150fd40000, 0x0000021511120000, 0x0000021517270000]
CodeHeap 'non-nmethods': size=5760Kb used=1925Kb max_used=1987Kb free=3834Kb
 bounds [0x0000021517270000, 0x00000215174e0000, 0x0000021517810000]
CodeCache: size=245760Kb, used=28441Kb, max_used=28503Kb, free=217316Kb
 total_blobs=11040, nmethods=10249, adapters=695, full_count=0
Compilation: enabled, stopped_count=0, restarted_count=0

Compilation events (20 events):
Event: 13.165 Thread 0x0000021522518270 nmethod 10832 0x00000215110e1310 code [0x00000215110e14e0, 0x00000215110e17b0]
Event: 13.165 Thread 0x0000021522518270 10833   !   3       java.io.WinNTFileSystem::getLength (27 bytes)
Event: 13.165 Thread 0x0000021522518270 nmethod 10833 0x00000215110e1910 code [0x00000215110e1ae0, 0x00000215110e1d00]
Event: 13.168 Thread 0x0000021522515bc0 nmethod 10664 0x0000021517e1b190 code [0x0000021517e1b520, 0x0000021517e1cfe0]
Event: 13.168 Thread 0x0000021522515bc0 10831       4       sun.security.provider.MD5::implCompress (13 bytes)
Event: 13.169 Thread 0x0000021522515bc0 nmethod 10831 0x0000021517e1e110 code [0x0000021517e1e2a0, 0x0000021517e1e3e0]
Event: 13.169 Thread 0x0000021522515bc0 10654       4       org.gradle.internal.component.external.model.ExternalModuleDependencyMetadata::isConstraint (8 bytes)
Event: 13.169 Thread 0x0000021522518270 10834       3       org.gradle.api.internal.DelegatingDomainObjectSet::add (11 bytes)
Event: 13.170 Thread 0x0000021522518270 nmethod 10834 0x00000215110e1e90 code [0x00000215110e2040, 0x00000215110e2218]
Event: 13.170 Thread 0x0000021522515bc0 nmethod 10654 0x0000021517e1e510 code [0x0000021517e1e6a0, 0x0000021517e1e750]
Event: 13.170 Thread 0x0000021522515bc0 10690       4       org.gradle.api.internal.provider.ValueSanitizers$3::sanitize (2 bytes)
Event: 13.170 Thread 0x0000021522515bc0 nmethod 10690 0x0000021517e1e890 code [0x0000021517e1ea20, 0x0000021517e1eaa8]
Event: 13.170 Thread 0x0000021522515bc0 10817       4       com.google.common.cache.LocalCache$NullEntry::setNextInAccessQueue (1 bytes)
Event: 13.170 Thread 0x0000021522515bc0 nmethod 10817 0x0000021517e1eb90 code [0x0000021517e1ed20, 0x0000021517e1eda8]
Event: 13.170 Thread 0x0000021522515bc0 10818       4       com.google.common.cache.LocalCache$NullEntry::setPreviousInAccessQueue (1 bytes)
Event: 13.171 Thread 0x0000021522515bc0 nmethod 10818 0x0000021517e1ee90 code [0x0000021517e1f020, 0x0000021517e1f0a8]
Event: 13.183 Thread 0x0000021522518270 10835       3       com.google.common.collect.MapMakerInternalMap$StrongKeyWeakValueEntry::getValue (10 bytes)
Event: 13.183 Thread 0x0000021522518270 nmethod 10835 0x00000215110e2310 code [0x00000215110e24c0, 0x00000215110e2698]
Event: 13.390 Thread 0x0000021522518270 10836       3       javax.management.ObjectName::construct (1135 bytes)
Event: 13.436 Thread 0x0000021522518270 nmethod 10836 0x00000215110e2790 code [0x00000215110e2e40, 0x00000215110e6780]

GC Heap History (20 events):
Event: 0.550 GC heap before
{Heap before GC invocations=0 (full 0):
 garbage-first heap   total 262144K, used 26624K [0x00000000e0000000, 0x0000000100000000)
  region size 1024K, 23 young (23552K), 0 survivors (0K)
 Metaspace       used 3066K, committed 3264K, reserved 393216K
  class space    used 368K, committed 448K, reserved 327680K
}
Event: 0.556 GC heap after
{Heap after GC invocations=1 (full 0):
 garbage-first heap   total 262144K, used 11154K [0x00000000e0000000, 0x0000000100000000)
  region size 1024K, 3 young (3072K), 3 survivors (3072K)
 Metaspace       used 3066K, committed 3264K, reserved 393216K
  class space    used 368K, committed 448K, reserved 327680K
}
Event: 1.013 GC heap before
{Heap before GC invocations=1 (full 0):
 garbage-first heap   total 262144K, used 40850K [0x00000000e0000000, 0x0000000100000000)
  region size 1024K, 31 young (31744K), 3 survivors (3072K)
 Metaspace       used 4652K, committed 4864K, reserved 393216K
  class space    used 592K, committed 704K, reserved 327680K
}
Event: 1.017 GC heap after
{Heap after GC invocations=2 (full 0):
 garbage-first heap   total 262144K, used 16174K [0x00000000e0000000, 0x0000000100000000)
  region size 1024K, 4 young (4096K), 4 survivors (4096K)
 Metaspace       used 4652K, committed 4864K, reserved 393216K
  class space    used 592K, committed 704K, reserved 327680K
}
Event: 3.634 GC heap before
{Heap before GC invocations=2 (full 0):
 garbage-first heap   total 262144K, used 117550K [0x00000000e0000000, 0x0000000100000000)
  region size 1024K, 104 young (106496K), 4 survivors (4096K)
 Metaspace       used 20921K, committed 21504K, reserved 393216K
  class space    used 2973K, committed 3264K, reserved 327680K
}
Event: 3.642 GC heap after
{Heap after GC invocations=3 (full 0):
 garbage-first heap   total 262144K, used 24329K [0x00000000e0000000, 0x0000000100000000)
  region size 1024K, 12 young (12288K), 12 survivors (12288K)
 Metaspace       used 20921K, committed 21504K, reserved 393216K
  class space    used 2973K, committed 3264K, reserved 327680K
}
Event: 5.544 GC heap before
{Heap before GC invocations=4 (full 0):
 garbage-first heap   total 262144K, used 129801K [0x00000000e0000000, 0x0000000100000000)
  region size 1024K, 115 young (117760K), 12 survivors (12288K)
 Metaspace       used 34681K, committed 35968K, reserved 393216K
  class space    used 5026K, committed 5696K, reserved 327680K
}
Event: 5.558 GC heap after
{Heap after GC invocations=5 (full 0):
 garbage-first heap   total 262144K, used 32199K [0x00000000e0000000, 0x0000000100000000)
  region size 1024K, 16 young (16384K), 16 survivors (16384K)
 Metaspace       used 34681K, committed 35968K, reserved 393216K
  class space    used 5026K, committed 5696K, reserved 327680K
}
Event: 5.579 GC heap before
{Heap before GC invocations=5 (full 0):
 garbage-first heap   total 262144K, used 34247K [0x00000000e0000000, 0x0000000100000000)
  region size 1024K, 19 young (19456K), 16 survivors (16384K)
 Metaspace       used 34913K, committed 36288K, reserved 393216K
  class space    used 5066K, committed 5760K, reserved 327680K
}
Event: 5.587 GC heap after
{Heap after GC invocations=6 (full 0):
 garbage-first heap   total 262144K, used 32166K [0x00000000e0000000, 0x0000000100000000)
  region size 1024K, 8 young (8192K), 8 survivors (8192K)
 Metaspace       used 34913K, committed 36288K, reserved 393216K
  class space    used 5066K, committed 5760K, reserved 327680K
}
Event: 5.606 GC heap before
{Heap before GC invocations=6 (full 0):
 garbage-first heap   total 262144K, used 34214K [0x00000000e0000000, 0x0000000100000000)
  region size 1024K, 11 young (11264K), 8 survivors (8192K)
 Metaspace       used 35222K, committed 36608K, reserved 393216K
  class space    used 5108K, committed 5824K, reserved 327680K
}
Event: 5.611 GC heap after
{Heap after GC invocations=7 (full 0):
 garbage-first heap   total 262144K, used 32396K [0x00000000e0000000, 0x0000000100000000)
  region size 1024K, 9 young (9216K), 9 survivors (9216K)
 Metaspace       used 35222K, committed 36608K, reserved 393216K
  class space    used 5108K, committed 5824K, reserved 327680K
}
Event: 7.885 GC heap before
{Heap before GC invocations=8 (full 0):
 garbage-first heap   total 262144K, used 178828K [0x00000000e0000000, 0x0000000100000000)
  region size 1024K, 153 young (156672K), 9 survivors (9216K)
 Metaspace       used 51020K, committed 52992K, reserved 393216K
  class space    used 7464K, committed 8448K, reserved 327680K
}
Event: 7.899 GC heap after
{Heap after GC invocations=9 (full 0):
 garbage-first heap   total 262144K, used 42766K [0x00000000e0000000, 0x0000000100000000)
  region size 1024K, 19 young (19456K), 19 survivors (19456K)
 Metaspace       used 51020K, committed 52992K, reserved 393216K
  class space    used 7464K, committed 8448K, reserved 327680K
}
Event: 9.344 GC heap before
{Heap before GC invocations=9 (full 0):
 garbage-first heap   total 262144K, used 137998K [0x00000000e0000000, 0x0000000100000000)
  region size 1024K, 113 young (115712K), 19 survivors (19456K)
 Metaspace       used 59131K, committed 61248K, reserved 393216K
  class space    used 8769K, committed 9792K, reserved 327680K
}
Event: 9.370 GC heap after
{Heap after GC invocations=10 (full 0):
 garbage-first heap   total 262144K, used 48980K [0x00000000e0000000, 0x0000000100000000)
  region size 1024K, 7 young (7168K), 7 survivors (7168K)
 Metaspace       used 59131K, committed 61248K, reserved 393216K
  class space    used 8769K, committed 9792K, reserved 327680K
}
Event: 9.388 GC heap before
{Heap before GC invocations=10 (full 0):
 garbage-first heap   total 262144K, used 51028K [0x00000000e0000000, 0x0000000100000000)
  region size 1024K, 10 young (10240K), 7 survivors (7168K)
 Metaspace       used 59425K, committed 61568K, reserved 393216K
  class space    used 8806K, committed 9856K, reserved 327680K
}
Event: 9.398 GC heap after
{Heap after GC invocations=11 (full 0):
 garbage-first heap   total 262144K, used 48783K [0x00000000e0000000, 0x0000000100000000)
  region size 1024K, 7 young (7168K), 7 survivors (7168K)
 Metaspace       used 59425K, committed 61568K, reserved 393216K
  class space    used 8806K, committed 9856K, reserved 327680K
}
Event: 11.921 GC heap before
{Heap before GC invocations=12 (full 0):
 garbage-first heap   total 262144K, used 198287K [0x00000000e0000000, 0x0000000100000000)
  region size 1024K, 153 young (156672K), 7 survivors (7168K)
 Metaspace       used 67315K, committed 69632K, reserved 393216K
  class space    used 9787K, committed 10944K, reserved 327680K
}
Event: 11.930 GC heap after
{Heap after GC invocations=13 (full 0):
 garbage-first heap   total 262144K, used 55701K [0x00000000e0000000, 0x0000000100000000)
  region size 1024K, 14 young (14336K), 14 survivors (14336K)
 Metaspace       used 67315K, committed 69632K, reserved 393216K
  class space    used 9787K, committed 10944K, reserved 327680K
}

Dll operation events (15 events):
Event: 0.007 Loaded shared library C:\Users\engpr\AppData\Roaming\Code\User\globalStorage\pleiades.java-extension-pack-jdk\java\21\bin\java.dll
Event: 0.034 Loaded shared library C:\Users\engpr\AppData\Roaming\Code\User\globalStorage\pleiades.java-extension-pack-jdk\java\21\bin\jsvml.dll
Event: 0.065 Loaded shared library C:\Users\engpr\AppData\Roaming\Code\User\globalStorage\pleiades.java-extension-pack-jdk\java\21\bin\zip.dll
Event: 0.069 Loaded shared library C:\Users\engpr\AppData\Roaming\Code\User\globalStorage\pleiades.java-extension-pack-jdk\java\21\bin\instrument.dll
Event: 0.073 Loaded shared library C:\Users\engpr\AppData\Roaming\Code\User\globalStorage\pleiades.java-extension-pack-jdk\java\21\bin\net.dll
Event: 0.076 Loaded shared library C:\Users\engpr\AppData\Roaming\Code\User\globalStorage\pleiades.java-extension-pack-jdk\java\21\bin\nio.dll
Event: 0.079 Loaded shared library C:\Users\engpr\AppData\Roaming\Code\User\globalStorage\pleiades.java-extension-pack-jdk\java\21\bin\zip.dll
Event: 0.257 Loaded shared library C:\Users\engpr\AppData\Roaming\Code\User\globalStorage\pleiades.java-extension-pack-jdk\java\21\bin\jimage.dll
Event: 0.436 Loaded shared library C:\Users\engpr\AppData\Roaming\Code\User\globalStorage\pleiades.java-extension-pack-jdk\java\21\bin\verify.dll
Event: 0.466 Loaded shared library C:\Users\engpr\.gradle\native\660c5614fbf4a5f2a75b1949f50a0caf5cd603558e7d8a26e50b933a0cfb79d1\windows-amd64\native-platform.dll
Event: 0.476 Loaded shared library C:\Users\engpr\.gradle\native\0.2.8\x86_64-windows-gnu\gradle-fileevents.dll
Event: 1.340 Loaded shared library C:\Users\engpr\AppData\Roaming\Code\User\globalStorage\pleiades.java-extension-pack-jdk\java\21\bin\management.dll
Event: 1.347 Loaded shared library C:\Users\engpr\AppData\Roaming\Code\User\globalStorage\pleiades.java-extension-pack-jdk\java\21\bin\management_ext.dll
Event: 1.488 Loaded shared library C:\Users\engpr\AppData\Roaming\Code\User\globalStorage\pleiades.java-extension-pack-jdk\java\21\bin\extnet.dll
Event: 1.785 Loaded shared library C:\Users\engpr\AppData\Roaming\Code\User\globalStorage\pleiades.java-extension-pack-jdk\java\21\bin\sunmscapi.dll

Deoptimization events (20 events):
Event: 13.082 Thread 0x000002153e2fff90 Uncommon trap: trap_request=0xffffffc6 fr.pc=0x0000021517d9edb8 relative=0x0000000000000098
Event: 13.082 Thread 0x000002153e2fff90 Uncommon trap: reason=bimorphic_or_optimized_type_check action=maybe_recompile pc=0x0000021517d9edb8 method=com.google.common.collect.TransformedIterator.hasNext()Z @ 4 c2
Event: 13.082 Thread 0x000002153e2fff90 DEOPT PACKING pc=0x0000021517d9edb8 sp=0x000000b79f9f7ed0
Event: 13.082 Thread 0x000002153e2fff90 DEOPT UNPACKING pc=0x00000215172c4422 sp=0x000000b79f9f7e58 mode 2
Event: 13.082 Thread 0x000002153e2fff90 Uncommon trap: trap_request=0xffffffde fr.pc=0x0000021517d9dbd4 relative=0x0000000000000554
Event: 13.082 Thread 0x000002153e2fff90 Uncommon trap: reason=class_check action=maybe_recompile pc=0x0000021517d9dbd4 method=com.google.common.collect.TransformedIterator.next()Ljava/lang/Object; @ 5 c2
Event: 13.082 Thread 0x000002153e2fff90 DEOPT PACKING pc=0x0000021517d9dbd4 sp=0x000000b79f9f7ed0
Event: 13.082 Thread 0x000002153e2fff90 DEOPT UNPACKING pc=0x00000215172c4422 sp=0x000000b79f9f7ea0 mode 2
Event: 13.082 Thread 0x000002153e2fff90 Uncommon trap: trap_request=0xffffffde fr.pc=0x0000021517d9dbd4 relative=0x0000000000000554
Event: 13.082 Thread 0x000002153e2fff90 Uncommon trap: reason=class_check action=maybe_recompile pc=0x0000021517d9dbd4 method=com.google.common.collect.TransformedIterator.next()Ljava/lang/Object; @ 5 c2
Event: 13.082 Thread 0x000002153e2fff90 DEOPT PACKING pc=0x0000021517d9dbd4 sp=0x000000b79f9f7ed0
Event: 13.082 Thread 0x000002153e2fff90 DEOPT UNPACKING pc=0x00000215172c4422 sp=0x000000b79f9f7ea0 mode 2
Event: 13.082 Thread 0x000002153e2fff90 Uncommon trap: trap_request=0xffffffde fr.pc=0x0000021517d9dbd4 relative=0x0000000000000554
Event: 13.082 Thread 0x000002153e2fff90 Uncommon trap: reason=class_check action=maybe_recompile pc=0x0000021517d9dbd4 method=com.google.common.collect.TransformedIterator.next()Ljava/lang/Object; @ 5 c2
Event: 13.083 Thread 0x000002153e2fff90 DEOPT PACKING pc=0x0000021517d9dbd4 sp=0x000000b79f9f7ed0
Event: 13.083 Thread 0x000002153e2fff90 DEOPT UNPACKING pc=0x00000215172c4422 sp=0x000000b79f9f7ea0 mode 2
Event: 13.083 Thread 0x000002153e2fff90 Uncommon trap: trap_request=0xffffffde fr.pc=0x0000021517d9dbd4 relative=0x0000000000000554
Event: 13.083 Thread 0x000002153e2fff90 Uncommon trap: reason=class_check action=maybe_recompile pc=0x0000021517d9dbd4 method=com.google.common.collect.TransformedIterator.next()Ljava/lang/Object; @ 5 c2
Event: 13.083 Thread 0x000002153e2fff90 DEOPT PACKING pc=0x0000021517d9dbd4 sp=0x000000b79f9f7ed0
Event: 13.083 Thread 0x000002153e2fff90 DEOPT UNPACKING pc=0x00000215172c4422 sp=0x000000b79f9f7ea0 mode 2

Classes loaded (20 events):
Event: 12.400 Loading class java/util/logging/LogRecord
Event: 12.400 Loading class java/util/logging/LogRecord done
Event: 12.447 Loading class java/util/concurrent/ConcurrentLinkedQueue$Itr
Event: 12.448 Loading class java/util/concurrent/ConcurrentLinkedQueue$Itr done
Event: 12.471 Loading class java/lang/Throwable$PrintStreamOrWriter
Event: 12.471 Loading class java/lang/Throwable$PrintStreamOrWriter done
Event: 12.490 Loading class java/util/Collections$EmptyListIterator
Event: 12.490 Loading class java/util/Collections$EmptyListIterator done
Event: 12.497 Loading class java/io/CharArrayWriter
Event: 12.498 Loading class java/io/CharArrayWriter done
Event: 12.505 Loading class java/time/Instant$1
Event: 12.505 Loading class java/time/Instant$1 done
Event: 12.540 Loading class java/net/UrlDeserializedState
Event: 12.540 Loading class java/net/UrlDeserializedState done
Event: 12.541 Loading class java/net/Proxy
Event: 12.541 Loading class java/net/Proxy done
Event: 12.547 Loading class java/util/concurrent/CompletableFuture$AsyncRun
Event: 12.548 Loading class java/util/concurrent/CompletableFuture$AsyncRun done
Event: 12.832 Loading class jdk/internal/math/FormattedFPDecimal
Event: 12.832 Loading class jdk/internal/math/FormattedFPDecimal done

Classes unloaded (0 events):
No events

Classes redefined (0 events):
No events

Internal exceptions (20 events):
Event: 12.407 Thread 0x000002153e2fff90 Exception <a 'java/lang/IncompatibleClassChangeError'{0x00000000ee423f28}: Found class java.lang.Object, but interface was expected> (0x00000000ee423f28) 
thrown [s\src\hotspot\share\interpreter\linkResolver.cpp, line 840]
Event: 12.407 Thread 0x000002153e2fff90 Exception <a 'java/lang/NoSuchMethodError'{0x00000000ee428390}: 'void java.lang.invoke.DelegatingMethodHandle$Holder.reinvoke_L(java.lang.Object, java.lang.Object, java.lang.Object, int)'> (0x00000000ee428390) 
thrown [s\src\hotspot\share\interpreter\linkResolver.cpp, line 773]
Event: 12.410 Thread 0x000002153e2fff90 Exception <a 'sun/nio/fs/WindowsException'{0x00000000ee44d740}> (0x00000000ee44d740) 
thrown [s\src\hotspot\share\prims\jni.cpp, line 520]
Event: 12.422 Thread 0x000002153e2fff90 Exception <a 'java/lang/NoSuchMethodError'{0x00000000ee4be340}: 'void java.lang.invoke.DirectMethodHandle$Holder.invokeStatic(java.lang.Object, int, java.lang.Object)'> (0x00000000ee4be340) 
thrown [s\src\hotspot\share\interpreter\linkResolver.cpp, line 773]
Event: 12.443 Thread 0x000002153e2fff90 Exception <a 'java/lang/IncompatibleClassChangeError'{0x00000000ee3aa310}: Found class java.lang.Object, but interface was expected> (0x00000000ee3aa310) 
thrown [s\src\hotspot\share\interpreter\linkResolver.cpp, line 840]
Event: 12.445 Thread 0x000002153e2fff90 Exception <a 'java/lang/IncompatibleClassChangeError'{0x00000000ee3ab810}: Found class java.lang.Object, but interface was expected> (0x00000000ee3ab810) 
thrown [s\src\hotspot\share\interpreter\linkResolver.cpp, line 840]
Event: 12.464 Thread 0x000002153e2fd1a0 Exception <a 'java/lang/NoSuchMethodError'{0x00000000ee78d9e0}: static Lorg/gradle/internal/build/event/types/DefaultRootOperationDescriptor;.<clinit>()V> (0x00000000ee78d9e0) 
thrown [s\src\hotspot\share\prims\jni.cpp, line 1111]
Event: 12.465 Thread 0x000002153e2fff90 Exception <a 'java/lang/IncompatibleClassChangeError'{0x00000000ee191238}: Found class java.lang.Object, but interface was expected> (0x00000000ee191238) 
thrown [s\src\hotspot\share\interpreter\linkResolver.cpp, line 840]
Event: 12.539 Thread 0x000002153e35ac40 Exception <a 'java/lang/NoSuchMethodError'{0x00000000eddcee28}: static Lorg/gradle/internal/classloader/ClassLoaderSpec;.<clinit>()V> (0x00000000eddcee28) 
thrown [s\src\hotspot\share\prims\jni.cpp, line 1111]
Event: 12.540 Thread 0x000002153e35ac40 Exception <a 'java/lang/NoSuchMethodError'{0x00000000edddb130}: static Lorg/gradle/internal/classloader/VisitableURLClassLoader$Spec;.<clinit>()V> (0x00000000edddb130) 
thrown [s\src\hotspot\share\prims\jni.cpp, line 1111]
Event: 12.543 Thread 0x000002153e35ac40 Exception <a 'java/lang/NoSuchMethodError'{0x00000000eddf10e0}: static [Ljava/net/URL;.<clinit>()V> (0x00000000eddf10e0) 
thrown [s\src\hotspot\share\prims\jni.cpp, line 1111]
Event: 12.900 Thread 0x000002153e2fff90 Exception <a 'java/lang/ClassNotFoundException'{0x00000000ed8a8180}: init_3471hayvobw3pkzxns41xas01BeanInfo> (0x00000000ed8a8180) 
thrown [s\src\hotspot\share\classfile\systemDictionary.cpp, line 312]
Event: 12.900 Thread 0x000002153e2fff90 Exception <a 'java/lang/ClassNotFoundException'{0x00000000ed8af210}: init_3471hayvobw3pkzxns41xas01Customizer> (0x00000000ed8af210) 
thrown [s\src\hotspot\share\classfile\systemDictionary.cpp, line 312]
Event: 12.907 Thread 0x000002153e2fff90 Exception <a 'sun/nio/fs/WindowsException'{0x00000000ed77e678}> (0x00000000ed77e678) 
thrown [s\src\hotspot\share\prims\jni.cpp, line 520]
Event: 12.907 Thread 0x000002153e2fff90 Exception <a 'sun/nio/fs/WindowsException'{0x00000000ed77fe08}> (0x00000000ed77fe08) 
thrown [s\src\hotspot\share\prims\jni.cpp, line 520]
Event: 12.907 Thread 0x000002153e2fff90 Exception <a 'sun/nio/fs/WindowsException'{0x00000000ed781588}> (0x00000000ed781588) 
thrown [s\src\hotspot\share\prims\jni.cpp, line 520]
Event: 12.908 Thread 0x000002153e2fff90 Exception <a 'sun/nio/fs/WindowsException'{0x00000000ed782ce8}> (0x00000000ed782ce8) 
thrown [s\src\hotspot\share\prims\jni.cpp, line 520]
Event: 13.072 Thread 0x000002153e2fff90 Exception <a 'java/lang/NoClassDefFoundError'{0x00000000ecf0bfd8}: org/jetbrains/kotlin/gradle/plugin/KotlinPluginWrapper> (0x00000000ecf0bfd8) 
thrown [s\src\hotspot\share\oops\constantPool.cpp, line 873]
Event: 13.072 Thread 0x000002153e2fff90 Exception <a 'java/lang/NoClassDefFoundError'{0x00000000ecf0e690}: org/graalvm/buildtools/gradle/NativeImagePlugin> (0x00000000ecf0e690) 
thrown [s\src\hotspot\share\oops\constantPool.cpp, line 873]
Event: 13.072 Thread 0x000002153e2fff90 Exception <a 'java/lang/NoClassDefFoundError'{0x00000000ecf10d38}: org/cyclonedx/gradle/CyclonedxPlugin> (0x00000000ecf10d38) 
thrown [s\src\hotspot\share\oops\constantPool.cpp, line 873]

ZGC Phase Switch (0 events):
No events

VM Operations (20 events):
Event: 11.953 Executing VM operation: HandshakeAllThreads (Deoptimize)
Event: 11.954 Executing VM operation: HandshakeAllThreads (Deoptimize) done
Event: 11.960 Executing VM operation: HandshakeAllThreads (Deoptimize)
Event: 11.960 Executing VM operation: HandshakeAllThreads (Deoptimize) done
Event: 12.296 Executing VM operation: HandshakeAllThreads (Deoptimize)
Event: 12.296 Executing VM operation: HandshakeAllThreads (Deoptimize) done
Event: 12.298 Executing VM operation: HandshakeAllThreads (Deoptimize)
Event: 12.298 Executing VM operation: HandshakeAllThreads (Deoptimize) done
Event: 12.377 Executing VM operation: ICBufferFull
Event: 12.377 Executing VM operation: ICBufferFull done
Event: 12.422 Executing VM operation: HandshakeAllThreads (Deoptimize)
Event: 12.422 Executing VM operation: HandshakeAllThreads (Deoptimize) done
Event: 12.426 Executing VM operation: HandshakeAllThreads (Deoptimize)
Event: 12.426 Executing VM operation: HandshakeAllThreads (Deoptimize) done
Event: 12.470 Executing VM operation: HandshakeAllThreads (Deoptimize)
Event: 12.470 Executing VM operation: HandshakeAllThreads (Deoptimize) done
Event: 12.846 Executing VM operation: ICBufferFull
Event: 12.846 Executing VM operation: ICBufferFull done
Event: 12.994 Executing VM operation: ICBufferFull
Event: 12.994 Executing VM operation: ICBufferFull done

Memory protections (0 events):
No events

Nmethod flushes (20 events):
Event: 9.428 Thread 0x00000215224e9d20 flushing  nmethod 0x000002151007cc90
Event: 9.428 Thread 0x00000215224e9d20 flushing  nmethod 0x0000021510081210
Event: 9.428 Thread 0x00000215224e9d20 flushing  nmethod 0x00000215100d9e90
Event: 9.428 Thread 0x00000215224e9d20 flushing  nmethod 0x00000215101e5490
Event: 9.428 Thread 0x00000215224e9d20 flushing  nmethod 0x00000215101ea890
Event: 9.428 Thread 0x00000215224e9d20 flushing  nmethod 0x00000215102aa510
Event: 9.428 Thread 0x00000215224e9d20 flushing  nmethod 0x00000215102f2390
Event: 9.428 Thread 0x00000215224e9d20 flushing  nmethod 0x000002151032c590
Event: 9.428 Thread 0x00000215224e9d20 flushing  nmethod 0x000002150fdd3710
Event: 9.428 Thread 0x00000215224e9d20 flushing  nmethod 0x000002150fdd8e10
Event: 9.428 Thread 0x00000215224e9d20 flushing  nmethod 0x000002150fdd9210
Event: 9.428 Thread 0x00000215224e9d20 flushing  nmethod 0x000002150ff0da90
Event: 9.428 Thread 0x00000215224e9d20 flushing  nmethod 0x000002150ff0e910
Event: 9.428 Thread 0x00000215224e9d20 flushing  nmethod 0x000002150ff0f590
Event: 9.428 Thread 0x00000215224e9d20 flushing  nmethod 0x0000021510088d90
Event: 9.428 Thread 0x00000215224e9d20 flushing  nmethod 0x000002151011c010
Event: 9.428 Thread 0x00000215224e9d20 flushing  nmethod 0x000002151026a410
Event: 9.428 Thread 0x00000215224e9d20 flushing  nmethod 0x000002151030bf10
Event: 9.428 Thread 0x00000215224e9d20 flushing  nmethod 0x0000021510374c10
Event: 9.428 Thread 0x00000215224e9d20 flushing  nmethod 0x00000215103ca290

Events (20 events):
Event: 12.820 Thread 0x000002153e35ac40 Thread added: 0x000002153d4a4960
Event: 12.823 Thread 0x000002153e35ac40 Thread added: 0x000002153d4a2890
Event: 12.826 Thread 0x0000021540973680 Thread exited: 0x0000021540973680
Event: 12.831 Thread 0x000002153e2fff90 Thread added: 0x000002153d4a2f20
Event: 12.833 Thread 0x000002153e2fff90 Thread added: 0x000002153d4a42d0
Event: 12.834 Thread 0x000002153e2fff90 Thread added: 0x000002153d4a3c40
Event: 12.843 Thread 0x000002153e2fff90 Thread added: 0x000002153d4a4ff0
Event: 12.847 Thread 0x000002153e2fff90 Thread added: 0x000002153d4a5680
Event: 12.858 Thread 0x000002153e2fff90 Thread added: 0x000002153fce1900
Event: 12.865 Thread 0x000002153e2fff90 Thread added: 0x000002153fce2620
Event: 12.867 Thread 0x000002153e2fff90 Thread added: 0x000002153fcdf1a0
Event: 12.914 Thread 0x0000021522518270 Thread added: 0x0000021540973680
Event: 13.000 Thread 0x000002153e2fff90 Thread added: 0x000002153fce3340
Event: 13.000 Thread 0x000002153e2fff90 Thread added: 0x000002153fce0550
Event: 13.000 Thread 0x000002153e2fff90 Thread added: 0x000002153fce46f0
Event: 13.000 Thread 0x000002153e2fff90 Thread added: 0x000002153fce1270
Event: 13.000 Thread 0x000002153e2fff90 Thread added: 0x000002153fce4d80
Event: 13.001 Thread 0x000002153e2fff90 Thread added: 0x000002153f735ea0
Event: 13.001 Thread 0x000002153e2fff90 Thread added: 0x000002153f7330b0
Event: 13.038 Thread 0x000002153e2fff90 Thread added: 0x000002153f737f70


Dynamic libraries:
0x00007ff633ba0000 - 0x00007ff633bae000 	C:\Users\engpr\AppData\Roaming\Code\User\globalStorage\pleiades.java-extension-pack-jdk\java\21\bin\java.exe
0x00007ffbbc6e0000 - 0x00007ffbbc947000 	C:\WINDOWS\SYSTEM32\ntdll.dll
0x00007ffbbb060000 - 0x00007ffbbb129000 	C:\WINDOWS\System32\KERNEL32.DLL
0x00007ffbb8fb0000 - 0x00007ffbb93a4000 	C:\WINDOWS\System32\KERNELBASE.dll
0x00007ffbba320000 - 0x00007ffbba46b000 	C:\WINDOWS\System32\ucrtbase.dll
0x00007ffb7e6a0000 - 0x00007ffb7e6be000 	C:\Users\engpr\AppData\Roaming\Code\User\globalStorage\pleiades.java-extension-pack-jdk\java\21\bin\VCRUNTIME140.dll
0x00007ffb763c0000 - 0x00007ffb763d8000 	C:\Users\engpr\AppData\Roaming\Code\User\globalStorage\pleiades.java-extension-pack-jdk\java\21\bin\jli.dll
0x00007ffbbb5c0000 - 0x00007ffbbb785000 	C:\WINDOWS\System32\USER32.dll
0x00007ffbba180000 - 0x00007ffbba1a7000 	C:\WINDOWS\System32\win32u.dll
0x00007ffba5f30000 - 0x00007ffba61c3000 	C:\WINDOWS\WinSxS\amd64_microsoft.windows.common-controls_6595b64144ccf1df_6.0.26100.8115_none_3e075c82e3354f9c\COMCTL32.dll
0x00007ffbbab80000 - 0x00007ffbbabab000 	C:\WINDOWS\System32\GDI32.dll
0x00007ffbbbb30000 - 0x00007ffbbbbd9000 	C:\WINDOWS\System32\msvcrt.dll
0x00007ffbb95b0000 - 0x00007ffbb96da000 	C:\WINDOWS\System32\gdi32full.dll
0x00007ffbb9f50000 - 0x00007ffbb9ff3000 	C:\WINDOWS\System32\msvcp_win.dll
0x00007ffbbae50000 - 0x00007ffbbae82000 	C:\WINDOWS\System32\IMM32.DLL
0x00007ffba3720000 - 0x00007ffba372c000 	C:\Users\engpr\AppData\Roaming\Code\User\globalStorage\pleiades.java-extension-pack-jdk\java\21\bin\vcruntime140_1.dll
0x00007ffb684b0000 - 0x00007ffb6853d000 	C:\Users\engpr\AppData\Roaming\Code\User\globalStorage\pleiades.java-extension-pack-jdk\java\21\bin\msvcp140.dll
0x00007ffa978a0000 - 0x00007ffa98640000 	C:\Users\engpr\AppData\Roaming\Code\User\globalStorage\pleiades.java-extension-pack-jdk\java\21\bin\server\jvm.dll
0x00007ffbbae90000 - 0x00007ffbbaf46000 	C:\WINDOWS\System32\ADVAPI32.dll
0x00007ffbbbbe0000 - 0x00007ffbbbc87000 	C:\WINDOWS\System32\sechost.dll
0x00007ffbbaca0000 - 0x00007ffbbadb8000 	C:\WINDOWS\System32\RPCRT4.dll
0x00007ffbbadc0000 - 0x00007ffbbae40000 	C:\WINDOWS\System32\WS2_32.dll
0x00007ffbb1a40000 - 0x00007ffbb1a76000 	C:\WINDOWS\SYSTEM32\WINMM.dll
0x00007ffbb2b50000 - 0x00007ffbb2b5b000 	C:\WINDOWS\SYSTEM32\VERSION.dll
0x00007ffbb8e10000 - 0x00007ffbb8e6e000 	C:\WINDOWS\SYSTEM32\POWRPROF.dll
0x00007ffbb8df0000 - 0x00007ffbb8e04000 	C:\WINDOWS\SYSTEM32\UMPDC.dll
0x00007ffbb7d40000 - 0x00007ffbb7d5b000 	C:\WINDOWS\SYSTEM32\kernel.appcore.dll
0x00007ffb83af0000 - 0x00007ffb83afa000 	C:\Users\engpr\AppData\Roaming\Code\User\globalStorage\pleiades.java-extension-pack-jdk\java\21\bin\jimage.dll
0x00007ffbb6f10000 - 0x00007ffbb7152000 	C:\WINDOWS\SYSTEM32\DBGHELP.DLL
0x00007ffbba6f0000 - 0x00007ffbbaa72000 	C:\WINDOWS\System32\combase.dll
0x00007ffbbaaa0000 - 0x00007ffbbab77000 	C:\WINDOWS\System32\OLEAUT32.dll
0x00007ffba4970000 - 0x00007ffba49ab000 	C:\WINDOWS\SYSTEM32\dbgcore.DLL
0x00007ffbb9440000 - 0x00007ffbb94e5000 	C:\WINDOWS\System32\bcryptPrimitives.dll
0x00007ffb7e670000 - 0x00007ffb7e67f000 	C:\Users\engpr\AppData\Roaming\Code\User\globalStorage\pleiades.java-extension-pack-jdk\java\21\bin\instrument.dll
0x00007ffb741d0000 - 0x00007ffb741f0000 	C:\Users\engpr\AppData\Roaming\Code\User\globalStorage\pleiades.java-extension-pack-jdk\java\21\bin\java.dll
0x00007ffbbbf30000 - 0x00007ffbbc696000 	C:\WINDOWS\System32\SHELL32.dll
0x00007ffbba1b0000 - 0x00007ffbba31a000 	C:\WINDOWS\System32\wintypes.dll
0x00007ffbb96e0000 - 0x00007ffbb9f45000 	C:\WINDOWS\System32\windows.storage.dll
0x00007ffbbb8f0000 - 0x00007ffbbb9e7000 	C:\WINDOWS\System32\SHCORE.dll
0x00007ffbba680000 - 0x00007ffbba6e6000 	C:\WINDOWS\System32\shlwapi.dll
0x00007ffbb8ed0000 - 0x00007ffbb8ef9000 	C:\WINDOWS\SYSTEM32\profapi.dll
0x00007ffb5daa0000 - 0x00007ffb5db77000 	C:\Users\engpr\AppData\Roaming\Code\User\globalStorage\pleiades.java-extension-pack-jdk\java\21\bin\jsvml.dll
0x00007ffb73350000 - 0x00007ffb73368000 	C:\Users\engpr\AppData\Roaming\Code\User\globalStorage\pleiades.java-extension-pack-jdk\java\21\bin\zip.dll
0x00007ffb7baa0000 - 0x00007ffb7bab0000 	C:\Users\engpr\AppData\Roaming\Code\User\globalStorage\pleiades.java-extension-pack-jdk\java\21\bin\net.dll
0x00007ffbb2c70000 - 0x00007ffbb2d9d000 	C:\WINDOWS\SYSTEM32\WINHTTP.dll
0x00007ffbb82b0000 - 0x00007ffbb831c000 	C:\WINDOWS\system32\mswsock.dll
0x00007ffb73330000 - 0x00007ffb73346000 	C:\Users\engpr\AppData\Roaming\Code\User\globalStorage\pleiades.java-extension-pack-jdk\java\21\bin\nio.dll
0x00007ffb7b820000 - 0x00007ffb7b830000 	C:\Users\engpr\AppData\Roaming\Code\User\globalStorage\pleiades.java-extension-pack-jdk\java\21\bin\verify.dll
0x00007ffb6f460000 - 0x00007ffb6f487000 	C:\Users\engpr\.gradle\native\660c5614fbf4a5f2a75b1949f50a0caf5cd603558e7d8a26e50b933a0cfb79d1\windows-amd64\native-platform.dll
0x00007ffb55cf0000 - 0x00007ffb55d67000 	C:\Users\engpr\.gradle\native\0.2.8\x86_64-windows-gnu\gradle-fileevents.dll
0x00007ffb7b7b0000 - 0x00007ffb7b7ba000 	C:\Users\engpr\AppData\Roaming\Code\User\globalStorage\pleiades.java-extension-pack-jdk\java\21\bin\management.dll
0x00007ffb7b5d0000 - 0x00007ffb7b5dc000 	C:\Users\engpr\AppData\Roaming\Code\User\globalStorage\pleiades.java-extension-pack-jdk\java\21\bin\management_ext.dll
0x00007ffbba4d0000 - 0x00007ffbba4d8000 	C:\WINDOWS\System32\PSAPI.DLL
0x00007ffbb7700000 - 0x00007ffbb7732000 	C:\WINDOWS\SYSTEM32\IPHLPAPI.DLL
0x00007ffbbabb0000 - 0x00007ffbbabba000 	C:\WINDOWS\System32\NSI.dll
0x00007ffb79ef0000 - 0x00007ffb79ef9000 	C:\Users\engpr\AppData\Roaming\Code\User\globalStorage\pleiades.java-extension-pack-jdk\java\21\bin\extnet.dll
0x00007ffbb85a0000 - 0x00007ffbb85bb000 	C:\WINDOWS\SYSTEM32\CRYPTSP.dll
0x00007ffbb7ca0000 - 0x00007ffbb7cd9000 	C:\WINDOWS\system32\rsaenh.dll
0x00007ffbb8360000 - 0x00007ffbb8393000 	C:\WINDOWS\SYSTEM32\USERENV.dll
0x00007ffbb8ea0000 - 0x00007ffbb8eca000 	C:\WINDOWS\SYSTEM32\bcrypt.dll
0x00007ffbb8590000 - 0x00007ffbb859c000 	C:\WINDOWS\SYSTEM32\CRYPTBASE.dll
0x00007ffb766c0000 - 0x00007ffb766ce000 	C:\Users\engpr\AppData\Roaming\Code\User\globalStorage\pleiades.java-extension-pack-jdk\java\21\bin\sunmscapi.dll
0x00007ffbba000000 - 0x00007ffbba177000 	C:\WINDOWS\System32\CRYPT32.dll
0x00007ffbb87b0000 - 0x00007ffbb87e0000 	C:\WINDOWS\SYSTEM32\ncrypt.dll
0x00007ffbb8760000 - 0x00007ffbb879f000 	C:\WINDOWS\SYSTEM32\NTASN1.dll
0x00007ffba12f0000 - 0x00007ffba12f8000 	C:\WINDOWS\system32\wshunix.dll

JVMTI agents:
C:\Users\engpr\.gradle\wrapper\dists\gradle-9.4.1-bin\arn2x92ynaizyzdaamcbpbhtj\gradle-9.4.1\lib\agents\gradle-instrumentation-agent-9.4.1.jar path:C:\Users\engpr\AppData\Roaming\Code\User\globalStorage\pleiades.java-extension-pack-jdk\java\21\bin\instrument.dll, loaded, initialized, instrumentlib options:none

dbghelp: loaded successfully - version: 4.0.5 - missing functions: none
symbol engine: initialized successfully - sym options: 0x614 - pdb path: .;C:\Users\engpr\AppData\Roaming\Code\User\globalStorage\pleiades.java-extension-pack-jdk\java\21\bin;C:\WINDOWS\SYSTEM32;C:\WINDOWS\WinSxS\amd64_microsoft.windows.common-controls_6595b64144ccf1df_6.0.26100.8115_none_3e075c82e3354f9c;C:\Users\engpr\AppData\Roaming\Code\User\globalStorage\pleiades.java-extension-pack-jdk\java\21\bin\server;C:\Users\engpr\.gradle\native\660c5614fbf4a5f2a75b1949f50a0caf5cd603558e7d8a26e50b933a0cfb79d1\windows-amd64;C:\Users\engpr\.gradle\native\0.2.8\x86_64-windows-gnu

VM Arguments:
jvm_args: --add-opens=java.base/java.lang=ALL-UNNAMED --add-opens=java.base/java.lang.invoke=ALL-UNNAMED --add-opens=java.base/java.util=ALL-UNNAMED --add-opens=java.prefs/java.util.prefs=ALL-UNNAMED --add-exports=jdk.compiler/com.sun.tools.javac.api=ALL-UNNAMED --add-exports=jdk.compiler/com.sun.tools.javac.util=ALL-UNNAMED --add-opens=java.base/java.util=ALL-UNNAMED --add-opens=java.prefs/java.util.prefs=ALL-UNNAMED --add-opens=java.base/java.nio.charset=ALL-UNNAMED --add-opens=java.base/java.net=ALL-UNNAMED --add-opens=java.base/java.util.concurrent=ALL-UNNAMED --add-opens=java.base/java.util.concurrent.atomic=ALL-UNNAMED --add-opens=java.xml/javax.xml.namespace=ALL-UNNAMED --add-opens=java.base/java.time=ALL-UNNAMED -XX:MaxMetaspaceSize=384m -XX:+HeapDumpOnOutOfMemoryError -Xms256m -Xmx512m -Dfile.encoding=UTF-8 -Duser.country=IN -Duser.language=en -Duser.variant -javaagent:C:\Users\engpr\.gradle\wrapper\dists\gradle-9.4.1-bin\arn2x92ynaizyzdaamcbpbhtj\gradle-9.4.1\lib\agents\gradle-instrumentation-agent-9.4.1.jar 
java_command: org.gradle.launcher.daemon.bootstrap.GradleDaemon 9.4.1
java_class_path (initial): C:\Users\engpr\.gradle\wrapper\dists\gradle-9.4.1-bin\arn2x92ynaizyzdaamcbpbhtj\gradle-9.4.1\lib\gradle-daemon-main-9.4.1.jar
Launcher Type: SUN_STANDARD

[Global flags]
     intx CICompilerCount                          = 4                                         {product} {ergonomic}
   size_t CompressedClassSpaceSize                 = 335544320                                 {product} {ergonomic}
     uint ConcGCThreads                            = 2                                         {product} {ergonomic}
     uint G1ConcRefinementThreads                  = 8                                         {product} {ergonomic}
   size_t G1HeapRegionSize                         = 1048576                                   {product} {ergonomic}
    uintx GCDrainStackTargetSize                   = 64                                        {product} {ergonomic}
     bool HeapDumpOnOutOfMemoryError               = true                                   {manageable} {command line}
   size_t InitialHeapSize                          = 268435456                                 {product} {command line}
   size_t MarkStackSize                            = 4194304                                   {product} {ergonomic}
   size_t MaxHeapSize                              = 536870912                                 {product} {command line}
   size_t MaxMetaspaceSize                         = 402653184                                 {product} {command line}
   size_t MaxNewSize                               = 321912832                                 {product} {ergonomic}
   size_t MinHeapDeltaBytes                        = 1048576                                   {product} {ergonomic}
   size_t MinHeapSize                              = 268435456                                 {product} {command line}
    uintx NonNMethodCodeHeapSize                   = 5839372                                {pd product} {ergonomic}
    uintx NonProfiledCodeHeapSize                  = 122909434                              {pd product} {ergonomic}
    uintx ProfiledCodeHeapSize                     = 122909434                              {pd product} {ergonomic}
    uintx ReservedCodeCacheSize                    = 251658240                              {pd product} {ergonomic}
     bool SegmentedCodeCache                       = true                                      {product} {ergonomic}
   size_t SoftMaxHeapSize                          = 536870912                              {manageable} {ergonomic}
     bool UseCompressedOops                        = true                           {product lp64_product} {ergonomic}
     bool UseG1GC                                  = true                                      {product} {ergonomic}
     bool UseLargePagesIndividualAllocation        = false                                  {pd product} {ergonomic}

Logging:
Log output configuration:
 #0: stdout all=warning uptime,level,tags foldmultilines=false
 #1: stderr all=off uptime,level,tags foldmultilines=false

Release file:
IMPLEMENTOR="Eclipse Adoptium" 
IMPLEMENTOR_VERSION="Temurin-21.0.10+7" 
JAVA_RUNTIME_VERSION="21.0.10+7-LTS" 
JAVA_VERSION="21.0.10" 
JAVA_VERSION_DATE="2026-01-20" 
LIBC="default" 
MODULES="java.base java.compiler java.datatransfer java.xml java.prefs java.desktop java.instrument java.logging java.management java.security.sasl java.naming java.rmi java.management.rmi java.net.http java.scripting java.security.jgss java.transaction.xa java.sql java.sql.rowset java.xml.crypto java.se java.smartcardio jdk.accessibility jdk.internal.jvmstat jdk.attach jdk.charsets jdk.internal.opt jdk.zipfs jdk.compiler jdk.crypto.ec jdk.crypto.cryptoki jdk.crypto.mscapi jdk.dynalink jdk.internal.ed jdk.editpad jdk.hotspot.agent jdk.httpserver jdk.incubator.vector jdk.internal.le jdk.internal.vm.ci jdk.internal.vm.compiler jdk.internal.vm.compiler.management jdk.jartool jdk.javadoc jdk.jcmd jdk.management jdk.management.agent jdk.jconsole jdk.jdeps jdk.jdwp.agent jdk.jdi jdk.jfr jdk.jlink jdk.jpackage jdk.jshell jdk.jsobject jdk.jstatd jdk.localedata jdk.management.jfr jdk.naming.dns jdk.naming.rmi jdk.net jdk.nio.mapmode jdk.random jdk.sctp jdk.security.auth jdk.security.jgss jdk.unsupported jdk.unsupported.desktop jdk.xml.dom" 
OS_ARCH="x86_64" 
OS_NAME="Windows" 
SOURCE=".:git:a633eafe0fcc" 
BUILD_SOURCE="git:458965074606f027bd5afce2cfd5c1055dea0438"
BUILD_SOURCE_REPO="https://github.com/adoptium/temurin-build.git"
SOURCE_REPO="https://github.com/adoptium/jdk21u.git"
FULL_VERSION="21.0.10+7-LTS"
SEMANTIC_VERSION="21.0.10+7"
BUILD_INFO="OS: Windows Server 2022 Version: 10.0"
JVM_VARIANT="Hotspot"
JVM_VERSION="21.0.10+7-LTS"
IMAGE_TYPE="JDK"

Environment Variables:
JAVA_HOME=C:\Program Files\Java\jdk-21
PATH=C:\Users\engpr\AppData\Local\Programs\Microsoft VS Code;C:\Program Files\Microsoft\jdk-25.0.2.10-hotspot\bin;C:\oracle\dbhomeFree\dbhomeFree\bin;C:\WINDOWS\system32;C:\WINDOWS;C:\WINDOWS\System32\Wbem;C:\WINDOWS\System32\WindowsPowerShell\v1.0\;C:\WINDOWS\System32\OpenSSH\;C:\Program Files\MongoDB\Server\5.0\bin;C:\Drive_D\Software_Download\apache-maven-3.9.4\bin;C:\Program Files\Git\cmd;C:\ProgramData\chocolatey\bin;C:\Program Files\Microsoft\jdk-25.0.2.10-hotspot\\bin;%NVM_HOME%;%NVM_SYMLINK%;C:\Program Files\nodejs\;C:\Users\engpr\AppData\Local\Programs\Python\Python313\Scripts\;C:\Users\engpr\AppData\Local\Programs\Python\Python313\;C:\Users\engpr\AppData\Local\Microsoft\WindowsApps;C:\Program Files\JetBrains\IntelliJ IDEA Community Edition 2021.2.3\bin;C:\Drive_D\Software_Download\apache-maven-3.8.1\bin;C:\Drive_D\gradle-7.4\bin;C:\Users\engpr\software\k8s;C:\Users\engpr\AppData\Local\JetBrains\Toolbox\scripts;C:\Program Files\Git\mingw64\bin;C:\Drive_D\Software_Download\hadoop-env\spark_3_3_0_hadoop3\bin;C:\Drive_D\Software_Download\hadoop-env\hadoop_3_3_4\bin;C:\Drive_D\Software_Download\apache-jmeter-5.5\bin;C:\minikube;C:\Users\engpr\AppData\Local\Microsoft\WindowsApps;C:\Drive_D\Software_Download\apache-maven-3.9.4\bin;C:\Users\engpr\AppData\Local\Programs\Microsoft VS Code\bin;C:\Program Files\Java\jdk-21\bin;C:\sqlite;C:\oracle\dbhomeFree\bin;C:\Users\engpr\AppData\Local\nvm;C:\nvm4w\nodejs;C:\Users\engpr\AppData\Roaming\npm
USERNAME=engpr
OS=Windows_NT
PROCESSOR_IDENTIFIER=AMD64 Family 23 Model 96 Stepping 1, AuthenticAMD
TMP=C:\Users\engpr\AppData\Local\Temp
TEMP=C:\Users\engpr\AppData\Local\Temp




Periodic native trim disabled

---------------  S Y S T E M  ---------------

OS:
 Windows 11 , 64 bit Build 26100 (10.0.26100.8115)
OS uptime: 6 days 11:46 hours
Hyper-V role detected

CPU: total 8 (initial active 8) (8 cores per cpu, 1 threads per core) family 23 model 96 stepping 1 microcode 0x8600106, cx8, cmov, fxsr, mmx, 3dnowpref, sse, sse2, sse3, ssse3, sse4a, sse4.1, sse4.2, popcnt, lzcnt, tsc, tscinvbit, avx, avx2, aes, clmul, bmi1, bmi2, adx, sha, fma, vzeroupper, clflush, clflushopt, hv, rdtscp, rdpid, f16c
Processor Information for the first 8 processors :
  Max Mhz: 2000, Current Mhz: 2000, Mhz Limit: 2000

Memory: 4k page, system-wide physical 7599M (415M free)
TotalPageFile size 31151M (AvailPageFile size 4M)
current process WorkingSet (physical memory assigned to process): 449M, peak: 451M
current process commit charge ("private bytes"): 535M, peak: 538M

vm_info: OpenJDK 64-Bit Server VM (21.0.9+10-LTS) for windows-amd64 JRE (21.0.9+10-LTS), built on 2025-10-21T00:00:00Z by "admin" with unknown MS VC++:1942

END.
